#
# There is insufficient memory for the Java Runtime Environment to continue.
# Native memory allocation (malloc) failed to allocate 607856 bytes for Chunk::new
# Possible reasons:
#   The system is out of physical RAM or swap space
#   The process is running with CompressedOops enabled, and the Java Heap may be blocking the growth of the native heap
# Possible solutions:
#   Reduce memory load on the system
#   Increase physical memory or swap space
#   Check if swap backing store is full
#   Decrease Java heap size (-Xmx/-Xms)
#   Decrease number of Java threads
#   Decrease Java thread stack sizes (-Xss)
#   Set larger code cache with -XX:ReservedCodeCacheSize=
#   JVM is running with Unscaled Compressed Oops mode in which the Java heap is
#     placed in the first 4GB address space. The Java Heap base address is the
#     maximum limit for the native heap growth. Please use -XX:HeapBaseMinAddress
#     to set the Java Heap base and to place the Java Heap above 4GB virtual address.
# This output file may be truncated or incomplete.
#
#  Out of Memory Error (./src/hotspot/share/memory/arena.cpp:197), pid=9128, tid=8520
#
# JRE version: OpenJDK Runtime Environment (11.0.8+10) (build 11.0.8+10-b944.6842174)
# Java VM: OpenJDK 64-Bit Server VM (11.0.8+10-b944.6842174, mixed mode, tiered, compressed oops, g1 gc, windows-amd64)
# No core dump will be written. Minidumps are not enabled by default on client versions of Windows
#

---------------  S U M M A R Y ------------

Command Line: --add-opens=java.base/java.util=ALL-UNNAMED --add-opens=java.base/java.lang=ALL-UNNAMED --add-opens=java.base/java.lang.invoke=ALL-UNNAMED --add-opens=java.prefs/java.util.prefs=ALL-UNNAMED -Xmx1536m -Dfile.encoding=windows-1252 -Duser.country=US -Duser.language=en -Duser.variant org.gradle.launcher.daemon.bootstrap.GradleDaemon 6.5

Host: Intel(R) Core(TM) i5-4300M CPU @ 2.60GHz, 4 cores, 15G,  Windows 10 , 64 bit Build 19041 (10.0.19041.928)
Time: Wed May 26 00:47:11 2021 Pakistan Standard Time elapsed time: 5 seconds (0d 0h 0m 5s)

---------------  T H R E A D  ---------------

Current thread (0x0000019f3768b000):  JavaThread "C2 CompilerThread0" daemon [_thread_in_native, id=8520, stack(0x00000032e1200000,0x00000032e1300000)]


Current CompileTask:
C2:   5153 2014   !   4       java.lang.ClassLoader::loadClass (122 bytes)

Stack: [0x00000032e1200000,0x00000032e1300000]
Native frames: (J=compiled Java code, j=interpreted, Vv=VM code, C=native code)
V  [jvm.dll+0x5de50a]
V  [jvm.dll+0x7122f5]
V  [jvm.dll+0x71384d]
V  [jvm.dll+0x713f03]
V  [jvm.dll+0x23e728]
V  [jvm.dll+0xb899c]
V  [jvm.dll+0xb8e9c]
V  [jvm.dll+0x2b20e4]
V  [jvm.dll+0x502098]
V  [jvm.dll+0x1ff393]
V  [jvm.dll+0x1f917c]
V  [jvm.dll+0x1f685f]
V  [jvm.dll+0x17f32c]
V  [jvm.dll+0x205047]
V  [jvm.dll+0x203891]
V  [jvm.dll+0x6dad3f]
V  [jvm.dll+0x6d3895]
V  [jvm.dll+0x5dd4a6]
C  [ucrtbase.dll+0x21bb2]
C  [KERNEL32.DLL+0x17034]
C  [ntdll.dll+0x52651]


---------------  P R O C E S S  ---------------

Threads class SMR info:
_java_thread_list=0x0000019f394e5ab0, length=23, elements={
0x0000019f1de98800, 0x0000019f36df8000, 0x0000019f36dfe000, 0x0000019f37687800,
0x0000019f37689000, 0x0000019f3768b000, 0x0000019f37699000, 0x0000019f376a3000,
0x0000019f377ef000, 0x0000019f37807000, 0x0000019f390c7800, 0x0000019f3861e800,
0x0000019f39253000, 0x0000019f38d73800, 0x0000019f38d74800, 0x0000019f392d4800,
0x0000019f385f4800, 0x0000019f39523800, 0x0000019f39582800, 0x0000019f3907a800,
0x0000019f39a5c800, 0x0000019f39a5b000, 0x0000019f39a5a000
}

Java Threads: ( => current thread )
  0x0000019f1de98800 JavaThread "main" [_thread_blocked, id=4944, stack(0x00000032e0700000,0x00000032e0800000)]
  0x0000019f36df8000 JavaThread "Reference Handler" daemon [_thread_blocked, id=9396, stack(0x00000032e0e00000,0x00000032e0f00000)]
  0x0000019f36dfe000 JavaThread "Finalizer" daemon [_thread_blocked, id=19496, stack(0x00000032e0f00000,0x00000032e1000000)]
  0x0000019f37687800 JavaThread "Signal Dispatcher" daemon [_thread_blocked, id=7556, stack(0x00000032e1000000,0x00000032e1100000)]
  0x0000019f37689000 JavaThread "Attach Listener" daemon [_thread_blocked, id=14512, stack(0x00000032e1100000,0x00000032e1200000)]
=>0x0000019f3768b000 JavaThread "C2 CompilerThread0" daemon [_thread_in_native, id=8520, stack(0x00000032e1200000,0x00000032e1300000)]
  0x0000019f37699000 JavaThread "C1 CompilerThread0" daemon [_thread_blocked, id=19652, stack(0x00000032e1300000,0x00000032e1400000)]
  0x0000019f376a3000 JavaThread "Sweeper thread" daemon [_thread_blocked, id=12424, stack(0x00000032e1400000,0x00000032e1500000)]
  0x0000019f377ef000 JavaThread "Common-Cleaner" daemon [_thread_blocked, id=14560, stack(0x00000032e1500000,0x00000032e1600000)]
  0x0000019f37807000 JavaThread "Service Thread" daemon [_thread_blocked, id=15440, stack(0x00000032e1600000,0x00000032e1700000)]
  0x0000019f390c7800 JavaThread "Daemon health stats" [_thread_blocked, id=220, stack(0x00000032e1c00000,0x00000032e1d00000)]
  0x0000019f3861e800 JavaThread "Incoming local TCP Connector on port 60588" [_thread_in_native, id=8344, stack(0x00000032e1e00000,0x00000032e1f00000)]
  0x0000019f39253000 JavaThread "Daemon periodic checks" [_thread_blocked, id=6528, stack(0x00000032e2000000,0x00000032e2100000)]
  0x0000019f38d73800 JavaThread "Daemon" [_thread_blocked, id=1256, stack(0x00000032e2100000,0x00000032e2200000)]
  0x0000019f38d74800 JavaThread "Handler for socket connection from /127.0.0.1:60588 to /127.0.0.1:60589" [_thread_in_native, id=11292, stack(0x00000032e2200000,0x00000032e2300000)]
  0x0000019f392d4800 JavaThread "Cancel handler" [_thread_blocked, id=2072, stack(0x00000032e2300000,0x00000032e2400000)]
  0x0000019f385f4800 JavaThread "Daemon worker" [_thread_in_vm, id=2960, stack(0x00000032e2400000,0x00000032e2500000)]
  0x0000019f39523800 JavaThread "Asynchronous log dispatcher for DefaultDaemonConnection: socket connection from /127.0.0.1:60588 to /127.0.0.1:60589" [_thread_blocked, id=8124, stack(0x00000032e2500000,0x00000032e2600000)]
  0x0000019f39582800 JavaThread "Stdin handler" [_thread_blocked, id=20096, stack(0x00000032e2600000,0x00000032e2700000)]
  0x0000019f3907a800 JavaThread "Thread-8" [_thread_blocked, id=17956, stack(0x00000032e2700000,0x00000032e2800000)]
  0x0000019f39a5c800 JavaThread "Cache worker for journal cache (C:\Users\raja\.gradle\caches\journal-1)" [_thread_blocked, id=21128, stack(0x00000032e2800000,0x00000032e2900000)]
  0x0000019f39a5b000 JavaThread "File lock request listener" [_thread_in_native, id=20752, stack(0x00000032e2900000,0x00000032e2a00000)]
  0x0000019f39a5a000 JavaThread "Cache worker for file hash cache (C:\Users\raja\.gradle\caches\6.5\fileHashes)" [_thread_blocked, id=10060, stack(0x00000032e2a00000,0x00000032e2b00000)]

Other Threads:
  0x0000019f36df3800 VMThread "VM Thread" [stack: 0x00000032e0d00000,0x00000032e0e00000] [id=1792]
  0x0000019f37807800 WatcherThread [stack: 0x00000032e1700000,0x00000032e1800000] [id=17812]
  0x0000019f1deb1000 GCTaskThread "GC Thread#0" [stack: 0x00000032e0800000,0x00000032e0900000] [id=2752]
  0x0000019f37d07800 GCTaskThread "GC Thread#1" [stack: 0x00000032e1800000,0x00000032e1900000] [id=19604]
  0x0000019f37b1d800 GCTaskThread "GC Thread#2" [stack: 0x00000032e1900000,0x00000032e1a00000] [id=17700]
  0x0000019f37b1e000 GCTaskThread "GC Thread#3" [stack: 0x00000032e1a00000,0x00000032e1b00000] [id=2980]
  0x0000019f1ded8000 ConcurrentGCThread "G1 Main Marker" [stack: 0x00000032e0900000,0x00000032e0a00000] [id=10468]
  0x0000019f1deda000 ConcurrentGCThread "G1 Conc#0" [stack: 0x00000032e0a00000,0x00000032e0b00000] [id=18500]
  0x0000019f36c56800 ConcurrentGCThread "G1 Refine#0" [stack: 0x00000032e0b00000,0x00000032e0c00000] [id=20636]
  0x0000019f36c57800 ConcurrentGCThread "G1 Young RemSet Sampling" [stack: 0x00000032e0c00000,0x00000032e0d00000] [id=15488]

Threads with active compile tasks:
C2 CompilerThread0   5206 2014   !   4       java.lang.ClassLoader::loadClass (122 bytes)

VM state:not at safepoint (normal execution)

VM Mutex/Monitor currently owned by a thread: None

Heap address: 0x00000000a0000000, size: 1536 MB, Compressed Oops mode: 32-bit
Narrow klass base: 0x0000000000000000, Narrow klass shift: 3
Compressed class space size: 1073741824 Address: 0x0000000100000000

Heap:
 garbage-first heap   total 262144K, used 29443K [0x00000000a0000000, 0x0000000100000000)
  region size 1024K, 17 young (17408K), 3 survivors (3072K)
 Metaspace       used 21904K, capacity 22554K, committed 22656K, reserved 1069056K
  class space    used 2668K, capacity 2888K, committed 2944K, reserved 1048576K
Heap Regions: E=young(eden), S=young(survivor), O=old, HS=humongous(starts), HC=humongous(continues), CS=collection set, F=free, A=archive, TAMS=top-at-mark-start (previous, next)
|   0|0x00000000a0000000, 0x00000000a0100000, 0x00000000a0100000|100%| O|  |TAMS 0x00000000a0100000, 0x00000000a0000000| Untracked 
|   1|0x00000000a0100000, 0x00000000a0200000, 0x00000000a0200000|100%| O|  |TAMS 0x00000000a0200000, 0x00000000a0100000| Untracked 
|   2|0x00000000a0200000, 0x00000000a0300000, 0x00000000a0300000|100%| O|  |TAMS 0x00000000a0300000, 0x00000000a0200000| Untracked 
|   3|0x00000000a0300000, 0x00000000a0400000, 0x00000000a0400000|100%|HS|  |TAMS 0x00000000a0400000, 0x00000000a0300000| Complete 
|   4|0x00000000a0400000, 0x00000000a0500000, 0x00000000a0500000|100%|HC|  |TAMS 0x00000000a0500000, 0x00000000a0400000| Complete 
|   5|0x00000000a0500000, 0x00000000a0600000, 0x00000000a0600000|100%|HC|  |TAMS 0x00000000a0600000, 0x00000000a0500000| Complete 
|   6|0x00000000a0600000, 0x00000000a0700000, 0x00000000a0700000|100%| O|  |TAMS 0x00000000a0700000, 0x00000000a0600000| Untracked 
|   7|0x00000000a0700000, 0x00000000a0800000, 0x00000000a0800000|100%| O|  |TAMS 0x00000000a0800000, 0x00000000a0700000| Untracked 
|   8|0x00000000a0800000, 0x00000000a0900000, 0x00000000a0900000|100%| O|  |TAMS 0x00000000a0900000, 0x00000000a0800000| Untracked 
|   9|0x00000000a0900000, 0x00000000a0a00000, 0x00000000a0a00000|100%| O|  |TAMS 0x00000000a0a00000, 0x00000000a0900000| Untracked 
|  10|0x00000000a0a00000, 0x00000000a0b00000, 0x00000000a0b00000|100%| O|  |TAMS 0x00000000a0b00000, 0x00000000a0a00000| Untracked 
|  11|0x00000000a0b00000, 0x00000000a0c00000, 0x00000000a0c00000|100%| O|  |TAMS 0x00000000a0c00000, 0x00000000a0b00000| Untracked 
|  12|0x00000000a0c00000, 0x00000000a0cc0c00, 0x00000000a0d00000| 75%| O|  |TAMS 0x00000000a0cc0c00, 0x00000000a0c00000| Untracked 
|  13|0x00000000a0d00000, 0x00000000a0d00000, 0x00000000a0e00000|  0%| F|  |TAMS 0x00000000a0d00000, 0x00000000a0d00000| Untracked 
|  14|0x00000000a0e00000, 0x00000000a0e00000, 0x00000000a0f00000|  0%| F|  |TAMS 0x00000000a0e00000, 0x00000000a0e00000| Untracked 
|  15|0x00000000a0f00000, 0x00000000a0f00000, 0x00000000a1000000|  0%| F|  |TAMS 0x00000000a0f00000, 0x00000000a0f00000| Untracked 
|  16|0x00000000a1000000, 0x00000000a1000000, 0x00000000a1100000|  0%| F|  |TAMS 0x00000000a1000000, 0x00000000a1000000| Untracked 
|  17|0x00000000a1100000, 0x00000000a1100000, 0x00000000a1200000|  0%| F|  |TAMS 0x00000000a1100000, 0x00000000a1100000| Untracked 
|  18|0x00000000a1200000, 0x00000000a1200000, 0x00000000a1300000|  0%| F|  |TAMS 0x00000000a1200000, 0x00000000a1200000| Untracked 
|  19|0x00000000a1300000, 0x00000000a1300000, 0x00000000a1400000|  0%| F|  |TAMS 0x00000000a1300000, 0x00000000a1300000| Untracked 
|  20|0x00000000a1400000, 0x00000000a1400000, 0x00000000a1500000|  0%| F|  |TAMS 0x00000000a1400000, 0x00000000a1400000| Untracked 
|  21|0x00000000a1500000, 0x00000000a1500000, 0x00000000a1600000|  0%| F|  |TAMS 0x00000000a1500000, 0x00000000a1500000| Untracked 
|  22|0x00000000a1600000, 0x00000000a1600000, 0x00000000a1700000|  0%| F|  |TAMS 0x00000000a1600000, 0x00000000a1600000| Untracked 
|  23|0x00000000a1700000, 0x00000000a1700000, 0x00000000a1800000|  0%| F|  |TAMS 0x00000000a1700000, 0x00000000a1700000| Untracked 
|  24|0x00000000a1800000, 0x00000000a1800000, 0x00000000a1900000|  0%| F|  |TAMS 0x00000000a1800000, 0x00000000a1800000| Untracked 
|  25|0x00000000a1900000, 0x00000000a1900000, 0x00000000a1a00000|  0%| F|  |TAMS 0x00000000a1900000, 0x00000000a1900000| Untracked 
|  26|0x00000000a1a00000, 0x00000000a1a00000, 0x00000000a1b00000|  0%| F|  |TAMS 0x00000000a1a00000, 0x00000000a1a00000| Untracked 
|  27|0x00000000a1b00000, 0x00000000a1b00000, 0x00000000a1c00000|  0%| F|  |TAMS 0x00000000a1b00000, 0x00000000a1b00000| Untracked 
|  28|0x00000000a1c00000, 0x00000000a1c00000, 0x00000000a1d00000|  0%| F|  |TAMS 0x00000000a1c00000, 0x00000000a1c00000| Untracked 
|  29|0x00000000a1d00000, 0x00000000a1d00000, 0x00000000a1e00000|  0%| F|  |TAMS 0x00000000a1d00000, 0x00000000a1d00000| Untracked 
|  30|0x00000000a1e00000, 0x00000000a1e00000, 0x00000000a1f00000|  0%| F|  |TAMS 0x00000000a1e00000, 0x00000000a1e00000| Untracked 
|  31|0x00000000a1f00000, 0x00000000a1f00000, 0x00000000a2000000|  0%| F|  |TAMS 0x00000000a1f00000, 0x00000000a1f00000| Untracked 
|  32|0x00000000a2000000, 0x00000000a2000000, 0x00000000a2100000|  0%| F|  |TAMS 0x00000000a2000000, 0x00000000a2000000| Untracked 
|  33|0x00000000a2100000, 0x00000000a2100000, 0x00000000a2200000|  0%| F|  |TAMS 0x00000000a2100000, 0x00000000a2100000| Untracked 
|  34|0x00000000a2200000, 0x00000000a2200000, 0x00000000a2300000|  0%| F|  |TAMS 0x00000000a2200000, 0x00000000a2200000| Untracked 
|  35|0x00000000a2300000, 0x00000000a2300000, 0x00000000a2400000|  0%| F|  |TAMS 0x00000000a2300000, 0x00000000a2300000| Untracked 
|  36|0x00000000a2400000, 0x00000000a2400000, 0x00000000a2500000|  0%| F|  |TAMS 0x00000000a2400000, 0x00000000a2400000| Untracked 
|  37|0x00000000a2500000, 0x00000000a2500000, 0x00000000a2600000|  0%| F|  |TAMS 0x00000000a2500000, 0x00000000a2500000| Untracked 
|  38|0x00000000a2600000, 0x00000000a2600000, 0x00000000a2700000|  0%| F|  |TAMS 0x00000000a2600000, 0x00000000a2600000| Untracked 
|  39|0x00000000a2700000, 0x00000000a2700000, 0x00000000a2800000|  0%| F|  |TAMS 0x00000000a2700000, 0x00000000a2700000| Untracked 
|  40|0x00000000a2800000, 0x00000000a2800000, 0x00000000a2900000|  0%| F|  |TAMS 0x00000000a2800000, 0x00000000a2800000| Untracked 
|  41|0x00000000a2900000, 0x00000000a2900000, 0x00000000a2a00000|  0%| F|  |TAMS 0x00000000a2900000, 0x00000000a2900000| Untracked 
|  42|0x00000000a2a00000, 0x00000000a2a00000, 0x00000000a2b00000|  0%| F|  |TAMS 0x00000000a2a00000, 0x00000000a2a00000| Untracked 
|  43|0x00000000a2b00000, 0x00000000a2b00000, 0x00000000a2c00000|  0%| F|  |TAMS 0x00000000a2b00000, 0x00000000a2b00000| Untracked 
|  44|0x00000000a2c00000, 0x00000000a2c00000, 0x00000000a2d00000|  0%| F|  |TAMS 0x00000000a2c00000, 0x00000000a2c00000| Untracked 
|  45|0x00000000a2d00000, 0x00000000a2d00000, 0x00000000a2e00000|  0%| F|  |TAMS 0x00000000a2d00000, 0x00000000a2d00000| Untracked 
|  46|0x00000000a2e00000, 0x00000000a2e00000, 0x00000000a2f00000|  0%| F|  |TAMS 0x00000000a2e00000, 0x00000000a2e00000| Untracked 
|  47|0x00000000a2f00000, 0x00000000a2f00000, 0x00000000a3000000|  0%| F|  |TAMS 0x00000000a2f00000, 0x00000000a2f00000| Untracked 
|  48|0x00000000a3000000, 0x00000000a3000000, 0x00000000a3100000|  0%| F|  |TAMS 0x00000000a3000000, 0x00000000a3000000| Untracked 
|  49|0x00000000a3100000, 0x00000000a3100000, 0x00000000a3200000|  0%| F|  |TAMS 0x00000000a3100000, 0x00000000a3100000| Untracked 
|  50|0x00000000a3200000, 0x00000000a3200000, 0x00000000a3300000|  0%| F|  |TAMS 0x00000000a3200000, 0x00000000a3200000| Untracked 
|  51|0x00000000a3300000, 0x00000000a3300000, 0x00000000a3400000|  0%| F|  |TAMS 0x00000000a3300000, 0x00000000a3300000| Untracked 
|  52|0x00000000a3400000, 0x00000000a3400000, 0x00000000a3500000|  0%| F|  |TAMS 0x00000000a3400000, 0x00000000a3400000| Untracked 
|  53|0x00000000a3500000, 0x00000000a3500000, 0x00000000a3600000|  0%| F|  |TAMS 0x00000000a3500000, 0x00000000a3500000| Untracked 
|  54|0x00000000a3600000, 0x00000000a3600000, 0x00000000a3700000|  0%| F|  |TAMS 0x00000000a3600000, 0x00000000a3600000| Untracked 
|  55|0x00000000a3700000, 0x00000000a3700000, 0x00000000a3800000|  0%| F|  |TAMS 0x00000000a3700000, 0x00000000a3700000| Untracked 
|  56|0x00000000a3800000, 0x00000000a3800000, 0x00000000a3900000|  0%| F|  |TAMS 0x00000000a3800000, 0x00000000a3800000| Untracked 
|  57|0x00000000a3900000, 0x00000000a3900000, 0x00000000a3a00000|  0%| F|  |TAMS 0x00000000a3900000, 0x00000000a3900000| Untracked 
|  58|0x00000000a3a00000, 0x00000000a3a00000, 0x00000000a3b00000|  0%| F|  |TAMS 0x00000000a3a00000, 0x00000000a3a00000| Untracked 
|  59|0x00000000a3b00000, 0x00000000a3b00000, 0x00000000a3c00000|  0%| F|  |TAMS 0x00000000a3b00000, 0x00000000a3b00000| Untracked 
|  60|0x00000000a3c00000, 0x00000000a3c00000, 0x00000000a3d00000|  0%| F|  |TAMS 0x00000000a3c00000, 0x00000000a3c00000| Untracked 
|  61|0x00000000a3d00000, 0x00000000a3d00000, 0x00000000a3e00000|  0%| F|  |TAMS 0x00000000a3d00000, 0x00000000a3d00000| Untracked 
|  62|0x00000000a3e00000, 0x00000000a3e00000, 0x00000000a3f00000|  0%| F|  |TAMS 0x00000000a3e00000, 0x00000000a3e00000| Untracked 
|  63|0x00000000a3f00000, 0x00000000a3f00000, 0x00000000a4000000|  0%| F|  |TAMS 0x00000000a3f00000, 0x00000000a3f00000| Untracked 
|  64|0x00000000a4000000, 0x00000000a4000000, 0x00000000a4100000|  0%| F|  |TAMS 0x00000000a4000000, 0x00000000a4000000| Untracked 
|  65|0x00000000a4100000, 0x00000000a4100000, 0x00000000a4200000|  0%| F|  |TAMS 0x00000000a4100000, 0x00000000a4100000| Untracked 
|  66|0x00000000a4200000, 0x00000000a4200000, 0x00000000a4300000|  0%| F|  |TAMS 0x00000000a4200000, 0x00000000a4200000| Untracked 
|  67|0x00000000a4300000, 0x00000000a4300000, 0x00000000a4400000|  0%| F|  |TAMS 0x00000000a4300000, 0x00000000a4300000| Untracked 
|  68|0x00000000a4400000, 0x00000000a4400000, 0x00000000a4500000|  0%| F|  |TAMS 0x00000000a4400000, 0x00000000a4400000| Untracked 
|  69|0x00000000a4500000, 0x00000000a4500000, 0x00000000a4600000|  0%| F|  |TAMS 0x00000000a4500000, 0x00000000a4500000| Untracked 
|  70|0x00000000a4600000, 0x00000000a4600000, 0x00000000a4700000|  0%| F|  |TAMS 0x00000000a4600000, 0x00000000a4600000| Untracked 
|  71|0x00000000a4700000, 0x00000000a4700000, 0x00000000a4800000|  0%| F|  |TAMS 0x00000000a4700000, 0x00000000a4700000| Untracked 
|  72|0x00000000a4800000, 0x00000000a4800000, 0x00000000a4900000|  0%| F|  |TAMS 0x00000000a4800000, 0x00000000a4800000| Untracked 
|  73|0x00000000a4900000, 0x00000000a4900000, 0x00000000a4a00000|  0%| F|  |TAMS 0x00000000a4900000, 0x00000000a4900000| Untracked 
|  74|0x00000000a4a00000, 0x00000000a4a00000, 0x00000000a4b00000|  0%| F|  |TAMS 0x00000000a4a00000, 0x00000000a4a00000| Untracked 
|  75|0x00000000a4b00000, 0x00000000a4b00000, 0x00000000a4c00000|  0%| F|  |TAMS 0x00000000a4b00000, 0x00000000a4b00000| Untracked 
|  76|0x00000000a4c00000, 0x00000000a4c00000, 0x00000000a4d00000|  0%| F|  |TAMS 0x00000000a4c00000, 0x00000000a4c00000| Untracked 
|  77|0x00000000a4d00000, 0x00000000a4d00000, 0x00000000a4e00000|  0%| F|  |TAMS 0x00000000a4d00000, 0x00000000a4d00000| Untracked 
|  78|0x00000000a4e00000, 0x00000000a4e00000, 0x00000000a4f00000|  0%| F|  |TAMS 0x00000000a4e00000, 0x00000000a4e00000| Untracked 
|  79|0x00000000a4f00000, 0x00000000a4f00000, 0x00000000a5000000|  0%| F|  |TAMS 0x00000000a4f00000, 0x00000000a4f00000| Untracked 
|  80|0x00000000a5000000, 0x00000000a5000000, 0x00000000a5100000|  0%| F|  |TAMS 0x00000000a5000000, 0x00000000a5000000| Untracked 
|  81|0x00000000a5100000, 0x00000000a5100000, 0x00000000a5200000|  0%| F|  |TAMS 0x00000000a5100000, 0x00000000a5100000| Untracked 
|  82|0x00000000a5200000, 0x00000000a5200000, 0x00000000a5300000|  0%| F|  |TAMS 0x00000000a5200000, 0x00000000a5200000| Untracked 
|  83|0x00000000a5300000, 0x00000000a5300000, 0x00000000a5400000|  0%| F|  |TAMS 0x00000000a5300000, 0x00000000a5300000| Untracked 
|  84|0x00000000a5400000, 0x00000000a5400000, 0x00000000a5500000|  0%| F|  |TAMS 0x00000000a5400000, 0x00000000a5400000| Untracked 
|  85|0x00000000a5500000, 0x00000000a5500000, 0x00000000a5600000|  0%| F|  |TAMS 0x00000000a5500000, 0x00000000a5500000| Untracked 
|  86|0x00000000a5600000, 0x00000000a5600000, 0x00000000a5700000|  0%| F|  |TAMS 0x00000000a5600000, 0x00000000a5600000| Untracked 
|  87|0x00000000a5700000, 0x00000000a5700000, 0x00000000a5800000|  0%| F|  |TAMS 0x00000000a5700000, 0x00000000a5700000| Untracked 
|  88|0x00000000a5800000, 0x00000000a5800000, 0x00000000a5900000|  0%| F|  |TAMS 0x00000000a5800000, 0x00000000a5800000| Untracked 
|  89|0x00000000a5900000, 0x00000000a5900000, 0x00000000a5a00000|  0%| F|  |TAMS 0x00000000a5900000, 0x00000000a5900000| Untracked 
|  90|0x00000000a5a00000, 0x00000000a5a00000, 0x00000000a5b00000|  0%| F|  |TAMS 0x00000000a5a00000, 0x00000000a5a00000| Untracked 
|  91|0x00000000a5b00000, 0x00000000a5b00000, 0x00000000a5c00000|  0%| F|  |TAMS 0x00000000a5b00000, 0x00000000a5b00000| Untracked 
|  92|0x00000000a5c00000, 0x00000000a5c00000, 0x00000000a5d00000|  0%| F|  |TAMS 0x00000000a5c00000, 0x00000000a5c00000| Untracked 
|  93|0x00000000a5d00000, 0x00000000a5d00000, 0x00000000a5e00000|  0%| F|  |TAMS 0x00000000a5d00000, 0x00000000a5d00000| Untracked 
|  94|0x00000000a5e00000, 0x00000000a5e00000, 0x00000000a5f00000|  0%| F|  |TAMS 0x00000000a5e00000, 0x00000000a5e00000| Untracked 
|  95|0x00000000a5f00000, 0x00000000a5f00000, 0x00000000a6000000|  0%| F|  |TAMS 0x00000000a5f00000, 0x00000000a5f00000| Untracked 
|  96|0x00000000a6000000, 0x00000000a6000000, 0x00000000a6100000|  0%| F|  |TAMS 0x00000000a6000000, 0x00000000a6000000| Untracked 
|  97|0x00000000a6100000, 0x00000000a6100000, 0x00000000a6200000|  0%| F|  |TAMS 0x00000000a6100000, 0x00000000a6100000| Untracked 
|  98|0x00000000a6200000, 0x00000000a6200000, 0x00000000a6300000|  0%| F|  |TAMS 0x00000000a6200000, 0x00000000a6200000| Untracked 
|  99|0x00000000a6300000, 0x00000000a6300000, 0x00000000a6400000|  0%| F|  |TAMS 0x00000000a6300000, 0x00000000a6300000| Untracked 
| 100|0x00000000a6400000, 0x00000000a6400000, 0x00000000a6500000|  0%| F|  |TAMS 0x00000000a6400000, 0x00000000a6400000| Untracked 
| 101|0x00000000a6500000, 0x00000000a6500000, 0x00000000a6600000|  0%| F|  |TAMS 0x00000000a6500000, 0x00000000a6500000| Untracked 
| 102|0x00000000a6600000, 0x00000000a6600000, 0x00000000a6700000|  0%| F|  |TAMS 0x00000000a6600000, 0x00000000a6600000| Untracked 
| 103|0x00000000a6700000, 0x00000000a6700000, 0x00000000a6800000|  0%| F|  |TAMS 0x00000000a6700000, 0x00000000a6700000| Untracked 
| 104|0x00000000a6800000, 0x00000000a6800000, 0x00000000a6900000|  0%| F|  |TAMS 0x00000000a6800000, 0x00000000a6800000| Untracked 
| 105|0x00000000a6900000, 0x00000000a6900000, 0x00000000a6a00000|  0%| F|  |TAMS 0x00000000a6900000, 0x00000000a6900000| Untracked 
| 106|0x00000000a6a00000, 0x00000000a6a00000, 0x00000000a6b00000|  0%| F|  |TAMS 0x00000000a6a00000, 0x00000000a6a00000| Untracked 
| 107|0x00000000a6b00000, 0x00000000a6b00000, 0x00000000a6c00000|  0%| F|  |TAMS 0x00000000a6b00000, 0x00000000a6b00000| Untracked 
| 108|0x00000000a6c00000, 0x00000000a6c00000, 0x00000000a6d00000|  0%| F|  |TAMS 0x00000000a6c00000, 0x00000000a6c00000| Untracked 
| 109|0x00000000a6d00000, 0x00000000a6d00000, 0x00000000a6e00000|  0%| F|  |TAMS 0x00000000a6d00000, 0x00000000a6d00000| Untracked 
| 110|0x00000000a6e00000, 0x00000000a6e00000, 0x00000000a6f00000|  0%| F|  |TAMS 0x00000000a6e00000, 0x00000000a6e00000| Untracked 
| 111|0x00000000a6f00000, 0x00000000a6f00000, 0x00000000a7000000|  0%| F|  |TAMS 0x00000000a6f00000, 0x00000000a6f00000| Untracked 
| 112|0x00000000a7000000, 0x00000000a7000000, 0x00000000a7100000|  0%| F|  |TAMS 0x00000000a7000000, 0x00000000a7000000| Untracked 
| 113|0x00000000a7100000, 0x00000000a7100000, 0x00000000a7200000|  0%| F|  |TAMS 0x00000000a7100000, 0x00000000a7100000| Untracked 
| 114|0x00000000a7200000, 0x00000000a7200000, 0x00000000a7300000|  0%| F|  |TAMS 0x00000000a7200000, 0x00000000a7200000| Untracked 
| 115|0x00000000a7300000, 0x00000000a7300000, 0x00000000a7400000|  0%| F|  |TAMS 0x00000000a7300000, 0x00000000a7300000| Untracked 
| 116|0x00000000a7400000, 0x00000000a7400000, 0x00000000a7500000|  0%| F|  |TAMS 0x00000000a7400000, 0x00000000a7400000| Untracked 
| 117|0x00000000a7500000, 0x00000000a7500000, 0x00000000a7600000|  0%| F|  |TAMS 0x00000000a7500000, 0x00000000a7500000| Untracked 
| 118|0x00000000a7600000, 0x00000000a7600000, 0x00000000a7700000|  0%| F|  |TAMS 0x00000000a7600000, 0x00000000a7600000| Untracked 
| 119|0x00000000a7700000, 0x00000000a7700000, 0x00000000a7800000|  0%| F|  |TAMS 0x00000000a7700000, 0x00000000a7700000| Untracked 
| 120|0x00000000a7800000, 0x00000000a7800000, 0x00000000a7900000|  0%| F|  |TAMS 0x00000000a7800000, 0x00000000a7800000| Untracked 
| 121|0x00000000a7900000, 0x00000000a7900000, 0x00000000a7a00000|  0%| F|  |TAMS 0x00000000a7900000, 0x00000000a7900000| Untracked 
| 122|0x00000000a7a00000, 0x00000000a7a00000, 0x00000000a7b00000|  0%| F|  |TAMS 0x00000000a7a00000, 0x00000000a7a00000| Untracked 
| 123|0x00000000a7b00000, 0x00000000a7b00000, 0x00000000a7c00000|  0%| F|  |TAMS 0x00000000a7b00000, 0x00000000a7b00000| Untracked 
| 124|0x00000000a7c00000, 0x00000000a7c00000, 0x00000000a7d00000|  0%| F|  |TAMS 0x00000000a7c00000, 0x00000000a7c00000| Untracked 
| 125|0x00000000a7d00000, 0x00000000a7d00000, 0x00000000a7e00000|  0%| F|  |TAMS 0x00000000a7d00000, 0x00000000a7d00000| Untracked 
| 126|0x00000000a7e00000, 0x00000000a7e00000, 0x00000000a7f00000|  0%| F|  |TAMS 0x00000000a7e00000, 0x00000000a7e00000| Untracked 
| 127|0x00000000a7f00000, 0x00000000a7f00000, 0x00000000a8000000|  0%| F|  |TAMS 0x00000000a7f00000, 0x00000000a7f00000| Untracked 
| 128|0x00000000a8000000, 0x00000000a8000000, 0x00000000a8100000|  0%| F|  |TAMS 0x00000000a8000000, 0x00000000a8000000| Untracked 
| 129|0x00000000a8100000, 0x00000000a8100000, 0x00000000a8200000|  0%| F|  |TAMS 0x00000000a8100000, 0x00000000a8100000| Untracked 
| 130|0x00000000a8200000, 0x00000000a8200000, 0x00000000a8300000|  0%| F|  |TAMS 0x00000000a8200000, 0x00000000a8200000| Untracked 
| 131|0x00000000a8300000, 0x00000000a8300000, 0x00000000a8400000|  0%| F|  |TAMS 0x00000000a8300000, 0x00000000a8300000| Untracked 
| 132|0x00000000a8400000, 0x00000000a8400000, 0x00000000a8500000|  0%| F|  |TAMS 0x00000000a8400000, 0x00000000a8400000| Untracked 
| 133|0x00000000a8500000, 0x00000000a8500000, 0x00000000a8600000|  0%| F|  |TAMS 0x00000000a8500000, 0x00000000a8500000| Untracked 
| 134|0x00000000a8600000, 0x00000000a8600000, 0x00000000a8700000|  0%| F|  |TAMS 0x00000000a8600000, 0x00000000a8600000| Untracked 
| 135|0x00000000a8700000, 0x00000000a8700000, 0x00000000a8800000|  0%| F|  |TAMS 0x00000000a8700000, 0x00000000a8700000| Untracked 
| 136|0x00000000a8800000, 0x00000000a8800000, 0x00000000a8900000|  0%| F|  |TAMS 0x00000000a8800000, 0x00000000a8800000| Untracked 
| 137|0x00000000a8900000, 0x00000000a8900000, 0x00000000a8a00000|  0%| F|  |TAMS 0x00000000a8900000, 0x00000000a8900000| Untracked 
| 138|0x00000000a8a00000, 0x00000000a8a00000, 0x00000000a8b00000|  0%| F|  |TAMS 0x00000000a8a00000, 0x00000000a8a00000| Untracked 
| 139|0x00000000a8b00000, 0x00000000a8b00000, 0x00000000a8c00000|  0%| F|  |TAMS 0x00000000a8b00000, 0x00000000a8b00000| Untracked 
| 140|0x00000000a8c00000, 0x00000000a8c00000, 0x00000000a8d00000|  0%| F|  |TAMS 0x00000000a8c00000, 0x00000000a8c00000| Untracked 
| 141|0x00000000a8d00000, 0x00000000a8d00000, 0x00000000a8e00000|  0%| F|  |TAMS 0x00000000a8d00000, 0x00000000a8d00000| Untracked 
| 142|0x00000000a8e00000, 0x00000000a8e00000, 0x00000000a8f00000|  0%| F|  |TAMS 0x00000000a8e00000, 0x00000000a8e00000| Untracked 
| 143|0x00000000a8f00000, 0x00000000a8f00000, 0x00000000a9000000|  0%| F|  |TAMS 0x00000000a8f00000, 0x00000000a8f00000| Untracked 
| 144|0x00000000a9000000, 0x00000000a9000000, 0x00000000a9100000|  0%| F|  |TAMS 0x00000000a9000000, 0x00000000a9000000| Untracked 
| 145|0x00000000a9100000, 0x00000000a9100000, 0x00000000a9200000|  0%| F|  |TAMS 0x00000000a9100000, 0x00000000a9100000| Untracked 
| 146|0x00000000a9200000, 0x00000000a9200000, 0x00000000a9300000|  0%| F|  |TAMS 0x00000000a9200000, 0x00000000a9200000| Untracked 
| 147|0x00000000a9300000, 0x00000000a9300000, 0x00000000a9400000|  0%| F|  |TAMS 0x00000000a9300000, 0x00000000a9300000| Untracked 
| 148|0x00000000a9400000, 0x00000000a9400000, 0x00000000a9500000|  0%| F|  |TAMS 0x00000000a9400000, 0x00000000a9400000| Untracked 
| 149|0x00000000a9500000, 0x00000000a9500000, 0x00000000a9600000|  0%| F|  |TAMS 0x00000000a9500000, 0x00000000a9500000| Untracked 
| 150|0x00000000a9600000, 0x00000000a9600000, 0x00000000a9700000|  0%| F|  |TAMS 0x00000000a9600000, 0x00000000a9600000| Untracked 
| 151|0x00000000a9700000, 0x00000000a9700000, 0x00000000a9800000|  0%| F|  |TAMS 0x00000000a9700000, 0x00000000a9700000| Untracked 
| 152|0x00000000a9800000, 0x00000000a9800000, 0x00000000a9900000|  0%| F|  |TAMS 0x00000000a9800000, 0x00000000a9800000| Untracked 
| 153|0x00000000a9900000, 0x00000000a9900000, 0x00000000a9a00000|  0%| F|  |TAMS 0x00000000a9900000, 0x00000000a9900000| Untracked 
| 154|0x00000000a9a00000, 0x00000000a9a00000, 0x00000000a9b00000|  0%| F|  |TAMS 0x00000000a9a00000, 0x00000000a9a00000| Untracked 
| 155|0x00000000a9b00000, 0x00000000a9b00000, 0x00000000a9c00000|  0%| F|  |TAMS 0x00000000a9b00000, 0x00000000a9b00000| Untracked 
| 156|0x00000000a9c00000, 0x00000000a9c00000, 0x00000000a9d00000|  0%| F|  |TAMS 0x00000000a9c00000, 0x00000000a9c00000| Untracked 
| 157|0x00000000a9d00000, 0x00000000a9d00000, 0x00000000a9e00000|  0%| F|  |TAMS 0x00000000a9d00000, 0x00000000a9d00000| Untracked 
| 158|0x00000000a9e00000, 0x00000000a9e00000, 0x00000000a9f00000|  0%| F|  |TAMS 0x00000000a9e00000, 0x00000000a9e00000| Untracked 
| 159|0x00000000a9f00000, 0x00000000a9f00000, 0x00000000aa000000|  0%| F|  |TAMS 0x00000000a9f00000, 0x00000000a9f00000| Untracked 
| 160|0x00000000aa000000, 0x00000000aa000000, 0x00000000aa100000|  0%| F|  |TAMS 0x00000000aa000000, 0x00000000aa000000| Untracked 
| 161|0x00000000aa100000, 0x00000000aa100000, 0x00000000aa200000|  0%| F|  |TAMS 0x00000000aa100000, 0x00000000aa100000| Untracked 
| 162|0x00000000aa200000, 0x00000000aa200000, 0x00000000aa300000|  0%| F|  |TAMS 0x00000000aa200000, 0x00000000aa200000| Untracked 
| 163|0x00000000aa300000, 0x00000000aa300000, 0x00000000aa400000|  0%| F|  |TAMS 0x00000000aa300000, 0x00000000aa300000| Untracked 
| 164|0x00000000aa400000, 0x00000000aa400000, 0x00000000aa500000|  0%| F|  |TAMS 0x00000000aa400000, 0x00000000aa400000| Untracked 
| 165|0x00000000aa500000, 0x00000000aa500000, 0x00000000aa600000|  0%| F|  |TAMS 0x00000000aa500000, 0x00000000aa500000| Untracked 
| 166|0x00000000aa600000, 0x00000000aa600000, 0x00000000aa700000|  0%| F|  |TAMS 0x00000000aa600000, 0x00000000aa600000| Untracked 
| 167|0x00000000aa700000, 0x00000000aa700000, 0x00000000aa800000|  0%| F|  |TAMS 0x00000000aa700000, 0x00000000aa700000| Untracked 
| 168|0x00000000aa800000, 0x00000000aa800000, 0x00000000aa900000|  0%| F|  |TAMS 0x00000000aa800000, 0x00000000aa800000| Untracked 
| 169|0x00000000aa900000, 0x00000000aa900000, 0x00000000aaa00000|  0%| F|  |TAMS 0x00000000aa900000, 0x00000000aa900000| Untracked 
| 170|0x00000000aaa00000, 0x00000000aaa00000, 0x00000000aab00000|  0%| F|  |TAMS 0x00000000aaa00000, 0x00000000aaa00000| Untracked 
| 171|0x00000000aab00000, 0x00000000aab00000, 0x00000000aac00000|  0%| F|  |TAMS 0x00000000aab00000, 0x00000000aab00000| Untracked 
| 172|0x00000000aac00000, 0x00000000aac00000, 0x00000000aad00000|  0%| F|  |TAMS 0x00000000aac00000, 0x00000000aac00000| Untracked 
| 173|0x00000000aad00000, 0x00000000aad00000, 0x00000000aae00000|  0%| F|  |TAMS 0x00000000aad00000, 0x00000000aad00000| Untracked 
| 174|0x00000000aae00000, 0x00000000aae00000, 0x00000000aaf00000|  0%| F|  |TAMS 0x00000000aae00000, 0x00000000aae00000| Untracked 
| 175|0x00000000aaf00000, 0x00000000aaf00000, 0x00000000ab000000|  0%| F|  |TAMS 0x00000000aaf00000, 0x00000000aaf00000| Untracked 
| 176|0x00000000ab000000, 0x00000000ab000000, 0x00000000ab100000|  0%| F|  |TAMS 0x00000000ab000000, 0x00000000ab000000| Untracked 
| 177|0x00000000ab100000, 0x00000000ab100000, 0x00000000ab200000|  0%| F|  |TAMS 0x00000000ab100000, 0x00000000ab100000| Untracked 
| 178|0x00000000ab200000, 0x00000000ab200000, 0x00000000ab300000|  0%| F|  |TAMS 0x00000000ab200000, 0x00000000ab200000| Untracked 
| 179|0x00000000ab300000, 0x00000000ab300000, 0x00000000ab400000|  0%| F|  |TAMS 0x00000000ab300000, 0x00000000ab300000| Untracked 
| 180|0x00000000ab400000, 0x00000000ab400000, 0x00000000ab500000|  0%| F|  |TAMS 0x00000000ab400000, 0x00000000ab400000| Untracked 
| 181|0x00000000ab500000, 0x00000000ab500000, 0x00000000ab600000|  0%| F|  |TAMS 0x00000000ab500000, 0x00000000ab500000| Untracked 
| 182|0x00000000ab600000, 0x00000000ab600000, 0x00000000ab700000|  0%| F|  |TAMS 0x00000000ab600000, 0x00000000ab600000| Untracked 
| 183|0x00000000ab700000, 0x00000000ab700000, 0x00000000ab800000|  0%| F|  |TAMS 0x00000000ab700000, 0x00000000ab700000| Untracked 
| 184|0x00000000ab800000, 0x00000000ab800000, 0x00000000ab900000|  0%| F|  |TAMS 0x00000000ab800000, 0x00000000ab800000| Untracked 
| 185|0x00000000ab900000, 0x00000000ab900000, 0x00000000aba00000|  0%| F|  |TAMS 0x00000000ab900000, 0x00000000ab900000| Untracked 
| 186|0x00000000aba00000, 0x00000000aba00000, 0x00000000abb00000|  0%| F|  |TAMS 0x00000000aba00000, 0x00000000aba00000| Untracked 
| 187|0x00000000abb00000, 0x00000000abb00000, 0x00000000abc00000|  0%| F|  |TAMS 0x00000000abb00000, 0x00000000abb00000| Untracked 
| 188|0x00000000abc00000, 0x00000000abc00000, 0x00000000abd00000|  0%| F|  |TAMS 0x00000000abc00000, 0x00000000abc00000| Untracked 
| 189|0x00000000abd00000, 0x00000000abd00000, 0x00000000abe00000|  0%| F|  |TAMS 0x00000000abd00000, 0x00000000abd00000| Untracked 
| 190|0x00000000abe00000, 0x00000000abe00000, 0x00000000abf00000|  0%| F|  |TAMS 0x00000000abe00000, 0x00000000abe00000| Untracked 
| 191|0x00000000abf00000, 0x00000000abf00000, 0x00000000ac000000|  0%| F|  |TAMS 0x00000000abf00000, 0x00000000abf00000| Untracked 
| 192|0x00000000ac000000, 0x00000000ac000000, 0x00000000ac100000|  0%| F|  |TAMS 0x00000000ac000000, 0x00000000ac000000| Untracked 
| 193|0x00000000ac100000, 0x00000000ac100000, 0x00000000ac200000|  0%| F|  |TAMS 0x00000000ac100000, 0x00000000ac100000| Untracked 
| 194|0x00000000ac200000, 0x00000000ac200000, 0x00000000ac300000|  0%| F|  |TAMS 0x00000000ac200000, 0x00000000ac200000| Untracked 
| 195|0x00000000ac300000, 0x00000000ac300000, 0x00000000ac400000|  0%| F|  |TAMS 0x00000000ac300000, 0x00000000ac300000| Untracked 
| 196|0x00000000ac400000, 0x00000000ac400000, 0x00000000ac500000|  0%| F|  |TAMS 0x00000000ac400000, 0x00000000ac400000| Untracked 
| 197|0x00000000ac500000, 0x00000000ac500000, 0x00000000ac600000|  0%| F|  |TAMS 0x00000000ac500000, 0x00000000ac500000| Untracked 
| 198|0x00000000ac600000, 0x00000000ac600000, 0x00000000ac700000|  0%| F|  |TAMS 0x00000000ac600000, 0x00000000ac600000| Untracked 
| 199|0x00000000ac700000, 0x00000000ac700000, 0x00000000ac800000|  0%| F|  |TAMS 0x00000000ac700000, 0x00000000ac700000| Untracked 
| 200|0x00000000ac800000, 0x00000000ac800000, 0x00000000ac900000|  0%| F|  |TAMS 0x00000000ac800000, 0x00000000ac800000| Untracked 
| 201|0x00000000ac900000, 0x00000000ac900000, 0x00000000aca00000|  0%| F|  |TAMS 0x00000000ac900000, 0x00000000ac900000| Untracked 
| 202|0x00000000aca00000, 0x00000000aca00000, 0x00000000acb00000|  0%| F|  |TAMS 0x00000000aca00000, 0x00000000aca00000| Untracked 
| 203|0x00000000acb00000, 0x00000000acb00000, 0x00000000acc00000|  0%| F|  |TAMS 0x00000000acb00000, 0x00000000acb00000| Untracked 
| 204|0x00000000acc00000, 0x00000000acc00000, 0x00000000acd00000|  0%| F|  |TAMS 0x00000000acc00000, 0x00000000acc00000| Untracked 
| 205|0x00000000acd00000, 0x00000000acd00000, 0x00000000ace00000|  0%| F|  |TAMS 0x00000000acd00000, 0x00000000acd00000| Untracked 
| 206|0x00000000ace00000, 0x00000000ace00000, 0x00000000acf00000|  0%| F|  |TAMS 0x00000000ace00000, 0x00000000ace00000| Untracked 
| 207|0x00000000acf00000, 0x00000000acf00000, 0x00000000ad000000|  0%| F|  |TAMS 0x00000000acf00000, 0x00000000acf00000| Untracked 
| 208|0x00000000ad000000, 0x00000000ad000000, 0x00000000ad100000|  0%| F|  |TAMS 0x00000000ad000000, 0x00000000ad000000| Untracked 
| 209|0x00000000ad100000, 0x00000000ad100000, 0x00000000ad200000|  0%| F|  |TAMS 0x00000000ad100000, 0x00000000ad100000| Untracked 
| 210|0x00000000ad200000, 0x00000000ad200000, 0x00000000ad300000|  0%| F|  |TAMS 0x00000000ad200000, 0x00000000ad200000| Untracked 
| 211|0x00000000ad300000, 0x00000000ad300000, 0x00000000ad400000|  0%| F|  |TAMS 0x00000000ad300000, 0x00000000ad300000| Untracked 
| 212|0x00000000ad400000, 0x00000000ad400000, 0x00000000ad500000|  0%| F|  |TAMS 0x00000000ad400000, 0x00000000ad400000| Untracked 
| 213|0x00000000ad500000, 0x00000000ad500000, 0x00000000ad600000|  0%| F|  |TAMS 0x00000000ad500000, 0x00000000ad500000| Untracked 
| 214|0x00000000ad600000, 0x00000000ad600000, 0x00000000ad700000|  0%| F|  |TAMS 0x00000000ad600000, 0x00000000ad600000| Untracked 
| 215|0x00000000ad700000, 0x00000000ad700000, 0x00000000ad800000|  0%| F|  |TAMS 0x00000000ad700000, 0x00000000ad700000| Untracked 
| 216|0x00000000ad800000, 0x00000000ad800000, 0x00000000ad900000|  0%| F|  |TAMS 0x00000000ad800000, 0x00000000ad800000| Untracked 
| 217|0x00000000ad900000, 0x00000000ad900000, 0x00000000ada00000|  0%| F|  |TAMS 0x00000000ad900000, 0x00000000ad900000| Untracked 
| 218|0x00000000ada00000, 0x00000000ada00000, 0x00000000adb00000|  0%| F|  |TAMS 0x00000000ada00000, 0x00000000ada00000| Untracked 
| 219|0x00000000adb00000, 0x00000000adb00000, 0x00000000adc00000|  0%| F|  |TAMS 0x00000000adb00000, 0x00000000adb00000| Untracked 
| 220|0x00000000adc00000, 0x00000000adc00000, 0x00000000add00000|  0%| F|  |TAMS 0x00000000adc00000, 0x00000000adc00000| Untracked 
| 221|0x00000000add00000, 0x00000000add00000, 0x00000000ade00000|  0%| F|  |TAMS 0x00000000add00000, 0x00000000add00000| Untracked 
| 222|0x00000000ade00000, 0x00000000ade00000, 0x00000000adf00000|  0%| F|  |TAMS 0x00000000ade00000, 0x00000000ade00000| Untracked 
| 223|0x00000000adf00000, 0x00000000adf00000, 0x00000000ae000000|  0%| F|  |TAMS 0x00000000adf00000, 0x00000000adf00000| Untracked 
| 224|0x00000000ae000000, 0x00000000ae000000, 0x00000000ae100000|  0%| F|  |TAMS 0x00000000ae000000, 0x00000000ae000000| Untracked 
| 225|0x00000000ae100000, 0x00000000ae100000, 0x00000000ae200000|  0%| F|  |TAMS 0x00000000ae100000, 0x00000000ae100000| Untracked 
| 226|0x00000000ae200000, 0x00000000ae200000, 0x00000000ae300000|  0%| F|  |TAMS 0x00000000ae200000, 0x00000000ae200000| Untracked 
| 227|0x00000000ae300000, 0x00000000ae300000, 0x00000000ae400000|  0%| F|  |TAMS 0x00000000ae300000, 0x00000000ae300000| Untracked 
| 228|0x00000000ae400000, 0x00000000ae400000, 0x00000000ae500000|  0%| F|  |TAMS 0x00000000ae400000, 0x00000000ae400000| Untracked 
| 229|0x00000000ae500000, 0x00000000ae500000, 0x00000000ae600000|  0%| F|  |TAMS 0x00000000ae500000, 0x00000000ae500000| Untracked 
| 230|0x00000000ae600000, 0x00000000ae600000, 0x00000000ae700000|  0%| F|  |TAMS 0x00000000ae600000, 0x00000000ae600000| Untracked 
| 231|0x00000000ae700000, 0x00000000ae700000, 0x00000000ae800000|  0%| F|  |TAMS 0x00000000ae700000, 0x00000000ae700000| Untracked 
| 232|0x00000000ae800000, 0x00000000ae800000, 0x00000000ae900000|  0%| F|  |TAMS 0x00000000ae800000, 0x00000000ae800000| Untracked 
| 233|0x00000000ae900000, 0x00000000ae900000, 0x00000000aea00000|  0%| F|  |TAMS 0x00000000ae900000, 0x00000000ae900000| Untracked 
| 234|0x00000000aea00000, 0x00000000aea00000, 0x00000000aeb00000|  0%| F|  |TAMS 0x00000000aea00000, 0x00000000aea00000| Untracked 
| 235|0x00000000aeb00000, 0x00000000aeb00000, 0x00000000aec00000|  0%| F|  |TAMS 0x00000000aeb00000, 0x00000000aeb00000| Untracked 
| 236|0x00000000aec00000, 0x00000000aec00000, 0x00000000aed00000|  0%| F|  |TAMS 0x00000000aec00000, 0x00000000aec00000| Untracked 
| 237|0x00000000aed00000, 0x00000000aed00000, 0x00000000aee00000|  0%| F|  |TAMS 0x00000000aed00000, 0x00000000aed00000| Untracked 
| 238|0x00000000aee00000, 0x00000000aee00000, 0x00000000aef00000|  0%| F|  |TAMS 0x00000000aee00000, 0x00000000aee00000| Untracked 
| 239|0x00000000aef00000, 0x00000000aefd1260, 0x00000000af000000| 81%| E|  |TAMS 0x00000000aef00000, 0x00000000aef00000| Complete 
| 240|0x00000000af000000, 0x00000000af100000, 0x00000000af100000|100%| E|CS|TAMS 0x00000000af000000, 0x00000000af000000| Complete 
| 241|0x00000000af100000, 0x00000000af200000, 0x00000000af200000|100%| E|CS|TAMS 0x00000000af100000, 0x00000000af100000| Complete 
| 242|0x00000000af200000, 0x00000000af300000, 0x00000000af300000|100%| E|CS|TAMS 0x00000000af200000, 0x00000000af200000| Complete 
| 243|0x00000000af300000, 0x00000000af400000, 0x00000000af400000|100%| E|CS|TAMS 0x00000000af300000, 0x00000000af300000| Complete 
| 244|0x00000000af400000, 0x00000000af500000, 0x00000000af500000|100%| E|CS|TAMS 0x00000000af400000, 0x00000000af400000| Complete 
| 245|0x00000000af500000, 0x00000000af600000, 0x00000000af600000|100%| E|CS|TAMS 0x00000000af500000, 0x00000000af500000| Complete 
| 246|0x00000000af600000, 0x00000000af700000, 0x00000000af700000|100%| E|CS|TAMS 0x00000000af600000, 0x00000000af600000| Complete 
| 247|0x00000000af700000, 0x00000000af800000, 0x00000000af800000|100%| E|CS|TAMS 0x00000000af700000, 0x00000000af700000| Complete 
| 248|0x00000000af800000, 0x00000000af900000, 0x00000000af900000|100%| E|CS|TAMS 0x00000000af800000, 0x00000000af800000| Complete 
| 249|0x00000000af900000, 0x00000000afa00000, 0x00000000afa00000|100%| E|CS|TAMS 0x00000000af900000, 0x00000000af900000| Complete 
| 250|0x00000000afa00000, 0x00000000afb00000, 0x00000000afb00000|100%| S|CS|TAMS 0x00000000afa00000, 0x00000000afa00000| Complete 
| 251|0x00000000afb00000, 0x00000000afc00000, 0x00000000afc00000|100%| S|CS|TAMS 0x00000000afb00000, 0x00000000afb00000| Complete 
| 252|0x00000000afc00000, 0x00000000afd00000, 0x00000000afd00000|100%| S|CS|TAMS 0x00000000afc00000, 0x00000000afc00000| Complete 
| 253|0x00000000afd00000, 0x00000000afe00000, 0x00000000afe00000|100%| E|CS|TAMS 0x00000000afd00000, 0x00000000afd00000| Complete 
| 254|0x00000000afe00000, 0x00000000aff00000, 0x00000000aff00000|100%| E|CS|TAMS 0x00000000afe00000, 0x00000000afe00000| Complete 
| 255|0x00000000aff00000, 0x00000000b0000000, 0x00000000b0000000|100%| E|CS|TAMS 0x00000000aff00000, 0x00000000aff00000| Complete 

Card table byte_map: [0x0000019f31170000,0x0000019f31470000] _byte_map_base: 0x0000019f30c70000

Marking Bits (Prev, Next): (CMBitMap*) 0x0000019f1ded1100, (CMBitMap*) 0x0000019f1ded10c8
 Prev Bits: [0x0000019f32f70000, 0x0000019f34770000)
 Next Bits: [0x0000019f31770000, 0x0000019f32f70000)

Polling page: 0x0000019f1df80000

Metaspace:

Usage:
  Non-class:     19.21 MB capacity,    18.78 MB ( 98%) used,   391.22 KB (  2%) free+waste,    39.44 KB ( <1%) overhead. 
      Class:      2.82 MB capacity,     2.61 MB ( 92%) used,   199.54 KB (  7%) free+waste,    19.56 KB ( <1%) overhead. 
       Both:     22.03 MB capacity,    21.39 MB ( 97%) used,   590.76 KB (  3%) free+waste,    59.00 KB ( <1%) overhead. 

Virtual space:
  Non-class space:       20.00 MB reserved,      19.25 MB ( 96%) committed 
      Class space:        1.00 GB reserved,       2.88 MB ( <1%) committed 
             Both:        1.02 GB reserved,      22.13 MB (  2%) committed 

Chunk freelists:
   Non-Class:  46.00 KB
       Class:  24.00 KB
        Both:  70.00 KB

MaxMetaspaceSize: 17179869184.00 GB
CompressedClassSpaceSize: 1.00 GB

CodeHeap 'non-profiled nmethods': size=120064Kb used=813Kb max_used=813Kb free=119250Kb
 bounds [0x0000019f29300000, 0x0000019f29570000, 0x0000019f30840000]
CodeHeap 'profiled nmethods': size=120000Kb used=3752Kb max_used=3752Kb free=116247Kb
 bounds [0x0000019f21dd0000, 0x0000019f22180000, 0x0000019f29300000]
CodeHeap 'non-nmethods': size=5696Kb used=1133Kb max_used=1145Kb free=4563Kb
 bounds [0x0000019f21840000, 0x0000019f21ab0000, 0x0000019f21dd0000]
 total_blobs=2301 nmethods=1836 adapters=376
 compilation: enabled
              stopped_count=0, restarted_count=0
 full_count=0

Compilation events (20 events):
Event: 5.107 Thread 0x0000019f37699000 2023   !   3       org.gradle.internal.service.MethodHandleBasedServiceMethodFactory::toServiceMethod (51 bytes)
Event: 5.108 Thread 0x0000019f37699000 nmethod 2023 0x0000019f22171e10 code [0x0000019f22172180, 0x0000019f221736e8]
Event: 5.108 Thread 0x0000019f37699000 2024       3       org.gradle.internal.service.AbstractServiceMethod::<init> (42 bytes)
Event: 5.110 Thread 0x0000019f37699000 nmethod 2024 0x0000019f22173e10 code [0x0000019f22174180, 0x0000019f22175ca8]
Event: 5.110 Thread 0x0000019f37699000 2025       3       java.lang.reflect.Method::getGenericParameterTypes (5 bytes)
Event: 5.112 Thread 0x0000019f37699000 nmethod 2025 0x0000019f22176490 code [0x0000019f22176760, 0x0000019f221777b8]
Event: 5.112 Thread 0x0000019f37699000 2026       3       org.gradle.internal.service.DefaultServiceRegistry$FactoryMethodService::<init> (22 bytes)
Event: 5.112 Thread 0x0000019f37699000 nmethod 2026 0x0000019f22177c90 code [0x0000019f22177ee0, 0x0000019f22178928]
Event: 5.122 Thread 0x0000019f37699000 2027       3       sun.reflect.generics.parser.SignatureParser::parseClassTypeSignature (118 bytes)
Event: 5.124 Thread 0x0000019f37699000 nmethod 2027 0x0000019f22178c90 code [0x0000019f221790c0, 0x0000019f2217a978]
Event: 5.125 Thread 0x0000019f37699000 2028       3       sun.reflect.generics.tree.SimpleClassTypeSignature::make (11 bytes)
Event: 5.125 Thread 0x0000019f37699000 nmethod 2028 0x0000019f2217b290 code [0x0000019f2217b460, 0x0000019f2217b718]
Event: 5.125 Thread 0x0000019f37699000 2029       3       sun.reflect.generics.tree.SimpleClassTypeSignature::<init> (20 bytes)
Event: 5.125 Thread 0x0000019f37699000 nmethod 2029 0x0000019f2217b810 code [0x0000019f2217b9c0, 0x0000019f2217bbd8]
Event: 5.127 Thread 0x0000019f37699000 2030       3       java.lang.Package$VersionInfo::<init> (44 bytes)
Event: 5.127 Thread 0x0000019f37699000 nmethod 2030 0x0000019f2217bc90 code [0x0000019f2217be60, 0x0000019f2217c258]
Event: 5.134 Thread 0x0000019f37699000 2031       3       java.util.LinkedList$ListItr::<init> (47 bytes)
Event: 5.134 Thread 0x0000019f37699000 nmethod 2031 0x0000019f2217c310 code [0x0000019f2217c4e0, 0x0000019f2217c7c8]
Event: 5.147 Thread 0x0000019f37699000 2032       1       jdk.internal.reflect.DelegatingMethodAccessorImpl::setDelegate (6 bytes)
Event: 5.148 Thread 0x0000019f37699000 nmethod 2032 0x0000019f293ca990 code [0x0000019f293cab40, 0x0000019f293cac38]

GC Heap History (10 events):
Event: 0.912 GC heap before
{Heap before GC invocations=0 (full 0):
 garbage-first heap   total 262144K, used 19456K [0x00000000a0000000, 0x0000000100000000)
  region size 1024K, 14 young (14336K), 0 survivors (0K)
 Metaspace       used 7574K, capacity 7729K, committed 7936K, reserved 1056768K
  class space    used 706K, capacity 749K, committed 768K, reserved 1048576K
}
Event: 0.924 GC heap after
{Heap after GC invocations=1 (full 0):
 garbage-first heap   total 262144K, used 8202K [0x00000000a0000000, 0x0000000100000000)
  region size 1024K, 2 young (2048K), 2 survivors (2048K)
 Metaspace       used 7574K, capacity 7729K, committed 7936K, reserved 1056768K
  class space    used 706K, capacity 749K, committed 768K, reserved 1048576K
}
Event: 1.507 GC heap before
{Heap before GC invocations=1 (full 0):
 garbage-first heap   total 262144K, used 20490K [0x00000000a0000000, 0x0000000100000000)
  region size 1024K, 14 young (14336K), 2 survivors (2048K)
 Metaspace       used 10483K, capacity 10693K, committed 11008K, reserved 1058816K
  class space    used 1101K, capacity 1164K, committed 1280K, reserved 1048576K
}
Event: 1.510 GC heap after
{Heap after GC invocations=2 (full 0):
 garbage-first heap   total 262144K, used 8820K [0x00000000a0000000, 0x0000000100000000)
  region size 1024K, 1 young (1024K), 1 survivors (1024K)
 Metaspace       used 10483K, capacity 10693K, committed 11008K, reserved 1058816K
  class space    used 1101K, capacity 1164K, committed 1280K, reserved 1048576K
}
Event: 2.503 GC heap before
{Heap before GC invocations=2 (full 0):
 garbage-first heap   total 262144K, used 38516K [0x00000000a0000000, 0x0000000100000000)
  region size 1024K, 31 young (31744K), 1 survivors (1024K)
 Metaspace       used 10796K, capacity 11101K, committed 11264K, reserved 1058816K
  class space    used 1136K, capacity 1236K, committed 1280K, reserved 1048576K
}
Event: 2.508 GC heap after
{Heap after GC invocations=3 (full 0):
 garbage-first heap   total 262144K, used 13578K [0x00000000a0000000, 0x0000000100000000)
  region size 1024K, 4 young (4096K), 4 survivors (4096K)
 Metaspace       used 10796K, capacity 11101K, committed 11264K, reserved 1058816K
  class space    used 1136K, capacity 1236K, committed 1280K, reserved 1048576K
}
Event: 4.781 GC heap before
{Heap before GC invocations=3 (full 0):
 garbage-first heap   total 262144K, used 55562K [0x00000000a0000000, 0x0000000100000000)
  region size 1024K, 46 young (47104K), 4 survivors (4096K)
 Metaspace       used 19778K, capacity 20222K, committed 20480K, reserved 1067008K
  class space    used 2379K, capacity 2511K, committed 2560K, reserved 1048576K
}
Event: 4.789 GC heap after
{Heap after GC invocations=4 (full 0):
 garbage-first heap   total 262144K, used 16258K [0x00000000a0000000, 0x0000000100000000)
  region size 1024K, 4 young (4096K), 4 survivors (4096K)
 Metaspace       used 19778K, capacity 20222K, committed 20480K, reserved 1067008K
  class space    used 2379K, capacity 2511K, committed 2560K, reserved 1048576K
}
Event: 4.879 GC heap before
{Heap before GC invocations=4 (full 0):
 garbage-first heap   total 262144K, used 19330K [0x00000000a0000000, 0x0000000100000000)
  region size 1024K, 7 young (7168K), 4 survivors (4096K)
 Metaspace       used 20569K, capacity 21031K, committed 21248K, reserved 1069056K
  class space    used 2416K, capacity 2545K, committed 2560K, reserved 1048576K
}
Event: 4.886 GC heap after
{Heap after GC invocations=5 (full 0):
 garbage-first heap   total 262144K, used 16131K [0x00000000a0000000, 0x0000000100000000)
  region size 1024K, 3 young (3072K), 3 survivors (3072K)
 Metaspace       used 20569K, capacity 21031K, committed 21248K, reserved 1069056K
  class space    used 2416K, capacity 2545K, committed 2560K, reserved 1048576K
}

Deoptimization events (20 events):
Event: 4.691 Thread 0x0000019f385f4800 Uncommon trap: trap_request=0xffffff4d fr.pc=0x0000019f2931a2cc relative=0x000000000000042c
Event: 4.691 Thread 0x0000019f385f4800 Uncommon trap: reason=unstable_if action=reinterpret pc=0x0000019f2931a2cc method=java.util.regex.Matcher.match(II)Z @ 76 c2
Event: 4.691 Thread 0x0000019f385f4800 DEOPT PACKING pc=0x0000019f2931a2cc sp=0x00000032e24facc0
Event: 4.691 Thread 0x0000019f385f4800 DEOPT UNPACKING pc=0x0000019f218674af sp=0x00000032e24fac90 mode 2
Event: 4.874 Thread 0x0000019f385f4800 Uncommon trap: trap_request=0xffffffc6 fr.pc=0x0000019f2935c424 relative=0x0000000000000084
Event: 4.874 Thread 0x0000019f385f4800 Uncommon trap: reason=bimorphic_or_optimized_type_check action=maybe_recompile pc=0x0000019f2935c424 method=java.util.AbstractList$Itr.hasNext()Z @ 8 c2
Event: 4.874 Thread 0x0000019f385f4800 DEOPT PACKING pc=0x0000019f2935c424 sp=0x00000032e24fbbd0
Event: 4.875 Thread 0x0000019f385f4800 DEOPT UNPACKING pc=0x0000019f218674af sp=0x00000032e24fbb68 mode 2
Event: 4.875 Thread 0x0000019f385f4800 Uncommon trap: trap_request=0xffffffc6 fr.pc=0x0000019f2935c7f4 relative=0x0000000000000134
Event: 4.875 Thread 0x0000019f385f4800 Uncommon trap: reason=bimorphic_or_optimized_type_check action=maybe_recompile pc=0x0000019f2935c7f4 method=java.util.AbstractList$Itr.next()Ljava/lang/Object; @ 14 c2
Event: 4.875 Thread 0x0000019f385f4800 DEOPT PACKING pc=0x0000019f2935c7f4 sp=0x00000032e24fbbc0
Event: 4.875 Thread 0x0000019f385f4800 DEOPT UNPACKING pc=0x0000019f218674af sp=0x00000032e24fbb58 mode 2
Event: 4.876 Thread 0x0000019f385f4800 Uncommon trap: trap_request=0xffffff4d fr.pc=0x0000019f29359178 relative=0x00000000000005b8
Event: 4.876 Thread 0x0000019f385f4800 Uncommon trap: reason=unstable_if action=reinterpret pc=0x0000019f29359178 method=java.io.File.getName()Ljava/lang/String; @ 16 c2
Event: 4.876 Thread 0x0000019f385f4800 DEOPT PACKING pc=0x0000019f29359178 sp=0x00000032e24fc580
Event: 4.876 Thread 0x0000019f385f4800 DEOPT UNPACKING pc=0x0000019f218674af sp=0x00000032e24fc550 mode 2
Event: 4.876 Thread 0x0000019f385f4800 Uncommon trap: trap_request=0xffffff4d fr.pc=0x0000019f293a2390 relative=0x0000000000000450
Event: 4.876 Thread 0x0000019f385f4800 Uncommon trap: reason=unstable_if action=reinterpret pc=0x0000019f293a2390 method=java.lang.String.substring(I)Ljava/lang/String; @ 34 c2
Event: 4.876 Thread 0x0000019f385f4800 DEOPT PACKING pc=0x0000019f293a2390 sp=0x00000032e24fc500
Event: 4.876 Thread 0x0000019f385f4800 DEOPT UNPACKING pc=0x0000019f218674af sp=0x00000032e24fc4d8 mode 2

Classes redefined (0 events):
No events

Internal exceptions (20 events):
Event: 4.345 Thread 0x0000019f38d74800 Exception <a 'java/lang/NoSuchMethodError'{0x00000000aec2b9c0}: <clinit>> (0x00000000aec2b9c0) thrown at [./src/hotspot/share/prims/jni.cpp, line 1362]
Event: 4.348 Thread 0x0000019f38d74800 Exception <a 'java/lang/NoSuchMethodError'{0x00000000aec3b1e8}: <clinit>> (0x00000000aec3b1e8) thrown at [./src/hotspot/share/prims/jni.cpp, line 1362]
Event: 4.352 Thread 0x0000019f38d74800 Exception <a 'java/lang/NoSuchMethodError'{0x00000000aec4cfc8}: <clinit>> (0x00000000aec4cfc8) thrown at [./src/hotspot/share/prims/jni.cpp, line 1362]
Event: 4.356 Thread 0x0000019f38d74800 Exception <a 'java/lang/NoSuchMethodError'{0x00000000aec73dc0}: <clinit>> (0x00000000aec73dc0) thrown at [./src/hotspot/share/prims/jni.cpp, line 1362]
Event: 4.358 Thread 0x0000019f38d74800 Exception <a 'java/lang/NoSuchMethodError'{0x00000000aec8bbd8}: <clinit>> (0x00000000aec8bbd8) thrown at [./src/hotspot/share/prims/jni.cpp, line 1362]
Event: 4.359 Thread 0x0000019f38d74800 Exception <a 'java/lang/NoSuchMethodError'{0x00000000aec955a0}: <clinit>> (0x00000000aec955a0) thrown at [./src/hotspot/share/prims/jni.cpp, line 1362]
Event: 4.361 Thread 0x0000019f38d74800 Exception <a 'java/lang/NoSuchMethodError'{0x00000000aecaacb0}: <clinit>> (0x00000000aecaacb0) thrown at [./src/hotspot/share/prims/jni.cpp, line 1362]
Event: 4.372 Thread 0x0000019f38d74800 Exception <a 'java/lang/NoSuchMethodError'{0x00000000aeb08a50}: <clinit>> (0x00000000aeb08a50) thrown at [./src/hotspot/share/prims/jni.cpp, line 1362]
Event: 4.377 Thread 0x0000019f38d74800 Exception <a 'java/lang/NoSuchMethodError'{0x00000000aeb37aa8}: <clinit>> (0x00000000aeb37aa8) thrown at [./src/hotspot/share/prims/jni.cpp, line 1362]
Event: 4.382 Thread 0x0000019f38d74800 Exception <a 'java/lang/NoSuchMethodError'{0x00000000aeb603d8}: <clinit>> (0x00000000aeb603d8) thrown at [./src/hotspot/share/prims/jni.cpp, line 1362]
Event: 4.384 Thread 0x0000019f38d74800 Exception <a 'java/lang/NoSuchMethodError'{0x00000000aeb6b670}: <clinit>> (0x00000000aeb6b670) thrown at [./src/hotspot/share/prims/jni.cpp, line 1362]
Event: 4.443 Thread 0x0000019f385f4800 Exception <a 'java/lang/NoSuchMethodError'{0x00000000ae848180}: 'void java.lang.invoke.DelegatingMethodHandle$Holder.reinvoke_L(java.lang.Object, java.lang.Object, java.lang.Object, java.lang.Object)'> (0x00000000ae848180) thrown at [./src/hotspot/share/interpreter/linkResolver.cpp, line 773]
Event: 4.450 Thread 0x0000019f385f4800 Exception <a 'java/lang/NoSuchMethodError'{0x00000000ae880d00}: 'long java.lang.invoke.DirectMethodHandle$Holder.invokeInterface(java.lang.Object, java.lang.Object)'> (0x00000000ae880d00) thrown at [./src/hotspot/share/interpreter/linkResolver.cpp, line 773]
Event: 4.453 Thread 0x0000019f385f4800 Exception <a 'java/lang/NoSuchMethodError'{0x00000000ae89fbc8}: 'void java.lang.invoke.DelegatingMethodHandle$Holder.reinvoke_L(java.lang.Object, java.lang.Object, java.lang.Object, java.lang.Object, java.lang.Object, java.lang.Object, java.lang.Object)'> (0x00000000ae89fbc8) thrown at [./src/hotspot/share/interpreter/linkResolver.cpp, line 773]
Event: 4.564 Thread 0x0000019f385f4800 Exception <a 'java/lang/NoSuchMethodError'{0x00000000ae1e9ef0}: 'java.lang.Object java.lang.invoke.DirectMethodHandle$Holder.invokeVirtual(java.lang.Object, java.lang.Object, java.lang.Object)'> (0x00000000ae1e9ef0) thrown at [./src/hotspot/share/interpreter/linkResolver.cpp, line 773]
Event: 4.682 Thread 0x0000019f385f4800 Exception <a 'java/lang/NoSuchMethodError'{0x00000000ad7ec468}: 'void java.lang.invoke.DirectMethodHandle$Holder.invokeStaticInit(java.lang.Object)'> (0x00000000ad7ec468) thrown at [./src/hotspot/share/interpreter/linkResolver.cpp, line 773]
Event: 4.952 Thread 0x0000019f385f4800 Exception <a 'java/lang/NoSuchMethodError'{0x00000000afe9e678}: 'int java.lang.invoke.DirectMethodHandle$Holder.invokeSpecialIFC(java.lang.Object, java.lang.Object, java.lang.Object, java.lang.Object)'> (0x00000000afe9e678) thrown at [./src/hotspot/share/interpreter/linkResolver.cpp, line 773]
Event: 4.954 Thread 0x0000019f385f4800 Exception <a 'java/lang/NoSuchMethodError'{0x00000000afeac190}: 'java.lang.Object java.lang.invoke.DirectMethodHandle$Holder.invokeInterface(java.lang.Object, java.lang.Object, java.lang.Object)'> (0x00000000afeac190) thrown at [./src/hotspot/share/interpreter/linkResolver.cpp, line 773]
Event: 4.984 Thread 0x0000019f385f4800 Exception <a 'java/lang/IncompatibleClassChangeError'{0x00000000afeaf3c0}: Found class java.lang.Object, but interface was expected> (0x00000000afeaf3c0) thrown at [./src/hotspot/share/interpreter/linkResolver.cpp, line 839]
Event: 4.993 Thread 0x0000019f385f4800 Exception <a 'java/lang/NoSuchMethodError'{0x00000000afd2c5f8}: 'void java.lang.invoke.DirectMethodHandle$Holder.invokeSpecial(java.lang.Object, java.lang.Object, java.lang.Object, java.lang.Object)'> (0x00000000afd2c5f8) thrown at [./src/hotspot/share/interpreter/linkResolver.cpp, line 773]

Events (20 events):
Event: 5.133 loading class org/gradle/api/publish/maven/internal/publisher/MavenPublishers
Event: 5.133 loading class org/gradle/api/publish/maven/internal/publisher/MavenPublishers done
Event: 5.133 loading class org/gradle/api/publish/maven/internal/publisher/MavenDuplicatePublicationTracker
Event: 5.133 loading class org/gradle/api/publish/maven/internal/publisher/MavenDuplicatePublicationTracker done
Event: 5.148 loading class org/gradle/maven/MavenModule
Event: 5.148 loading class org/gradle/maven/MavenModule done
Event: 5.148 loading class org/gradle/maven/MavenPomArtifact
Event: 5.148 loading class org/gradle/maven/MavenPomArtifact done
Event: 5.149 loading class org/gradle/caching/configuration/internal/DefaultBuildCacheServiceRegistration
Event: 5.149 loading class org/gradle/caching/configuration/internal/DefaultBuildCacheServiceRegistration done
Event: 5.149 loading class org/gradle/caching/http/HttpBuildCache
Event: 5.149 loading class org/gradle/caching/http/HttpBuildCache done
Event: 5.150 loading class org/gradle/caching/configuration/AbstractBuildCache
Event: 5.150 loading class org/gradle/caching/configuration/AbstractBuildCache done
Event: 5.150 loading class org/gradle/caching/configuration/BuildCache
Event: 5.150 loading class org/gradle/caching/configuration/BuildCache done
Event: 5.150 loading class org/gradle/caching/http/internal/DefaultHttpBuildCacheServiceFactory
Event: 5.150 loading class org/gradle/caching/http/internal/DefaultHttpBuildCacheServiceFactory done
Event: 5.151 loading class org/gradle/caching/BuildCacheServiceFactory
Event: 5.151 loading class org/gradle/caching/BuildCacheServiceFactory done


Dynamic libraries:
0x00007ff663ca0000 - 0x00007ff663caa000 	C:\Program Files\Android\Android Studio1\jre\bin\java.exe
0x00007ff978510000 - 0x00007ff978705000 	C:\Windows\SYSTEM32\ntdll.dll
0x00007ff976fd0000 - 0x00007ff97708d000 	C:\Windows\System32\KERNEL32.DLL
0x00007ff975e50000 - 0x00007ff976118000 	C:\Windows\System32\KERNELBASE.dll
0x00007ff9763c0000 - 0x00007ff9764c0000 	C:\Windows\System32\ucrtbase.dll
0x00007ff9525c0000 - 0x00007ff9525d7000 	C:\Program Files\Android\Android Studio1\jre\bin\VCRUNTIME140.dll
0x00007ff951f20000 - 0x00007ff951f39000 	C:\Program Files\Android\Android Studio1\jre\bin\jli.dll
0x00007ff9771e0000 - 0x00007ff977380000 	C:\Windows\System32\USER32.dll
0x00007ff9764c0000 - 0x00007ff9764e2000 	C:\Windows\System32\win32u.dll
0x00007ff958600000 - 0x00007ff95889a000 	C:\Windows\WinSxS\amd64_microsoft.windows.common-controls_6595b64144ccf1df_6.0.19041.844_none_ca00b6081b84eb1d\COMCTL32.dll
0x00007ff977420000 - 0x00007ff97744a000 	C:\Windows\System32\GDI32.dll
0x00007ff976120000 - 0x00007ff97622b000 	C:\Windows\System32\gdi32full.dll
0x00007ff976f30000 - 0x00007ff976fce000 	C:\Windows\System32\msvcrt.dll
0x00007ff975c50000 - 0x00007ff975ced000 	C:\Windows\System32\msvcp_win.dll
0x00007ff9771b0000 - 0x00007ff9771e0000 	C:\Windows\System32\IMM32.DLL
0x00007ff9466b0000 - 0x00007ff94674d000 	C:\Program Files\Android\Android Studio1\jre\bin\msvcp140.dll
0x00007ff93e110000 - 0x00007ff93ebcc000 	C:\Program Files\Android\Android Studio1\jre\bin\server\jvm.dll
0x00007ff977df0000 - 0x00007ff977e9c000 	C:\Windows\System32\ADVAPI32.dll
0x00007ff9780d0000 - 0x00007ff97816b000 	C:\Windows\System32\sechost.dll
0x00007ff977790000 - 0x00007ff9778bb000 	C:\Windows\System32\RPCRT4.dll
0x00007ff976f20000 - 0x00007ff976f28000 	C:\Windows\System32\PSAPI.DLL
0x00007ff96f3b0000 - 0x00007ff96f3b9000 	C:\Windows\SYSTEM32\WSOCK32.dll
0x00007ff959f50000 - 0x00007ff959f77000 	C:\Windows\SYSTEM32\WINMM.dll
0x00007ff973660000 - 0x00007ff97366a000 	C:\Windows\SYSTEM32\VERSION.dll
0x00007ff9774b0000 - 0x00007ff97751b000 	C:\Windows\System32\WS2_32.dll
0x00007ff973bf0000 - 0x00007ff973c02000 	C:\Windows\SYSTEM32\kernel.appcore.dll
0x00007ff9717b0000 - 0x00007ff9717c1000 	C:\Program Files\Android\Android Studio1\jre\bin\verify.dll
0x00007ff9636b0000 - 0x00007ff963894000 	C:\Windows\SYSTEM32\DBGHELP.DLL
0x00007ff963c10000 - 0x00007ff963c3c000 	C:\Windows\SYSTEM32\dbgcore.DLL
0x00007ff976230000 - 0x00007ff9762b0000 	C:\Windows\System32\bcryptPrimitives.dll
0x00007ff971780000 - 0x00007ff9717a9000 	C:\Program Files\Android\Android Studio1\jre\bin\java.dll
0x00007ff973710000 - 0x00007ff97371b000 	C:\Program Files\Android\Android Studio1\jre\bin\jimage.dll
0x00007ff96e8e0000 - 0x00007ff96e8f8000 	C:\Program Files\Android\Android Studio1\jre\bin\zip.dll
0x00007ff9767d0000 - 0x00007ff976f12000 	C:\Windows\System32\SHELL32.dll
0x00007ff973da0000 - 0x00007ff974530000 	C:\Windows\SYSTEM32\windows.storage.dll
0x00007ff978170000 - 0x00007ff9784c5000 	C:\Windows\System32\combase.dll
0x00007ff9756c0000 - 0x00007ff9756ec000 	C:\Windows\SYSTEM32\Wldp.dll
0x00007ff977d40000 - 0x00007ff977dee000 	C:\Windows\System32\SHCORE.dll
0x00007ff977450000 - 0x00007ff9774a5000 	C:\Windows\System32\shlwapi.dll
0x00007ff975b90000 - 0x00007ff975baf000 	C:\Windows\SYSTEM32\profapi.dll
0x00007ff96e8c0000 - 0x00007ff96e8da000 	C:\Program Files\Android\Android Studio1\jre\bin\net.dll
0x00007ff969530000 - 0x00007ff96963b000 	C:\Windows\SYSTEM32\WINHTTP.dll
0x00007ff975430000 - 0x00007ff97549a000 	C:\Windows\system32\mswsock.dll
0x00007ff96e6c0000 - 0x00007ff96e6d4000 	C:\Program Files\Android\Android Studio1\jre\bin\nio.dll
0x00007ff92f030000 - 0x00007ff92f057000 	C:\Users\raja\.gradle\native\f6784746aeab05261644944871eae4fe03e0ef1612fff0a4a95f87b438bc6780\windows-amd64\native-platform.dll
0x00007ff9733e0000 - 0x00007ff9733ea000 	C:\Program Files\Android\Android Studio1\jre\bin\management.dll
0x00007ff96e890000 - 0x00007ff96e89c000 	C:\Program Files\Android\Android Studio1\jre\bin\management_ext.dll
0x00007ff975610000 - 0x00007ff975628000 	C:\Windows\SYSTEM32\CRYPTSP.dll
0x00007ff974d60000 - 0x00007ff974d94000 	C:\Windows\system32\rsaenh.dll
0x00007ff9764f0000 - 0x00007ff976517000 	C:\Windows\System32\bcrypt.dll
0x00007ff975b10000 - 0x00007ff975b3e000 	C:\Windows\SYSTEM32\USERENV.dll
0x00007ff975600000 - 0x00007ff97560c000 	C:\Windows\SYSTEM32\CRYPTBASE.dll
0x00007ff9750d0000 - 0x00007ff97510b000 	C:\Windows\SYSTEM32\IPHLPAPI.DLL
0x00007ff9778c0000 - 0x00007ff9778c8000 	C:\Windows\System32\NSI.dll
0x00007ff96a7a0000 - 0x00007ff96a7b7000 	C:\Windows\SYSTEM32\dhcpcsvc6.DLL
0x00007ff96cb30000 - 0x00007ff96cb4d000 	C:\Windows\SYSTEM32\dhcpcsvc.DLL
0x00007ff975120000 - 0x00007ff9751ec000 	C:\Windows\SYSTEM32\DNSAPI.dll
0x00007ff96d130000 - 0x00007ff96d13b000 	C:\Windows\SYSTEM32\WINNSI.DLL

dbghelp: loaded successfully - version: 4.0.5 - missing functions: none
symbol engine: initialized successfully - sym options: 0x614 - pdb path: .;C:\Program Files\Android\Android Studio1\jre\bin;C:\Windows\SYSTEM32;C:\Windows\WinSxS\amd64_microsoft.windows.common-controls_6595b64144ccf1df_6.0.19041.844_none_ca00b6081b84eb1d;C:\Program Files\Android\Android Studio1\jre\bin\server;C:\Users\raja\.gradle\native\f6784746aeab05261644944871eae4fe03e0ef1612fff0a4a95f87b438bc6780\windows-amd64

VM Arguments:
jvm_args: --add-opens=java.base/java.util=ALL-UNNAMED --add-opens=java.base/java.lang=ALL-UNNAMED --add-opens=java.base/java.lang.invoke=ALL-UNNAMED --add-opens=java.prefs/java.util.prefs=ALL-UNNAMED -Xmx1536m -Dfile.encoding=windows-1252 -Duser.country=US -Duser.language=en -Duser.variant 
java_command: org.gradle.launcher.daemon.bootstrap.GradleDaemon 6.5
java_class_path (initial): C:\Users\raja\.gradle\wrapper\dists\gradle-6.5-all\2oz4ud9k3tuxjg84bbf55q0tn\gradle-6.5\lib\gradle-launcher-6.5.jar
Launcher Type: SUN_STANDARD

[Global flags]
     intx CICompilerCount                          = 3                                         {product} {ergonomic}
     uint ConcGCThreads                            = 1                                         {product} {ergonomic}
     uint G1ConcRefinementThreads                  = 4                                         {product} {ergonomic}
   size_t G1HeapRegionSize                         = 1048576                                   {product} {ergonomic}
    uintx GCDrainStackTargetSize                   = 64                                        {product} {ergonomic}
   size_t InitialHeapSize                          = 268435456                                 {product} {ergonomic}
   size_t MarkStackSize                            = 4194304                                   {product} {ergonomic}
   size_t MaxHeapSize                              = 1610612736                                {product} {command line}
   size_t MaxNewSize                               = 965738496                                 {product} {ergonomic}
   size_t MinHeapDeltaBytes                        = 1048576                                   {product} {ergonomic}
    uintx NonNMethodCodeHeapSize                   = 5830732                                {pd product} {ergonomic}
    uintx NonProfiledCodeHeapSize                  = 122913754                              {pd product} {ergonomic}
    uintx ProfiledCodeHeapSize                     = 122913754                              {pd product} {ergonomic}
    uintx ReservedCodeCacheSize                    = 251658240                              {pd product} {ergonomic}
     bool SegmentedCodeCache                       = true                                      {product} {ergonomic}
     bool UseCompressedClassPointers               = true                                 {lp64_product} {ergonomic}
     bool UseCompressedOops                        = true                                 {lp64_product} {ergonomic}
     bool UseG1GC                                  = true                                      {product} {ergonomic}
     bool UseLargePagesIndividualAllocation        = false                                  {pd product} {ergonomic}

Logging:
Log output configuration:
 #0: stdout all=warning uptime,level,tags
 #1: stderr all=off uptime,level,tags

Environment Variables:
PATH=C:\Windows\system32;C:\Windows;C:\Windows\System32\Wbem;C:\Windows\System32\WindowsPowerShell\v1.0\;C:\Windows\System32\OpenSSH\;C:\Program Files\Microsoft SQL Server\Client SDK\ODBC\170\Tools\Binn\;C:\Program Files (x86)\Microsoft SQL Server\150\Tools\Binn\;C:\Program Files\Microsoft SQL Server\150\Tools\Binn\;C:\Program Files\Microsoft SQL Server\150\DTS\Binn\;C:\Program Files (x86)\Microsoft SQL Server\150\DTS\Binn\;C:\Program Files\Azure Data Studio\bin;C:\Program Files\Microsoft SQL Server\130\Tools\Binn\;C:\Program Files\Git\cmd;C:\Program Files (x86)\GitExtensions\;C:\Program Files (x86)\nodejs\;C:\ProgramData\chocolatey\bin;C:\Program Files\dotnet\;C:\Users\raja\AppData\Local\Microsoft\WindowsApps;C:\Users\raja\AppData\Local\Programs\Microsoft VS Code\bin;C:\Program Files\Azure Data Studio\bin;C:\Users\raja\AppData\Roaming\npm;C:\Users\raja\.dotnet\tools
USERNAME=raja
OS=Windows_NT
PROCESSOR_IDENTIFIER=Intel64 Family 6 Model 60 Stepping 3, GenuineIntel



---------------  S Y S T E M  ---------------

OS: Windows 10 , 64 bit Build 19041 (10.0.19041.928)
OS uptime: 0 days 1:52 hours

CPU:total 4 (initial active 4) (2 cores per cpu, 2 threads per core) family 6 model 60 stepping 3, cmov, cx8, fxsr, mmx, sse, sse2, sse3, ssse3, sse4.1, sse4.2, popcnt, avx, avx2, aes, clmul, erms, lzcnt, ht, tsc, tscinvbit, bmi1, bmi2, fma

Memory: 4k page, system-wide physical 16281M (1936M free)
TotalPageFile size 41281M (AvailPageFile size 6M)
current process WorkingSet (physical memory assigned to process): 153M, peak: 153M
current process commit charge ("private bytes"): 379M, peak: 379M

vm_info: OpenJDK 64-Bit Server VM (11.0.8+10-b944.6842174) for windows-amd64 JRE (11.0.8+10-b944.6842174), built on Sep 19 2020 01:11:42 by "builder" with MS VC++ 14.0 (VS2015)

END.
