#
# There is insufficient memory for the Java Runtime Environment to continue.
# Native memory allocation (malloc) failed to allocate 1428656 bytes for Chunk::new
# Possible reasons:
#   The system is out of physical RAM or swap space
#   The process is running with CompressedOops enabled, and the Java Heap may be blocking the growth of the native heap
# Possible solutions:
#   Reduce memory load on the system
#   Increase physical memory or swap space
#   Check if swap backing store is full
#   Decrease Java heap size (-Xmx/-Xms)
#   Decrease number of Java threads
#   Decrease Java thread stack sizes (-Xss)
#   Set larger code cache with -XX:ReservedCodeCacheSize=
#   JVM is running with Unscaled Compressed Oops mode in which the Java heap is
#     placed in the first 4GB address space. The Java Heap base address is the
#     maximum limit for the native heap growth. Please use -XX:HeapBaseMinAddress
#     to set the Java Heap base and to place the Java Heap above 4GB virtual address.
# This output file may be truncated or incomplete.
#
#  Out of Memory Error (./src/hotspot/share/memory/arena.cpp:197), pid=20748, tid=20224
#
# JRE version: OpenJDK Runtime Environment (11.0.8+10) (build 11.0.8+10-b944.6842174)
# Java VM: OpenJDK 64-Bit Server VM (11.0.8+10-b944.6842174, mixed mode, tiered, compressed oops, g1 gc, windows-amd64)
# No core dump will be written. Minidumps are not enabled by default on client versions of Windows
#

---------------  S U M M A R Y ------------

Command Line: --add-opens=java.base/java.util=ALL-UNNAMED --add-opens=java.base/java.lang=ALL-UNNAMED --add-opens=java.base/java.lang.invoke=ALL-UNNAMED --add-opens=java.prefs/java.util.prefs=ALL-UNNAMED -Xmx1536m -Dfile.encoding=windows-1252 -Duser.country=US -Duser.language=en -Duser.variant org.gradle.launcher.daemon.bootstrap.GradleDaemon 6.5

Host: Intel(R) Core(TM) i5-4300M CPU @ 2.60GHz, 4 cores, 15G,  Windows 10 , 64 bit Build 19041 (10.0.19041.928)
Time: Wed May 26 00:43:08 2021 Pakistan Standard Time elapsed time: 18 seconds (0d 0h 0m 18s)

---------------  T H R E A D  ---------------

Current thread (0x0000026ad2938000):  JavaThread "C2 CompilerThread0" daemon [_thread_in_native, id=20224, stack(0x000000963d100000,0x000000963d200000)]


Current CompileTask:
C2:  18180 3819       4       org.codehaus.groovy.runtime.metaclass.MetaMethodIndex::addMethodToList (298 bytes)

Stack: [0x000000963d100000,0x000000963d200000]
Native frames: (J=compiled Java code, j=interpreted, Vv=VM code, C=native code)
V  [jvm.dll+0x5de50a]
V  [jvm.dll+0x7122f5]
V  [jvm.dll+0x71384d]
V  [jvm.dll+0x713f03]
V  [jvm.dll+0x23e728]
V  [jvm.dll+0xb899c]
V  [jvm.dll+0xb8e9c]
V  [jvm.dll+0x35024d]
V  [jvm.dll+0x31dea3]
V  [jvm.dll+0x31d39a]
V  [jvm.dll+0x1f7702]
V  [jvm.dll+0x1f68d4]
V  [jvm.dll+0x17f32c]
V  [jvm.dll+0x205047]
V  [jvm.dll+0x203891]
V  [jvm.dll+0x6dad3f]
V  [jvm.dll+0x6d3895]
V  [jvm.dll+0x5dd4a6]
C  [ucrtbase.dll+0x21bb2]
C  [KERNEL32.DLL+0x17034]
C  [ntdll.dll+0x52651]


---------------  P R O C E S S  ---------------

Threads class SMR info:
_java_thread_list=0x0000026ad40c8590, length=50, elements={
0x0000026ab79b9000, 0x0000026ad20be000, 0x0000026ad20b0800, 0x0000026ad2931800,
0x0000026ad2935000, 0x0000026ad2938000, 0x0000026ad299e800, 0x0000026ad29a8000,
0x0000026ad2aa3000, 0x0000026ad2ac6800, 0x0000026ad487c800, 0x0000026ad2b76800,
0x0000026ad3cd6800, 0x0000026ad4050800, 0x0000026ad3b03000, 0x0000026ad4557000,
0x0000026ad49b8800, 0x0000026ad49b9000, 0x0000026ad495e800, 0x0000026ad48b1800,
0x0000026ad4c2b800, 0x0000026ad4c2a800, 0x0000026ad4c2c000, 0x0000026ad4c2d000,
0x0000026ad4c27800, 0x0000026ad4c2e000, 0x0000026ad4c28000, 0x0000026ad4c29000,
0x0000026ad4c29800, 0x0000026ad56ed800, 0x0000026ad56eb000, 0x0000026ad56ea800,
0x0000026ad56ee800, 0x0000026ad56ec800, 0x0000026ad56ef000, 0x0000026ad56f0000,
0x0000026ad56f1000, 0x0000026ad56f1800, 0x0000026ad56ec000, 0x0000026ad56f8000,
0x0000026ad56f7800, 0x0000026ad56f2800, 0x0000026ad56f9000, 0x0000026ad56f5000,
0x0000026ad56f3800, 0x0000026ad56f5800, 0x0000026ad56f6800, 0x0000026ad56f4000,
0x0000026ad5010800, 0x0000026ad500e000
}

Java Threads: ( => current thread )
  0x0000026ab79b9000 JavaThread "main" [_thread_blocked, id=2016, stack(0x000000963c600000,0x000000963c700000)]
  0x0000026ad20be000 JavaThread "Reference Handler" daemon [_thread_blocked, id=584, stack(0x000000963cd00000,0x000000963ce00000)]
  0x0000026ad20b0800 JavaThread "Finalizer" daemon [_thread_blocked, id=9420, stack(0x000000963ce00000,0x000000963cf00000)]
  0x0000026ad2931800 JavaThread "Signal Dispatcher" daemon [_thread_blocked, id=11512, stack(0x000000963cf00000,0x000000963d000000)]
  0x0000026ad2935000 JavaThread "Attach Listener" daemon [_thread_blocked, id=14996, stack(0x000000963d000000,0x000000963d100000)]
=>0x0000026ad2938000 JavaThread "C2 CompilerThread0" daemon [_thread_in_native, id=20224, stack(0x000000963d100000,0x000000963d200000)]
  0x0000026ad299e800 JavaThread "C1 CompilerThread0" daemon [_thread_blocked, id=19584, stack(0x000000963d200000,0x000000963d300000)]
  0x0000026ad29a8000 JavaThread "Sweeper thread" daemon [_thread_blocked, id=19944, stack(0x000000963d300000,0x000000963d400000)]
  0x0000026ad2aa3000 JavaThread "Common-Cleaner" daemon [_thread_blocked, id=19596, stack(0x000000963d400000,0x000000963d500000)]
  0x0000026ad2ac6800 JavaThread "Service Thread" daemon [_thread_blocked, id=20504, stack(0x000000963d500000,0x000000963d600000)]
  0x0000026ad487c800 JavaThread "Daemon health stats" [_thread_blocked, id=11384, stack(0x000000963db00000,0x000000963dc00000)]
  0x0000026ad2b76800 JavaThread "Incoming local TCP Connector on port 60461" [_thread_in_native, id=7584, stack(0x000000963dd00000,0x000000963de00000)]
  0x0000026ad3cd6800 JavaThread "Daemon periodic checks" [_thread_blocked, id=5776, stack(0x000000963df00000,0x000000963e000000)]
  0x0000026ad4050800 JavaThread "Daemon" [_thread_blocked, id=5740, stack(0x000000963e000000,0x000000963e100000)]
  0x0000026ad3b03000 JavaThread "Handler for socket connection from /127.0.0.1:60461 to /127.0.0.1:60462" [_thread_in_native, id=11444, stack(0x000000963e100000,0x000000963e200000)]
  0x0000026ad4557000 JavaThread "Cancel handler" [_thread_blocked, id=2552, stack(0x000000963e200000,0x000000963e300000)]
  0x0000026ad49b8800 JavaThread "Daemon worker" [_thread_in_native, id=2600, stack(0x000000963e300000,0x000000963e400000)]
  0x0000026ad49b9000 JavaThread "Asynchronous log dispatcher for DefaultDaemonConnection: socket connection from /127.0.0.1:60461 to /127.0.0.1:60462" [_thread_blocked, id=10704, stack(0x000000963e400000,0x000000963e500000)]
  0x0000026ad495e800 JavaThread "Stdin handler" [_thread_blocked, id=19444, stack(0x000000963e500000,0x000000963e600000)]
  0x0000026ad48b1800 JavaThread "Thread-8" [_thread_blocked, id=20112, stack(0x000000963e600000,0x000000963e700000)]
  0x0000026ad4c2b800 JavaThread "Cache worker for journal cache (C:\Users\raja\.gradle\caches\journal-1)" [_thread_blocked, id=20304, stack(0x000000963de00000,0x000000963df00000)]
  0x0000026ad4c2a800 JavaThread "File lock request listener" [_thread_in_native, id=312, stack(0x000000963e700000,0x000000963e800000)]
  0x0000026ad4c2c000 JavaThread "Cache worker for file hash cache (C:\Users\raja\.gradle\caches\6.5\fileHashes)" [_thread_blocked, id=7120, stack(0x000000963e800000,0x000000963e900000)]
  0x0000026ad4c2d000 JavaThread "Cache worker for file hash cache (C:\Donatingsystem2\.gradle\6.5\fileHashes)" [_thread_blocked, id=3040, stack(0x000000963e900000,0x000000963ea00000)]
  0x0000026ad4c27800 JavaThread "jar transforms" [_thread_blocked, id=8244, stack(0x000000963ea00000,0x000000963eb00000)]
  0x0000026ad4c2e000 JavaThread "jar transforms Thread 2" [_thread_blocked, id=18868, stack(0x000000963eb00000,0x000000963ec00000)]
  0x0000026ad4c28000 JavaThread "jar transforms Thread 3" [_thread_blocked, id=8904, stack(0x000000963ec00000,0x000000963ed00000)]
  0x0000026ad4c29000 JavaThread "jar transforms Thread 4" [_thread_blocked, id=17368, stack(0x000000963ed00000,0x000000963ee00000)]
  0x0000026ad4c29800 JavaThread "jar transforms Thread 5" [_thread_blocked, id=18484, stack(0x000000963ee00000,0x000000963ef00000)]
  0x0000026ad56ed800 JavaThread "jar transforms Thread 6" [_thread_blocked, id=20764, stack(0x000000963ef00000,0x000000963f000000)]
  0x0000026ad56eb000 JavaThread "jar transforms Thread 7" [_thread_blocked, id=20780, stack(0x000000963f000000,0x000000963f100000)]
  0x0000026ad56ea800 JavaThread "jar transforms Thread 8" [_thread_blocked, id=20768, stack(0x000000963f100000,0x000000963f200000)]
  0x0000026ad56ee800 JavaThread "jar transforms Thread 9" [_thread_blocked, id=20776, stack(0x000000963f200000,0x000000963f300000)]
  0x0000026ad56ec800 JavaThread "jar transforms Thread 10" [_thread_blocked, id=20784, stack(0x000000963f300000,0x000000963f400000)]
  0x0000026ad56ef000 JavaThread "jar transforms Thread 11" [_thread_blocked, id=20788, stack(0x000000963f400000,0x000000963f500000)]
  0x0000026ad56f0000 JavaThread "jar transforms Thread 12" [_thread_blocked, id=20648, stack(0x000000963f500000,0x000000963f600000)]
  0x0000026ad56f1000 JavaThread "jar transforms Thread 13" [_thread_blocked, id=20800, stack(0x000000963f600000,0x000000963f700000)]
  0x0000026ad56f1800 JavaThread "jar transforms Thread 14" [_thread_blocked, id=20812, stack(0x000000963f700000,0x000000963f800000)]
  0x0000026ad56ec000 JavaThread "jar transforms Thread 15" [_thread_blocked, id=15464, stack(0x000000963f800000,0x000000963f900000)]
  0x0000026ad56f8000 JavaThread "jar transforms Thread 16" [_thread_blocked, id=14512, stack(0x000000963f900000,0x000000963fa00000)]
  0x0000026ad56f7800 JavaThread "jar transforms Thread 17" [_thread_blocked, id=8428, stack(0x000000963fa00000,0x000000963fb00000)]
  0x0000026ad56f2800 JavaThread "jar transforms Thread 18" [_thread_blocked, id=7556, stack(0x000000963fb00000,0x000000963fc00000)]
  0x0000026ad56f9000 JavaThread "jar transforms Thread 19" [_thread_blocked, id=20116, stack(0x000000963fc00000,0x000000963fd00000)]
  0x0000026ad56f5000 JavaThread "jar transforms Thread 20" [_thread_blocked, id=20488, stack(0x000000963fd00000,0x000000963fe00000)]
  0x0000026ad56f3800 JavaThread "jar transforms Thread 21" [_thread_blocked, id=20484, stack(0x000000963fe00000,0x000000963ff00000)]
  0x0000026ad56f5800 JavaThread "Cache worker for checksums cache (C:\Donatingsystem2\.gradle\checksums)" [_thread_blocked, id=20496, stack(0x000000963ff00000,0x0000009640000000)]
  0x0000026ad56f6800 JavaThread "Cache worker for cache directory md-supplier (C:\Users\raja\.gradle\caches\6.5\md-supplier)" [_thread_blocked, id=1712, stack(0x0000009640000000,0x0000009640100000)]
  0x0000026ad56f4000 JavaThread "Cache worker for cache directory md-rule (C:\Users\raja\.gradle\caches\6.5\md-rule)" [_thread_blocked, id=4700, stack(0x0000009640100000,0x0000009640200000)]
  0x0000026ad5010800 JavaThread "Cache worker for execution history cache (C:\Users\raja\.gradle\caches\6.5\executionHistory)" [_thread_blocked, id=16268, stack(0x0000009640300000,0x0000009640400000)]
  0x0000026ad500e000 JavaThread "Cache worker for file content cache (C:\Users\raja\.gradle\caches\6.5\fileContent)" [_thread_blocked, id=6840, stack(0x0000009640400000,0x0000009640500000)]

Other Threads:
  0x0000026ad28e4000 VMThread "VM Thread" [stack: 0x000000963cc00000,0x000000963cd00000] [id=15108]
  0x0000026ad2ad8000 WatcherThread [stack: 0x000000963d600000,0x000000963d700000] [id=4652]
  0x0000026ab79d1800 GCTaskThread "GC Thread#0" [stack: 0x000000963c700000,0x000000963c800000] [id=11220]
  0x0000026ad3330000 GCTaskThread "GC Thread#1" [stack: 0x000000963d800000,0x000000963d900000] [id=19320]
  0x0000026ad339c800 GCTaskThread "GC Thread#2" [stack: 0x000000963d900000,0x000000963da00000] [id=8552]
  0x0000026ad339d000 GCTaskThread "GC Thread#3" [stack: 0x000000963da00000,0x000000963db00000] [id=18940]
  0x0000026ab79f8000 ConcurrentGCThread "G1 Main Marker" [stack: 0x000000963c800000,0x000000963c900000] [id=9260]
  0x0000026ab79fa800 ConcurrentGCThread "G1 Conc#0" [stack: 0x000000963c900000,0x000000963ca00000] [id=9868]
  0x0000026ab7a9d800 ConcurrentGCThread "G1 Refine#0" [stack: 0x000000963ca00000,0x000000963cb00000] [id=12432]
  0x0000026ab7a9e000 ConcurrentGCThread "G1 Young RemSet Sampling" [stack: 0x000000963cb00000,0x000000963cc00000] [id=1128]

Threads with active compile tasks:
C2 CompilerThread0  18203 3819       4       org.codehaus.groovy.runtime.metaclass.MetaMethodIndex::addMethodToList (298 bytes)

VM state:not at safepoint (normal execution)

VM Mutex/Monitor currently owned by a thread: None

Heap address: 0x00000000a0000000, size: 1536 MB, Compressed Oops mode: 32-bit
Narrow klass base: 0x0000000000000000, Narrow klass shift: 3
Compressed class space size: 1073741824 Address: 0x0000000100000000

Heap:
 garbage-first heap   total 262144K, used 63270K [0x00000000a0000000, 0x0000000100000000)
  region size 1024K, 33 young (33792K), 12 survivors (12288K)
 Metaspace       used 43402K, capacity 44346K, committed 44592K, reserved 1087488K
  class space    used 5383K, capacity 5718K, committed 5760K, reserved 1048576K
Heap Regions: E=young(eden), S=young(survivor), O=old, HS=humongous(starts), HC=humongous(continues), CS=collection set, F=free, A=archive, TAMS=top-at-mark-start (previous, next)
|   0|0x00000000a0000000, 0x00000000a0100000, 0x00000000a0100000|100%| O|  |TAMS 0x00000000a0100000, 0x00000000a0000000| Untracked 
|   1|0x00000000a0100000, 0x00000000a0200000, 0x00000000a0200000|100%| O|  |TAMS 0x00000000a0200000, 0x00000000a0100000| Untracked 
|   2|0x00000000a0200000, 0x00000000a0300000, 0x00000000a0300000|100%| O|  |TAMS 0x00000000a0300000, 0x00000000a0200000| Untracked 
|   3|0x00000000a0300000, 0x00000000a0400000, 0x00000000a0400000|100%|HS|  |TAMS 0x00000000a0400000, 0x00000000a0300000| Complete 
|   4|0x00000000a0400000, 0x00000000a0500000, 0x00000000a0500000|100%|HC|  |TAMS 0x00000000a0500000, 0x00000000a0400000| Complete 
|   5|0x00000000a0500000, 0x00000000a0600000, 0x00000000a0600000|100%|HC|  |TAMS 0x00000000a0600000, 0x00000000a0500000| Complete 
|   6|0x00000000a0600000, 0x00000000a0700000, 0x00000000a0700000|100%| O|  |TAMS 0x00000000a0700000, 0x00000000a0600000| Untracked 
|   7|0x00000000a0700000, 0x00000000a0800000, 0x00000000a0800000|100%| O|  |TAMS 0x00000000a0800000, 0x00000000a0700000| Untracked 
|   8|0x00000000a0800000, 0x00000000a0900000, 0x00000000a0900000|100%| O|  |TAMS 0x00000000a0900000, 0x00000000a0800000| Untracked 
|   9|0x00000000a0900000, 0x00000000a0a00000, 0x00000000a0a00000|100%| O|  |TAMS 0x00000000a0a00000, 0x00000000a0900000| Untracked 
|  10|0x00000000a0a00000, 0x00000000a0b00000, 0x00000000a0b00000|100%| O|  |TAMS 0x00000000a0b00000, 0x00000000a0a00000| Untracked 
|  11|0x00000000a0b00000, 0x00000000a0c00000, 0x00000000a0c00000|100%| O|  |TAMS 0x00000000a0c00000, 0x00000000a0b00000| Untracked 
|  12|0x00000000a0c00000, 0x00000000a0d00000, 0x00000000a0d00000|100%| O|  |TAMS 0x00000000a0cec200, 0x00000000a0c00000| Untracked 
|  13|0x00000000a0d00000, 0x00000000a0e00000, 0x00000000a0e00000|100%|HS|  |TAMS 0x00000000a0e00000, 0x00000000a0d00000| Complete 
|  14|0x00000000a0e00000, 0x00000000a0f00000, 0x00000000a0f00000|100%|HC|  |TAMS 0x00000000a0f00000, 0x00000000a0e00000| Complete 
|  15|0x00000000a0f00000, 0x00000000a1000000, 0x00000000a1000000|100%|HS|  |TAMS 0x00000000a1000000, 0x00000000a0f00000| Complete 
|  16|0x00000000a1000000, 0x00000000a1100000, 0x00000000a1100000|100%|HC|  |TAMS 0x00000000a1100000, 0x00000000a1000000| Complete 
|  17|0x00000000a1100000, 0x00000000a1200000, 0x00000000a1200000|100%|HC|  |TAMS 0x00000000a1200000, 0x00000000a1100000| Complete 
|  18|0x00000000a1200000, 0x00000000a1300000, 0x00000000a1300000|100%|HS|  |TAMS 0x00000000a1300000, 0x00000000a1200000| Complete 
|  19|0x00000000a1300000, 0x00000000a1400000, 0x00000000a1400000|100%|HC|  |TAMS 0x00000000a1400000, 0x00000000a1300000| Complete 
|  20|0x00000000a1400000, 0x00000000a1500000, 0x00000000a1500000|100%|HC|  |TAMS 0x00000000a1500000, 0x00000000a1400000| Complete 
|  21|0x00000000a1500000, 0x00000000a1600000, 0x00000000a1600000|100%|HC|  |TAMS 0x00000000a1600000, 0x00000000a1500000| Complete 
|  22|0x00000000a1600000, 0x00000000a1700000, 0x00000000a1700000|100%| O|  |TAMS 0x00000000a1600000, 0x00000000a1600000| Untracked 
|  23|0x00000000a1700000, 0x00000000a1800000, 0x00000000a1800000|100%| O|  |TAMS 0x00000000a1700000, 0x00000000a1700000| Untracked 
|  24|0x00000000a1800000, 0x00000000a1900000, 0x00000000a1900000|100%| O|  |TAMS 0x00000000a1800000, 0x00000000a1800000| Untracked 
|  25|0x00000000a1900000, 0x00000000a1a00000, 0x00000000a1a00000|100%| O|  |TAMS 0x00000000a1900000, 0x00000000a1900000| Untracked 
|  26|0x00000000a1a00000, 0x00000000a1b00000, 0x00000000a1b00000|100%| O|  |TAMS 0x00000000a1a00000, 0x00000000a1a00000| Untracked 
|  27|0x00000000a1b00000, 0x00000000a1c00000, 0x00000000a1c00000|100%| O|  |TAMS 0x00000000a1b00000, 0x00000000a1b00000| Untracked 
|  28|0x00000000a1c00000, 0x00000000a1d00000, 0x00000000a1d00000|100%| O|  |TAMS 0x00000000a1c00000, 0x00000000a1c00000| Untracked 
|  29|0x00000000a1d00000, 0x00000000a1dc9a00, 0x00000000a1e00000| 78%| O|  |TAMS 0x00000000a1d00000, 0x00000000a1d00000| Untracked 
|  30|0x00000000a1e00000, 0x00000000a1e00000, 0x00000000a1f00000|  0%| F|  |TAMS 0x00000000a1e00000, 0x00000000a1e00000| Untracked 
|  31|0x00000000a1f00000, 0x00000000a1f00000, 0x00000000a2000000|  0%| F|  |TAMS 0x00000000a1f00000, 0x00000000a1f00000| Untracked 
|  32|0x00000000a2000000, 0x00000000a2000000, 0x00000000a2100000|  0%| F|  |TAMS 0x00000000a2000000, 0x00000000a2000000| Untracked 
|  33|0x00000000a2100000, 0x00000000a2100000, 0x00000000a2200000|  0%| F|  |TAMS 0x00000000a2100000, 0x00000000a2100000| Untracked 
|  34|0x00000000a2200000, 0x00000000a2200000, 0x00000000a2300000|  0%| F|  |TAMS 0x00000000a2200000, 0x00000000a2200000| Untracked 
|  35|0x00000000a2300000, 0x00000000a2300000, 0x00000000a2400000|  0%| F|  |TAMS 0x00000000a2300000, 0x00000000a2300000| Untracked 
|  36|0x00000000a2400000, 0x00000000a2400000, 0x00000000a2500000|  0%| F|  |TAMS 0x00000000a2400000, 0x00000000a2400000| Untracked 
|  37|0x00000000a2500000, 0x00000000a2500000, 0x00000000a2600000|  0%| F|  |TAMS 0x00000000a2500000, 0x00000000a2500000| Untracked 
|  38|0x00000000a2600000, 0x00000000a2600000, 0x00000000a2700000|  0%| F|  |TAMS 0x00000000a2600000, 0x00000000a2600000| Untracked 
|  39|0x00000000a2700000, 0x00000000a2700000, 0x00000000a2800000|  0%| F|  |TAMS 0x00000000a2700000, 0x00000000a2700000| Untracked 
|  40|0x00000000a2800000, 0x00000000a2800000, 0x00000000a2900000|  0%| F|  |TAMS 0x00000000a2800000, 0x00000000a2800000| Untracked 
|  41|0x00000000a2900000, 0x00000000a2900000, 0x00000000a2a00000|  0%| F|  |TAMS 0x00000000a2900000, 0x00000000a2900000| Untracked 
|  42|0x00000000a2a00000, 0x00000000a2a00000, 0x00000000a2b00000|  0%| F|  |TAMS 0x00000000a2a00000, 0x00000000a2a00000| Untracked 
|  43|0x00000000a2b00000, 0x00000000a2b00000, 0x00000000a2c00000|  0%| F|  |TAMS 0x00000000a2b00000, 0x00000000a2b00000| Untracked 
|  44|0x00000000a2c00000, 0x00000000a2c00000, 0x00000000a2d00000|  0%| F|  |TAMS 0x00000000a2c00000, 0x00000000a2c00000| Untracked 
|  45|0x00000000a2d00000, 0x00000000a2d00000, 0x00000000a2e00000|  0%| F|  |TAMS 0x00000000a2d00000, 0x00000000a2d00000| Untracked 
|  46|0x00000000a2e00000, 0x00000000a2e00000, 0x00000000a2f00000|  0%| F|  |TAMS 0x00000000a2e00000, 0x00000000a2e00000| Untracked 
|  47|0x00000000a2f00000, 0x00000000a2f00000, 0x00000000a3000000|  0%| F|  |TAMS 0x00000000a2f00000, 0x00000000a2f00000| Untracked 
|  48|0x00000000a3000000, 0x00000000a3000000, 0x00000000a3100000|  0%| F|  |TAMS 0x00000000a3000000, 0x00000000a3000000| Untracked 
|  49|0x00000000a3100000, 0x00000000a3100000, 0x00000000a3200000|  0%| F|  |TAMS 0x00000000a3100000, 0x00000000a3100000| Untracked 
|  50|0x00000000a3200000, 0x00000000a3200000, 0x00000000a3300000|  0%| F|  |TAMS 0x00000000a3200000, 0x00000000a3200000| Untracked 
|  51|0x00000000a3300000, 0x00000000a3300000, 0x00000000a3400000|  0%| F|  |TAMS 0x00000000a3300000, 0x00000000a3300000| Untracked 
|  52|0x00000000a3400000, 0x00000000a3400000, 0x00000000a3500000|  0%| F|  |TAMS 0x00000000a3400000, 0x00000000a3400000| Untracked 
|  53|0x00000000a3500000, 0x00000000a3500000, 0x00000000a3600000|  0%| F|  |TAMS 0x00000000a3500000, 0x00000000a3500000| Untracked 
|  54|0x00000000a3600000, 0x00000000a3600000, 0x00000000a3700000|  0%| F|  |TAMS 0x00000000a3600000, 0x00000000a3600000| Untracked 
|  55|0x00000000a3700000, 0x00000000a3700000, 0x00000000a3800000|  0%| F|  |TAMS 0x00000000a3700000, 0x00000000a3700000| Untracked 
|  56|0x00000000a3800000, 0x00000000a3800000, 0x00000000a3900000|  0%| F|  |TAMS 0x00000000a3800000, 0x00000000a3800000| Untracked 
|  57|0x00000000a3900000, 0x00000000a3900000, 0x00000000a3a00000|  0%| F|  |TAMS 0x00000000a3900000, 0x00000000a3900000| Untracked 
|  58|0x00000000a3a00000, 0x00000000a3a00000, 0x00000000a3b00000|  0%| F|  |TAMS 0x00000000a3a00000, 0x00000000a3a00000| Untracked 
|  59|0x00000000a3b00000, 0x00000000a3b00000, 0x00000000a3c00000|  0%| F|  |TAMS 0x00000000a3b00000, 0x00000000a3b00000| Untracked 
|  60|0x00000000a3c00000, 0x00000000a3c00000, 0x00000000a3d00000|  0%| F|  |TAMS 0x00000000a3c00000, 0x00000000a3c00000| Untracked 
|  61|0x00000000a3d00000, 0x00000000a3d00000, 0x00000000a3e00000|  0%| F|  |TAMS 0x00000000a3d00000, 0x00000000a3d00000| Untracked 
|  62|0x00000000a3e00000, 0x00000000a3e00000, 0x00000000a3f00000|  0%| F|  |TAMS 0x00000000a3e00000, 0x00000000a3e00000| Untracked 
|  63|0x00000000a3f00000, 0x00000000a3f00000, 0x00000000a4000000|  0%| F|  |TAMS 0x00000000a3f00000, 0x00000000a3f00000| Untracked 
|  64|0x00000000a4000000, 0x00000000a4000000, 0x00000000a4100000|  0%| F|  |TAMS 0x00000000a4000000, 0x00000000a4000000| Untracked 
|  65|0x00000000a4100000, 0x00000000a4100000, 0x00000000a4200000|  0%| F|  |TAMS 0x00000000a4100000, 0x00000000a4100000| Untracked 
|  66|0x00000000a4200000, 0x00000000a4200000, 0x00000000a4300000|  0%| F|  |TAMS 0x00000000a4200000, 0x00000000a4200000| Untracked 
|  67|0x00000000a4300000, 0x00000000a4300000, 0x00000000a4400000|  0%| F|  |TAMS 0x00000000a4300000, 0x00000000a4300000| Untracked 
|  68|0x00000000a4400000, 0x00000000a4400000, 0x00000000a4500000|  0%| F|  |TAMS 0x00000000a4400000, 0x00000000a4400000| Untracked 
|  69|0x00000000a4500000, 0x00000000a4500000, 0x00000000a4600000|  0%| F|  |TAMS 0x00000000a4500000, 0x00000000a4500000| Untracked 
|  70|0x00000000a4600000, 0x00000000a4600000, 0x00000000a4700000|  0%| F|  |TAMS 0x00000000a4600000, 0x00000000a4600000| Untracked 
|  71|0x00000000a4700000, 0x00000000a4700000, 0x00000000a4800000|  0%| F|  |TAMS 0x00000000a4700000, 0x00000000a4700000| Untracked 
|  72|0x00000000a4800000, 0x00000000a4800000, 0x00000000a4900000|  0%| F|  |TAMS 0x00000000a4800000, 0x00000000a4800000| Untracked 
|  73|0x00000000a4900000, 0x00000000a4900000, 0x00000000a4a00000|  0%| F|  |TAMS 0x00000000a4900000, 0x00000000a4900000| Untracked 
|  74|0x00000000a4a00000, 0x00000000a4a00000, 0x00000000a4b00000|  0%| F|  |TAMS 0x00000000a4a00000, 0x00000000a4a00000| Untracked 
|  75|0x00000000a4b00000, 0x00000000a4b00000, 0x00000000a4c00000|  0%| F|  |TAMS 0x00000000a4b00000, 0x00000000a4b00000| Untracked 
|  76|0x00000000a4c00000, 0x00000000a4c00000, 0x00000000a4d00000|  0%| F|  |TAMS 0x00000000a4c00000, 0x00000000a4c00000| Untracked 
|  77|0x00000000a4d00000, 0x00000000a4d00000, 0x00000000a4e00000|  0%| F|  |TAMS 0x00000000a4d00000, 0x00000000a4d00000| Untracked 
|  78|0x00000000a4e00000, 0x00000000a4e00000, 0x00000000a4f00000|  0%| F|  |TAMS 0x00000000a4e00000, 0x00000000a4e00000| Untracked 
|  79|0x00000000a4f00000, 0x00000000a4f00000, 0x00000000a5000000|  0%| F|  |TAMS 0x00000000a4f00000, 0x00000000a4f00000| Untracked 
|  80|0x00000000a5000000, 0x00000000a5000000, 0x00000000a5100000|  0%| F|  |TAMS 0x00000000a5000000, 0x00000000a5000000| Untracked 
|  81|0x00000000a5100000, 0x00000000a5100000, 0x00000000a5200000|  0%| F|  |TAMS 0x00000000a5100000, 0x00000000a5100000| Untracked 
|  82|0x00000000a5200000, 0x00000000a5200000, 0x00000000a5300000|  0%| F|  |TAMS 0x00000000a5200000, 0x00000000a5200000| Untracked 
|  83|0x00000000a5300000, 0x00000000a5300000, 0x00000000a5400000|  0%| F|  |TAMS 0x00000000a5300000, 0x00000000a5300000| Untracked 
|  84|0x00000000a5400000, 0x00000000a5400000, 0x00000000a5500000|  0%| F|  |TAMS 0x00000000a5400000, 0x00000000a5400000| Untracked 
|  85|0x00000000a5500000, 0x00000000a5500000, 0x00000000a5600000|  0%| F|  |TAMS 0x00000000a5500000, 0x00000000a5500000| Untracked 
|  86|0x00000000a5600000, 0x00000000a5600000, 0x00000000a5700000|  0%| F|  |TAMS 0x00000000a5600000, 0x00000000a5600000| Untracked 
|  87|0x00000000a5700000, 0x00000000a5700000, 0x00000000a5800000|  0%| F|  |TAMS 0x00000000a5700000, 0x00000000a5700000| Untracked 
|  88|0x00000000a5800000, 0x00000000a5800000, 0x00000000a5900000|  0%| F|  |TAMS 0x00000000a5800000, 0x00000000a5800000| Untracked 
|  89|0x00000000a5900000, 0x00000000a5900000, 0x00000000a5a00000|  0%| F|  |TAMS 0x00000000a5900000, 0x00000000a5900000| Untracked 
|  90|0x00000000a5a00000, 0x00000000a5a00000, 0x00000000a5b00000|  0%| F|  |TAMS 0x00000000a5a00000, 0x00000000a5a00000| Untracked 
|  91|0x00000000a5b00000, 0x00000000a5b00000, 0x00000000a5c00000|  0%| F|  |TAMS 0x00000000a5b00000, 0x00000000a5b00000| Untracked 
|  92|0x00000000a5c00000, 0x00000000a5c00000, 0x00000000a5d00000|  0%| F|  |TAMS 0x00000000a5c00000, 0x00000000a5c00000| Untracked 
|  93|0x00000000a5d00000, 0x00000000a5d00000, 0x00000000a5e00000|  0%| F|  |TAMS 0x00000000a5d00000, 0x00000000a5d00000| Untracked 
|  94|0x00000000a5e00000, 0x00000000a5e00000, 0x00000000a5f00000|  0%| F|  |TAMS 0x00000000a5e00000, 0x00000000a5e00000| Untracked 
|  95|0x00000000a5f00000, 0x00000000a5f00000, 0x00000000a6000000|  0%| F|  |TAMS 0x00000000a5f00000, 0x00000000a5f00000| Untracked 
|  96|0x00000000a6000000, 0x00000000a6000000, 0x00000000a6100000|  0%| F|  |TAMS 0x00000000a6000000, 0x00000000a6000000| Untracked 
|  97|0x00000000a6100000, 0x00000000a6100000, 0x00000000a6200000|  0%| F|  |TAMS 0x00000000a6100000, 0x00000000a6100000| Untracked 
|  98|0x00000000a6200000, 0x00000000a6200000, 0x00000000a6300000|  0%| F|  |TAMS 0x00000000a6200000, 0x00000000a6200000| Untracked 
|  99|0x00000000a6300000, 0x00000000a6300000, 0x00000000a6400000|  0%| F|  |TAMS 0x00000000a6300000, 0x00000000a6300000| Untracked 
| 100|0x00000000a6400000, 0x00000000a6400000, 0x00000000a6500000|  0%| F|  |TAMS 0x00000000a6400000, 0x00000000a6400000| Untracked 
| 101|0x00000000a6500000, 0x00000000a6500000, 0x00000000a6600000|  0%| F|  |TAMS 0x00000000a6500000, 0x00000000a6500000| Untracked 
| 102|0x00000000a6600000, 0x00000000a6600000, 0x00000000a6700000|  0%| F|  |TAMS 0x00000000a6600000, 0x00000000a6600000| Untracked 
| 103|0x00000000a6700000, 0x00000000a6700000, 0x00000000a6800000|  0%| F|  |TAMS 0x00000000a6700000, 0x00000000a6700000| Untracked 
| 104|0x00000000a6800000, 0x00000000a6800000, 0x00000000a6900000|  0%| F|  |TAMS 0x00000000a6800000, 0x00000000a6800000| Untracked 
| 105|0x00000000a6900000, 0x00000000a6900000, 0x00000000a6a00000|  0%| F|  |TAMS 0x00000000a6900000, 0x00000000a6900000| Untracked 
| 106|0x00000000a6a00000, 0x00000000a6a00000, 0x00000000a6b00000|  0%| F|  |TAMS 0x00000000a6a00000, 0x00000000a6a00000| Untracked 
| 107|0x00000000a6b00000, 0x00000000a6c00000, 0x00000000a6c00000|100%| S|CS|TAMS 0x00000000a6b00000, 0x00000000a6b00000| Complete 
| 108|0x00000000a6c00000, 0x00000000a6d00000, 0x00000000a6d00000|100%| S|CS|TAMS 0x00000000a6c00000, 0x00000000a6c00000| Complete 
| 109|0x00000000a6d00000, 0x00000000a6e00000, 0x00000000a6e00000|100%| S|CS|TAMS 0x00000000a6d00000, 0x00000000a6d00000| Complete 
| 110|0x00000000a6e00000, 0x00000000a6f00000, 0x00000000a6f00000|100%| S|CS|TAMS 0x00000000a6e00000, 0x00000000a6e00000| Complete 
| 111|0x00000000a6f00000, 0x00000000a7000000, 0x00000000a7000000|100%| S|CS|TAMS 0x00000000a6f00000, 0x00000000a6f00000| Complete 
| 112|0x00000000a7000000, 0x00000000a7100000, 0x00000000a7100000|100%| S|CS|TAMS 0x00000000a7000000, 0x00000000a7000000| Complete 
| 113|0x00000000a7100000, 0x00000000a7200000, 0x00000000a7200000|100%| S|CS|TAMS 0x00000000a7100000, 0x00000000a7100000| Complete 
| 114|0x00000000a7200000, 0x00000000a7300000, 0x00000000a7300000|100%| S|CS|TAMS 0x00000000a7200000, 0x00000000a7200000| Complete 
| 115|0x00000000a7300000, 0x00000000a7400000, 0x00000000a7400000|100%| S|CS|TAMS 0x00000000a7300000, 0x00000000a7300000| Complete 
| 116|0x00000000a7400000, 0x00000000a7500000, 0x00000000a7500000|100%| S|CS|TAMS 0x00000000a7400000, 0x00000000a7400000| Complete 
| 117|0x00000000a7500000, 0x00000000a7600000, 0x00000000a7600000|100%| S|CS|TAMS 0x00000000a7500000, 0x00000000a7500000| Complete 
| 118|0x00000000a7600000, 0x00000000a7700000, 0x00000000a7700000|100%| S|CS|TAMS 0x00000000a7600000, 0x00000000a7600000| Complete 
| 119|0x00000000a7700000, 0x00000000a7700000, 0x00000000a7800000|  0%| F|  |TAMS 0x00000000a7700000, 0x00000000a7700000| Untracked 
| 120|0x00000000a7800000, 0x00000000a7800000, 0x00000000a7900000|  0%| F|  |TAMS 0x00000000a7800000, 0x00000000a7800000| Untracked 
| 121|0x00000000a7900000, 0x00000000a7900000, 0x00000000a7a00000|  0%| F|  |TAMS 0x00000000a7900000, 0x00000000a7900000| Untracked 
| 122|0x00000000a7a00000, 0x00000000a7a00000, 0x00000000a7b00000|  0%| F|  |TAMS 0x00000000a7a00000, 0x00000000a7a00000| Untracked 
| 123|0x00000000a7b00000, 0x00000000a7b00000, 0x00000000a7c00000|  0%| F|  |TAMS 0x00000000a7b00000, 0x00000000a7b00000| Untracked 
| 124|0x00000000a7c00000, 0x00000000a7c00000, 0x00000000a7d00000|  0%| F|  |TAMS 0x00000000a7c00000, 0x00000000a7c00000| Untracked 
| 125|0x00000000a7d00000, 0x00000000a7d00000, 0x00000000a7e00000|  0%| F|  |TAMS 0x00000000a7d00000, 0x00000000a7d00000| Untracked 
| 126|0x00000000a7e00000, 0x00000000a7e00000, 0x00000000a7f00000|  0%| F|  |TAMS 0x00000000a7e00000, 0x00000000a7e00000| Untracked 
| 127|0x00000000a7f00000, 0x00000000a7f00000, 0x00000000a8000000|  0%| F|  |TAMS 0x00000000a7f00000, 0x00000000a7f00000| Untracked 
| 128|0x00000000a8000000, 0x00000000a8000000, 0x00000000a8100000|  0%| F|  |TAMS 0x00000000a8000000, 0x00000000a8000000| Untracked 
| 129|0x00000000a8100000, 0x00000000a8100000, 0x00000000a8200000|  0%| F|  |TAMS 0x00000000a8100000, 0x00000000a8100000| Untracked 
| 130|0x00000000a8200000, 0x00000000a8200000, 0x00000000a8300000|  0%| F|  |TAMS 0x00000000a8200000, 0x00000000a8200000| Untracked 
| 131|0x00000000a8300000, 0x00000000a8300000, 0x00000000a8400000|  0%| F|  |TAMS 0x00000000a8300000, 0x00000000a8300000| Untracked 
| 132|0x00000000a8400000, 0x00000000a8400000, 0x00000000a8500000|  0%| F|  |TAMS 0x00000000a8400000, 0x00000000a8400000| Untracked 
| 133|0x00000000a8500000, 0x00000000a8500000, 0x00000000a8600000|  0%| F|  |TAMS 0x00000000a8500000, 0x00000000a8500000| Untracked 
| 134|0x00000000a8600000, 0x00000000a8600000, 0x00000000a8700000|  0%| F|  |TAMS 0x00000000a8600000, 0x00000000a8600000| Untracked 
| 135|0x00000000a8700000, 0x00000000a8700000, 0x00000000a8800000|  0%| F|  |TAMS 0x00000000a8700000, 0x00000000a8700000| Untracked 
| 136|0x00000000a8800000, 0x00000000a8800000, 0x00000000a8900000|  0%| F|  |TAMS 0x00000000a8800000, 0x00000000a8800000| Untracked 
| 137|0x00000000a8900000, 0x00000000a8900000, 0x00000000a8a00000|  0%| F|  |TAMS 0x00000000a8900000, 0x00000000a8900000| Untracked 
| 138|0x00000000a8a00000, 0x00000000a8a00000, 0x00000000a8b00000|  0%| F|  |TAMS 0x00000000a8a00000, 0x00000000a8a00000| Untracked 
| 139|0x00000000a8b00000, 0x00000000a8b00000, 0x00000000a8c00000|  0%| F|  |TAMS 0x00000000a8b00000, 0x00000000a8b00000| Untracked 
| 140|0x00000000a8c00000, 0x00000000a8c00000, 0x00000000a8d00000|  0%| F|  |TAMS 0x00000000a8c00000, 0x00000000a8c00000| Untracked 
| 141|0x00000000a8d00000, 0x00000000a8d00000, 0x00000000a8e00000|  0%| F|  |TAMS 0x00000000a8d00000, 0x00000000a8d00000| Untracked 
| 142|0x00000000a8e00000, 0x00000000a8e00000, 0x00000000a8f00000|  0%| F|  |TAMS 0x00000000a8e00000, 0x00000000a8e00000| Untracked 
| 143|0x00000000a8f00000, 0x00000000a8f00000, 0x00000000a9000000|  0%| F|  |TAMS 0x00000000a8f00000, 0x00000000a8f00000| Untracked 
| 144|0x00000000a9000000, 0x00000000a9000000, 0x00000000a9100000|  0%| F|  |TAMS 0x00000000a9000000, 0x00000000a9000000| Untracked 
| 145|0x00000000a9100000, 0x00000000a9100000, 0x00000000a9200000|  0%| F|  |TAMS 0x00000000a9100000, 0x00000000a9100000| Untracked 
| 146|0x00000000a9200000, 0x00000000a9200000, 0x00000000a9300000|  0%| F|  |TAMS 0x00000000a9200000, 0x00000000a9200000| Untracked 
| 147|0x00000000a9300000, 0x00000000a9300000, 0x00000000a9400000|  0%| F|  |TAMS 0x00000000a9300000, 0x00000000a9300000| Untracked 
| 148|0x00000000a9400000, 0x00000000a9400000, 0x00000000a9500000|  0%| F|  |TAMS 0x00000000a9400000, 0x00000000a9400000| Untracked 
| 149|0x00000000a9500000, 0x00000000a9500000, 0x00000000a9600000|  0%| F|  |TAMS 0x00000000a9500000, 0x00000000a9500000| Untracked 
| 150|0x00000000a9600000, 0x00000000a9600000, 0x00000000a9700000|  0%| F|  |TAMS 0x00000000a9600000, 0x00000000a9600000| Untracked 
| 151|0x00000000a9700000, 0x00000000a9700000, 0x00000000a9800000|  0%| F|  |TAMS 0x00000000a9700000, 0x00000000a9700000| Untracked 
| 152|0x00000000a9800000, 0x00000000a9800000, 0x00000000a9900000|  0%| F|  |TAMS 0x00000000a9800000, 0x00000000a9800000| Untracked 
| 153|0x00000000a9900000, 0x00000000a9900000, 0x00000000a9a00000|  0%| F|  |TAMS 0x00000000a9900000, 0x00000000a9900000| Untracked 
| 154|0x00000000a9a00000, 0x00000000a9a00000, 0x00000000a9b00000|  0%| F|  |TAMS 0x00000000a9a00000, 0x00000000a9a00000| Untracked 
| 155|0x00000000a9b00000, 0x00000000a9b00000, 0x00000000a9c00000|  0%| F|  |TAMS 0x00000000a9b00000, 0x00000000a9b00000| Untracked 
| 156|0x00000000a9c00000, 0x00000000a9c00000, 0x00000000a9d00000|  0%| F|  |TAMS 0x00000000a9c00000, 0x00000000a9c00000| Untracked 
| 157|0x00000000a9d00000, 0x00000000a9d00000, 0x00000000a9e00000|  0%| F|  |TAMS 0x00000000a9d00000, 0x00000000a9d00000| Untracked 
| 158|0x00000000a9e00000, 0x00000000a9e00000, 0x00000000a9f00000|  0%| F|  |TAMS 0x00000000a9e00000, 0x00000000a9e00000| Untracked 
| 159|0x00000000a9f00000, 0x00000000a9f00000, 0x00000000aa000000|  0%| F|  |TAMS 0x00000000a9f00000, 0x00000000a9f00000| Untracked 
| 160|0x00000000aa000000, 0x00000000aa000000, 0x00000000aa100000|  0%| F|  |TAMS 0x00000000aa000000, 0x00000000aa000000| Untracked 
| 161|0x00000000aa100000, 0x00000000aa100000, 0x00000000aa200000|  0%| F|  |TAMS 0x00000000aa100000, 0x00000000aa100000| Untracked 
| 162|0x00000000aa200000, 0x00000000aa200000, 0x00000000aa300000|  0%| F|  |TAMS 0x00000000aa200000, 0x00000000aa200000| Untracked 
| 163|0x00000000aa300000, 0x00000000aa300000, 0x00000000aa400000|  0%| F|  |TAMS 0x00000000aa300000, 0x00000000aa300000| Untracked 
| 164|0x00000000aa400000, 0x00000000aa400000, 0x00000000aa500000|  0%| F|  |TAMS 0x00000000aa400000, 0x00000000aa400000| Untracked 
| 165|0x00000000aa500000, 0x00000000aa500000, 0x00000000aa600000|  0%| F|  |TAMS 0x00000000aa500000, 0x00000000aa500000| Untracked 
| 166|0x00000000aa600000, 0x00000000aa600000, 0x00000000aa700000|  0%| F|  |TAMS 0x00000000aa600000, 0x00000000aa600000| Untracked 
| 167|0x00000000aa700000, 0x00000000aa700000, 0x00000000aa800000|  0%| F|  |TAMS 0x00000000aa700000, 0x00000000aa700000| Untracked 
| 168|0x00000000aa800000, 0x00000000aa800000, 0x00000000aa900000|  0%| F|  |TAMS 0x00000000aa800000, 0x00000000aa800000| Untracked 
| 169|0x00000000aa900000, 0x00000000aa900000, 0x00000000aaa00000|  0%| F|  |TAMS 0x00000000aa900000, 0x00000000aa900000| Untracked 
| 170|0x00000000aaa00000, 0x00000000aaa00000, 0x00000000aab00000|  0%| F|  |TAMS 0x00000000aaa00000, 0x00000000aaa00000| Untracked 
| 171|0x00000000aab00000, 0x00000000aab00000, 0x00000000aac00000|  0%| F|  |TAMS 0x00000000aab00000, 0x00000000aab00000| Untracked 
| 172|0x00000000aac00000, 0x00000000aac00000, 0x00000000aad00000|  0%| F|  |TAMS 0x00000000aac00000, 0x00000000aac00000| Untracked 
| 173|0x00000000aad00000, 0x00000000aad00000, 0x00000000aae00000|  0%| F|  |TAMS 0x00000000aad00000, 0x00000000aad00000| Untracked 
| 174|0x00000000aae00000, 0x00000000aae00000, 0x00000000aaf00000|  0%| F|  |TAMS 0x00000000aae00000, 0x00000000aae00000| Untracked 
| 175|0x00000000aaf00000, 0x00000000aaf00000, 0x00000000ab000000|  0%| F|  |TAMS 0x00000000aaf00000, 0x00000000aaf00000| Untracked 
| 176|0x00000000ab000000, 0x00000000ab000000, 0x00000000ab100000|  0%| F|  |TAMS 0x00000000ab000000, 0x00000000ab000000| Untracked 
| 177|0x00000000ab100000, 0x00000000ab100000, 0x00000000ab200000|  0%| F|  |TAMS 0x00000000ab100000, 0x00000000ab100000| Untracked 
| 178|0x00000000ab200000, 0x00000000ab200000, 0x00000000ab300000|  0%| F|  |TAMS 0x00000000ab200000, 0x00000000ab200000| Untracked 
| 179|0x00000000ab300000, 0x00000000ab300000, 0x00000000ab400000|  0%| F|  |TAMS 0x00000000ab300000, 0x00000000ab300000| Untracked 
| 180|0x00000000ab400000, 0x00000000ab400000, 0x00000000ab500000|  0%| F|  |TAMS 0x00000000ab400000, 0x00000000ab400000| Untracked 
| 181|0x00000000ab500000, 0x00000000ab500000, 0x00000000ab600000|  0%| F|  |TAMS 0x00000000ab500000, 0x00000000ab500000| Untracked 
| 182|0x00000000ab600000, 0x00000000ab600000, 0x00000000ab700000|  0%| F|  |TAMS 0x00000000ab600000, 0x00000000ab600000| Untracked 
| 183|0x00000000ab700000, 0x00000000ab700000, 0x00000000ab800000|  0%| F|  |TAMS 0x00000000ab700000, 0x00000000ab700000| Untracked 
| 184|0x00000000ab800000, 0x00000000ab800000, 0x00000000ab900000|  0%| F|  |TAMS 0x00000000ab800000, 0x00000000ab800000| Untracked 
| 185|0x00000000ab900000, 0x00000000ab900000, 0x00000000aba00000|  0%| F|  |TAMS 0x00000000ab900000, 0x00000000ab900000| Untracked 
| 186|0x00000000aba00000, 0x00000000aba00000, 0x00000000abb00000|  0%| F|  |TAMS 0x00000000aba00000, 0x00000000aba00000| Untracked 
| 187|0x00000000abb00000, 0x00000000abb00000, 0x00000000abc00000|  0%| F|  |TAMS 0x00000000abb00000, 0x00000000abb00000| Untracked 
| 188|0x00000000abc00000, 0x00000000abc00000, 0x00000000abd00000|  0%| F|  |TAMS 0x00000000abc00000, 0x00000000abc00000| Untracked 
| 189|0x00000000abd00000, 0x00000000abd00000, 0x00000000abe00000|  0%| F|  |TAMS 0x00000000abd00000, 0x00000000abd00000| Untracked 
| 190|0x00000000abe00000, 0x00000000abe00000, 0x00000000abf00000|  0%| F|  |TAMS 0x00000000abe00000, 0x00000000abe00000| Untracked 
| 191|0x00000000abf00000, 0x00000000abf00000, 0x00000000ac000000|  0%| F|  |TAMS 0x00000000abf00000, 0x00000000abf00000| Untracked 
| 192|0x00000000ac000000, 0x00000000ac000000, 0x00000000ac100000|  0%| F|  |TAMS 0x00000000ac000000, 0x00000000ac000000| Untracked 
| 193|0x00000000ac100000, 0x00000000ac100000, 0x00000000ac200000|  0%| F|  |TAMS 0x00000000ac100000, 0x00000000ac100000| Untracked 
| 194|0x00000000ac200000, 0x00000000ac200000, 0x00000000ac300000|  0%| F|  |TAMS 0x00000000ac200000, 0x00000000ac200000| Untracked 
| 195|0x00000000ac300000, 0x00000000ac300000, 0x00000000ac400000|  0%| F|  |TAMS 0x00000000ac300000, 0x00000000ac300000| Untracked 
| 196|0x00000000ac400000, 0x00000000ac400000, 0x00000000ac500000|  0%| F|  |TAMS 0x00000000ac400000, 0x00000000ac400000| Untracked 
| 197|0x00000000ac500000, 0x00000000ac500000, 0x00000000ac600000|  0%| F|  |TAMS 0x00000000ac500000, 0x00000000ac500000| Untracked 
| 198|0x00000000ac600000, 0x00000000ac600000, 0x00000000ac700000|  0%| F|  |TAMS 0x00000000ac600000, 0x00000000ac600000| Untracked 
| 199|0x00000000ac700000, 0x00000000ac700000, 0x00000000ac800000|  0%| F|  |TAMS 0x00000000ac700000, 0x00000000ac700000| Untracked 
| 200|0x00000000ac800000, 0x00000000ac800000, 0x00000000ac900000|  0%| F|  |TAMS 0x00000000ac800000, 0x00000000ac800000| Untracked 
| 201|0x00000000ac900000, 0x00000000ac900000, 0x00000000aca00000|  0%| F|  |TAMS 0x00000000ac900000, 0x00000000ac900000| Untracked 
| 202|0x00000000aca00000, 0x00000000aca00000, 0x00000000acb00000|  0%| F|  |TAMS 0x00000000aca00000, 0x00000000aca00000| Untracked 
| 203|0x00000000acb00000, 0x00000000acb00000, 0x00000000acc00000|  0%| F|  |TAMS 0x00000000acb00000, 0x00000000acb00000| Untracked 
| 204|0x00000000acc00000, 0x00000000acc00000, 0x00000000acd00000|  0%| F|  |TAMS 0x00000000acc00000, 0x00000000acc00000| Untracked 
| 205|0x00000000acd00000, 0x00000000acd00000, 0x00000000ace00000|  0%| F|  |TAMS 0x00000000acd00000, 0x00000000acd00000| Untracked 
| 206|0x00000000ace00000, 0x00000000ace00000, 0x00000000acf00000|  0%| F|  |TAMS 0x00000000ace00000, 0x00000000ace00000| Untracked 
| 207|0x00000000acf00000, 0x00000000acf00000, 0x00000000ad000000|  0%| F|  |TAMS 0x00000000acf00000, 0x00000000acf00000| Untracked 
| 208|0x00000000ad000000, 0x00000000ad000000, 0x00000000ad100000|  0%| F|  |TAMS 0x00000000ad000000, 0x00000000ad000000| Untracked 
| 209|0x00000000ad100000, 0x00000000ad100000, 0x00000000ad200000|  0%| F|  |TAMS 0x00000000ad100000, 0x00000000ad100000| Untracked 
| 210|0x00000000ad200000, 0x00000000ad200000, 0x00000000ad300000|  0%| F|  |TAMS 0x00000000ad200000, 0x00000000ad200000| Untracked 
| 211|0x00000000ad300000, 0x00000000ad300000, 0x00000000ad400000|  0%| F|  |TAMS 0x00000000ad300000, 0x00000000ad300000| Untracked 
| 212|0x00000000ad400000, 0x00000000ad400000, 0x00000000ad500000|  0%| F|  |TAMS 0x00000000ad400000, 0x00000000ad400000| Untracked 
| 213|0x00000000ad500000, 0x00000000ad500000, 0x00000000ad600000|  0%| F|  |TAMS 0x00000000ad500000, 0x00000000ad500000| Untracked 
| 214|0x00000000ad600000, 0x00000000ad600000, 0x00000000ad700000|  0%| F|  |TAMS 0x00000000ad600000, 0x00000000ad600000| Untracked 
| 215|0x00000000ad700000, 0x00000000ad700000, 0x00000000ad800000|  0%| F|  |TAMS 0x00000000ad700000, 0x00000000ad700000| Untracked 
| 216|0x00000000ad800000, 0x00000000ad800000, 0x00000000ad900000|  0%| F|  |TAMS 0x00000000ad800000, 0x00000000ad800000| Untracked 
| 217|0x00000000ad900000, 0x00000000ad900000, 0x00000000ada00000|  0%| F|  |TAMS 0x00000000ad900000, 0x00000000ad900000| Untracked 
| 218|0x00000000ada00000, 0x00000000ada00000, 0x00000000adb00000|  0%| F|  |TAMS 0x00000000ada00000, 0x00000000ada00000| Untracked 
| 219|0x00000000adb00000, 0x00000000adb00000, 0x00000000adc00000|  0%| F|  |TAMS 0x00000000adb00000, 0x00000000adb00000| Untracked 
| 220|0x00000000adc00000, 0x00000000adc00000, 0x00000000add00000|  0%| F|  |TAMS 0x00000000adc00000, 0x00000000adc00000| Untracked 
| 221|0x00000000add00000, 0x00000000add00000, 0x00000000ade00000|  0%| F|  |TAMS 0x00000000add00000, 0x00000000add00000| Untracked 
| 222|0x00000000ade00000, 0x00000000ade00000, 0x00000000adf00000|  0%| F|  |TAMS 0x00000000ade00000, 0x00000000ade00000| Untracked 
| 223|0x00000000adf00000, 0x00000000adf00000, 0x00000000ae000000|  0%| F|  |TAMS 0x00000000adf00000, 0x00000000adf00000| Untracked 
| 224|0x00000000ae000000, 0x00000000ae000000, 0x00000000ae100000|  0%| F|  |TAMS 0x00000000ae000000, 0x00000000ae000000| Untracked 
| 225|0x00000000ae100000, 0x00000000ae100000, 0x00000000ae200000|  0%| F|  |TAMS 0x00000000ae100000, 0x00000000ae100000| Untracked 
| 226|0x00000000ae200000, 0x00000000ae200000, 0x00000000ae300000|  0%| F|  |TAMS 0x00000000ae200000, 0x00000000ae200000| Untracked 
| 227|0x00000000ae300000, 0x00000000ae300000, 0x00000000ae400000|  0%| F|  |TAMS 0x00000000ae300000, 0x00000000ae300000| Untracked 
| 228|0x00000000ae400000, 0x00000000ae400000, 0x00000000ae500000|  0%| F|  |TAMS 0x00000000ae400000, 0x00000000ae400000| Untracked 
| 229|0x00000000ae500000, 0x00000000ae500000, 0x00000000ae600000|  0%| F|  |TAMS 0x00000000ae500000, 0x00000000ae500000| Untracked 
| 230|0x00000000ae600000, 0x00000000ae600000, 0x00000000ae700000|  0%| F|  |TAMS 0x00000000ae600000, 0x00000000ae600000| Untracked 
| 231|0x00000000ae700000, 0x00000000ae700000, 0x00000000ae800000|  0%| F|  |TAMS 0x00000000ae700000, 0x00000000ae700000| Untracked 
| 232|0x00000000ae800000, 0x00000000ae800000, 0x00000000ae900000|  0%| F|  |TAMS 0x00000000ae800000, 0x00000000ae800000| Untracked 
| 233|0x00000000ae900000, 0x00000000ae900000, 0x00000000aea00000|  0%| F|  |TAMS 0x00000000ae900000, 0x00000000ae900000| Untracked 
| 234|0x00000000aea00000, 0x00000000aea00000, 0x00000000aeb00000|  0%| F|  |TAMS 0x00000000aea00000, 0x00000000aea00000| Untracked 
| 235|0x00000000aeb00000, 0x00000000aec00000, 0x00000000aec00000|100%| E|  |TAMS 0x00000000aeb00000, 0x00000000aeb00000| Complete 
| 236|0x00000000aec00000, 0x00000000aed00000, 0x00000000aed00000|100%| E|CS|TAMS 0x00000000aec00000, 0x00000000aec00000| Complete 
| 237|0x00000000aed00000, 0x00000000aee00000, 0x00000000aee00000|100%| E|CS|TAMS 0x00000000aed00000, 0x00000000aed00000| Complete 
| 238|0x00000000aee00000, 0x00000000aef00000, 0x00000000aef00000|100%| E|CS|TAMS 0x00000000aee00000, 0x00000000aee00000| Complete 
| 239|0x00000000aef00000, 0x00000000af000000, 0x00000000af000000|100%| E|CS|TAMS 0x00000000aef00000, 0x00000000aef00000| Complete 
| 240|0x00000000af000000, 0x00000000af100000, 0x00000000af100000|100%| E|CS|TAMS 0x00000000af000000, 0x00000000af000000| Complete 
| 241|0x00000000af100000, 0x00000000af200000, 0x00000000af200000|100%| E|CS|TAMS 0x00000000af100000, 0x00000000af100000| Complete 
| 242|0x00000000af200000, 0x00000000af300000, 0x00000000af300000|100%| E|CS|TAMS 0x00000000af200000, 0x00000000af200000| Complete 
| 243|0x00000000af300000, 0x00000000af400000, 0x00000000af400000|100%| E|CS|TAMS 0x00000000af300000, 0x00000000af300000| Complete 
| 244|0x00000000af400000, 0x00000000af500000, 0x00000000af500000|100%| E|CS|TAMS 0x00000000af400000, 0x00000000af400000| Complete 
| 245|0x00000000af500000, 0x00000000af600000, 0x00000000af600000|100%| E|CS|TAMS 0x00000000af500000, 0x00000000af500000| Complete 
| 246|0x00000000af600000, 0x00000000af700000, 0x00000000af700000|100%| E|CS|TAMS 0x00000000af600000, 0x00000000af600000| Complete 
| 247|0x00000000af700000, 0x00000000af800000, 0x00000000af800000|100%| E|CS|TAMS 0x00000000af700000, 0x00000000af700000| Complete 
| 248|0x00000000af800000, 0x00000000af900000, 0x00000000af900000|100%| E|CS|TAMS 0x00000000af800000, 0x00000000af800000| Complete 
| 249|0x00000000af900000, 0x00000000afa00000, 0x00000000afa00000|100%| E|CS|TAMS 0x00000000af900000, 0x00000000af900000| Complete 
| 250|0x00000000afa00000, 0x00000000afb00000, 0x00000000afb00000|100%| E|CS|TAMS 0x00000000afa00000, 0x00000000afa00000| Complete 
| 251|0x00000000afb00000, 0x00000000afc00000, 0x00000000afc00000|100%| E|CS|TAMS 0x00000000afb00000, 0x00000000afb00000| Complete 
| 252|0x00000000afc00000, 0x00000000afd00000, 0x00000000afd00000|100%| E|CS|TAMS 0x00000000afc00000, 0x00000000afc00000| Complete 
| 253|0x00000000afd00000, 0x00000000afe00000, 0x00000000afe00000|100%| E|CS|TAMS 0x00000000afd00000, 0x00000000afd00000| Complete 
| 254|0x00000000afe00000, 0x00000000aff00000, 0x00000000aff00000|100%| E|CS|TAMS 0x00000000afe00000, 0x00000000afe00000| Complete 
| 255|0x00000000aff00000, 0x00000000b0000000, 0x00000000b0000000|100%| E|CS|TAMS 0x00000000aff00000, 0x00000000aff00000| Complete 

Card table byte_map: [0x0000026acc480000,0x0000026acc780000] _byte_map_base: 0x0000026acbf80000

Marking Bits (Prev, Next): (CMBitMap*) 0x0000026ab79f14a8, (CMBitMap*) 0x0000026ab79f14e0
 Prev Bits: [0x0000026acca80000, 0x0000026ace280000)
 Next Bits: [0x0000026ace280000, 0x0000026acfa80000)

Polling page: 0x0000026ab7aa0000

Metaspace:

Usage:
  Non-class:     37.72 MB capacity,    37.13 MB ( 98%) used,   524.20 KB (  1%) free+waste,    84.94 KB ( <1%) overhead. 
      Class:      5.58 MB capacity,     5.26 MB ( 94%) used,   293.85 KB (  5%) free+waste,    40.38 KB ( <1%) overhead. 
       Both:     43.31 MB capacity,    42.39 MB ( 98%) used,   818.05 KB (  2%) free+waste,   125.31 KB ( <1%) overhead. 

Virtual space:
  Non-class space:       38.00 MB reserved,      37.92 MB (>99%) committed 
      Class space:        1.00 GB reserved,       5.63 MB ( <1%) committed 
             Both:        1.04 GB reserved,      43.55 MB (  4%) committed 

Chunk freelists:
   Non-Class:  12.00 KB
       Class:  10.00 KB
        Both:  22.00 KB

MaxMetaspaceSize: 17179869184.00 GB
CompressedClassSpaceSize: 1.00 GB

CodeHeap 'non-profiled nmethods': size=120064Kb used=1933Kb max_used=1933Kb free=118130Kb
 bounds [0x0000026ac4620000, 0x0000026ac4890000, 0x0000026acbb60000]
CodeHeap 'profiled nmethods': size=120000Kb used=7326Kb max_used=7326Kb free=112673Kb
 bounds [0x0000026abd0f0000, 0x0000026abd820000, 0x0000026ac4620000]
CodeHeap 'non-nmethods': size=5696Kb used=2212Kb max_used=2253Kb free=3483Kb
 bounds [0x0000026abcb60000, 0x0000026abcdd0000, 0x0000026abd0f0000]
 total_blobs=4397 nmethods=3612 adapters=696
 compilation: enabled
              stopped_count=0, restarted_count=0
 full_count=0

Compilation events (20 events):
Event: 18.163 Thread 0x0000026ad299e800 3837       3       com.sun.beans.introspect.PropertyInfo::isPrefix (25 bytes)
Event: 18.163 Thread 0x0000026ad299e800 nmethod 3837 0x0000026abd818e10 code [0x0000026abd819000, 0x0000026abd819408]
Event: 18.163 Thread 0x0000026ad299e800 3840       1       com.sun.beans.introspect.PropertyInfo::getIndexed (5 bytes)
Event: 18.163 Thread 0x0000026ad299e800 nmethod 3840 0x0000026ac4801a10 code [0x0000026ac4801bc0, 0x0000026ac4801c78]
Event: 18.163 Thread 0x0000026ad299e800 3841       1       com.sun.beans.introspect.PropertyInfo::getPropertyType (5 bytes)
Event: 18.163 Thread 0x0000026ad299e800 nmethod 3841 0x0000026ac4801d10 code [0x0000026ac4801ec0, 0x0000026ac4801f78]
Event: 18.163 Thread 0x0000026ad299e800 3842       1       java.beans.PropertyDescriptor::setConstrained (6 bytes)
Event: 18.164 Thread 0x0000026ad299e800 nmethod 3842 0x0000026ac4802010 code [0x0000026ac48021c0, 0x0000026ac4802278]
Event: 18.164 Thread 0x0000026ad299e800 3843       1       java.beans.PropertyDescriptor::setBound (6 bytes)
Event: 18.164 Thread 0x0000026ad299e800 nmethod 3843 0x0000026ac4802310 code [0x0000026ac48024c0, 0x0000026ac4802578]
Event: 18.164 Thread 0x0000026ad299e800 3844       1       java.beans.FeatureDescriptor::setExpert (6 bytes)
Event: 18.164 Thread 0x0000026ad299e800 nmethod 3844 0x0000026ac4802610 code [0x0000026ac48027c0, 0x0000026ac4802878]
Event: 18.164 Thread 0x0000026ad299e800 3845       1       java.beans.FeatureDescriptor::setHidden (6 bytes)
Event: 18.164 Thread 0x0000026ad299e800 nmethod 3845 0x0000026ac4802910 code [0x0000026ac4802ac0, 0x0000026ac4802b78]
Event: 18.164 Thread 0x0000026ad299e800 3846       1       java.beans.FeatureDescriptor::setPreferred (6 bytes)
Event: 18.164 Thread 0x0000026ad299e800 nmethod 3846 0x0000026ac4802c10 code [0x0000026ac4802dc0, 0x0000026ac4802e78]
Event: 18.165 Thread 0x0000026ad299e800 3849       1       org.gradle.internal.operations.BuildOperationDescriptor::getDetails (5 bytes)
Event: 18.165 Thread 0x0000026ad299e800 nmethod 3849 0x0000026ac4802f10 code [0x0000026ac48030c0, 0x0000026ac4803178]
Event: 18.167 Thread 0x0000026ad299e800 3850       3       org.gradle.internal.operations.OperationIdentifier::hashCode (8 bytes)
Event: 18.168 Thread 0x0000026ad299e800 nmethod 3850 0x0000026abd819610 code [0x0000026abd8197c0, 0x0000026abd819938]

GC Heap History (18 events):
Event: 0.984 GC heap before
{Heap before GC invocations=0 (full 0):
 garbage-first heap   total 262144K, used 19456K [0x00000000a0000000, 0x0000000100000000)
  region size 1024K, 14 young (14336K), 0 survivors (0K)
 Metaspace       used 7559K, capacity 7733K, committed 7936K, reserved 1056768K
  class space    used 706K, capacity 749K, committed 768K, reserved 1048576K
}
Event: 0.997 GC heap after
{Heap after GC invocations=1 (full 0):
 garbage-first heap   total 262144K, used 8041K [0x00000000a0000000, 0x0000000100000000)
  region size 1024K, 2 young (2048K), 2 survivors (2048K)
 Metaspace       used 7559K, capacity 7733K, committed 7936K, reserved 1056768K
  class space    used 706K, capacity 749K, committed 768K, reserved 1048576K
}
Event: 1.436 GC heap before
{Heap before GC invocations=1 (full 0):
 garbage-first heap   total 262144K, used 20329K [0x00000000a0000000, 0x0000000100000000)
  region size 1024K, 14 young (14336K), 2 survivors (2048K)
 Metaspace       used 10484K, capacity 10697K, committed 11008K, reserved 1058816K
  class space    used 1101K, capacity 1164K, committed 1280K, reserved 1048576K
}
Event: 1.440 GC heap after
{Heap after GC invocations=2 (full 0):
 garbage-first heap   total 262144K, used 8888K [0x00000000a0000000, 0x0000000100000000)
  region size 1024K, 1 young (1024K), 1 survivors (1024K)
 Metaspace       used 10484K, capacity 10697K, committed 11008K, reserved 1058816K
  class space    used 1101K, capacity 1164K, committed 1280K, reserved 1048576K
}
Event: 2.196 GC heap before
{Heap before GC invocations=2 (full 0):
 garbage-first heap   total 262144K, used 38584K [0x00000000a0000000, 0x0000000100000000)
  region size 1024K, 31 young (31744K), 1 survivors (1024K)
 Metaspace       used 10772K, capacity 11041K, committed 11264K, reserved 1058816K
  class space    used 1136K, capacity 1236K, committed 1280K, reserved 1048576K
}
Event: 2.200 GC heap after
{Heap after GC invocations=3 (full 0):
 garbage-first heap   total 262144K, used 13199K [0x00000000a0000000, 0x0000000100000000)
  region size 1024K, 4 young (4096K), 4 survivors (4096K)
 Metaspace       used 10772K, capacity 11041K, committed 11264K, reserved 1058816K
  class space    used 1136K, capacity 1236K, committed 1280K, reserved 1048576K
}
Event: 4.336 GC heap before
{Heap before GC invocations=3 (full 0):
 garbage-first heap   total 262144K, used 56207K [0x00000000a0000000, 0x0000000100000000)
  region size 1024K, 46 young (47104K), 4 survivors (4096K)
 Metaspace       used 19615K, capacity 20034K, committed 20224K, reserved 1067008K
  class space    used 2374K, capacity 2511K, committed 2560K, reserved 1048576K
}
Event: 4.345 GC heap after
{Heap after GC invocations=4 (full 0):
 garbage-first heap   total 262144K, used 16244K [0x00000000a0000000, 0x0000000100000000)
  region size 1024K, 3 young (3072K), 3 survivors (3072K)
 Metaspace       used 19615K, capacity 20034K, committed 20224K, reserved 1067008K
  class space    used 2374K, capacity 2511K, committed 2560K, reserved 1048576K
}
Event: 4.488 GC heap before
{Heap before GC invocations=4 (full 0):
 garbage-first heap   total 262144K, used 19316K [0x00000000a0000000, 0x0000000100000000)
  region size 1024K, 7 young (7168K), 3 survivors (3072K)
 Metaspace       used 20672K, capacity 21169K, committed 21296K, reserved 1069056K
  class space    used 2430K, capacity 2611K, committed 2688K, reserved 1048576K
}
Event: 4.493 GC heap after
{Heap after GC invocations=5 (full 0):
 garbage-first heap   total 262144K, used 16427K [0x00000000a0000000, 0x0000000100000000)
  region size 1024K, 4 young (4096K), 4 survivors (4096K)
 Metaspace       used 20672K, capacity 21169K, committed 21296K, reserved 1069056K
  class space    used 2430K, capacity 2611K, committed 2688K, reserved 1048576K
}
Event: 12.925 GC heap before
{Heap before GC invocations=6 (full 0):
 garbage-first heap   total 262144K, used 89131K [0x00000000a0000000, 0x0000000100000000)
  region size 1024K, 67 young (68608K), 4 survivors (4096K)
 Metaspace       used 27428K, capacity 28200K, committed 28336K, reserved 1073152K
  class space    used 3519K, capacity 3809K, committed 3840K, reserved 1048576K
}
Event: 12.935 GC heap after
{Heap after GC invocations=7 (full 0):
 garbage-first heap   total 262144K, used 30782K [0x00000000a0000000, 0x0000000100000000)
  region size 1024K, 9 young (9216K), 9 survivors (9216K)
 Metaspace       used 27428K, capacity 28200K, committed 28336K, reserved 1073152K
  class space    used 3519K, capacity 3809K, committed 3840K, reserved 1048576K
}
Event: 14.255 GC heap before
{Heap before GC invocations=7 (full 0):
 garbage-first heap   total 262144K, used 77886K [0x00000000a0000000, 0x0000000100000000)
  region size 1024K, 57 young (58368K), 9 survivors (9216K)
 Metaspace       used 35031K, capacity 35786K, committed 35888K, reserved 1081344K
  class space    used 4412K, capacity 4697K, committed 4736K, reserved 1048576K
}
Event: 14.273 GC heap after
{Heap after GC invocations=8 (full 0):
 garbage-first heap   total 262144K, used 33217K [0x00000000a0000000, 0x0000000100000000)
  region size 1024K, 11 young (11264K), 11 survivors (11264K)
 Metaspace       used 35031K, capacity 35786K, committed 35888K, reserved 1081344K
  class space    used 4412K, capacity 4697K, committed 4736K, reserved 1048576K
}
Event: 16.792 GC heap before
{Heap before GC invocations=9 (full 0):
 garbage-first heap   total 262144K, used 181697K [0x00000000a0000000, 0x0000000100000000)
  region size 1024K, 153 young (156672K), 11 survivors (11264K)
 Metaspace       used 43000K, capacity 43957K, committed 44080K, reserved 1087488K
  class space    used 5341K, capacity 5676K, committed 5760K, reserved 1048576K
}
Event: 16.811 GC heap after
{Heap after GC invocations=10 (full 0):
 garbage-first heap   total 262144K, used 38832K [0x00000000a0000000, 0x0000000100000000)
  region size 1024K, 16 young (16384K), 16 survivors (16384K)
 Metaspace       used 43000K, capacity 43957K, committed 44080K, reserved 1087488K
  class space    used 5341K, capacity 5676K, committed 5760K, reserved 1048576K
}
Event: 17.295 GC heap before
{Heap before GC invocations=10 (full 0):
 garbage-first heap   total 262144K, used 179120K [0x00000000a0000000, 0x0000000100000000)
  region size 1024K, 153 young (156672K), 16 survivors (16384K)
 Metaspace       used 43026K, capacity 43957K, committed 44080K, reserved 1087488K
  class space    used 5345K, capacity 5676K, committed 5760K, reserved 1048576K
}
Event: 17.314 GC heap after
{Heap after GC invocations=11 (full 0):
 garbage-first heap   total 262144K, used 42790K [0x00000000a0000000, 0x0000000100000000)
  region size 1024K, 12 young (12288K), 12 survivors (12288K)
 Metaspace       used 43026K, capacity 43957K, committed 44080K, reserved 1087488K
  class space    used 5345K, capacity 5676K, committed 5760K, reserved 1048576K
}

Deoptimization events (20 events):
Event: 17.950 Thread 0x0000026ad56f5000 Uncommon trap: trap_request=0xffffffde fr.pc=0x0000026ac47d8de8 relative=0x0000000000000648
Event: 17.950 Thread 0x0000026ad56f5000 Uncommon trap: reason=class_check action=maybe_recompile pc=0x0000026ac47d8de8 method=sun.security.provider.DigestBase.engineDigest([BII)I @ 97 c2
Event: 17.950 Thread 0x0000026ad56f5000 DEOPT PACKING pc=0x0000026ac47d8de8 sp=0x000000963fdfe3f0
Event: 17.950 Thread 0x0000026ad56f5000 DEOPT UNPACKING pc=0x0000026abcb874af sp=0x000000963fdfe3c0 mode 2
Event: 17.953 Thread 0x0000026ad56f5000 Uncommon trap: trap_request=0xffffffde fr.pc=0x0000026ac47d4530 relative=0x0000000000000070
Event: 17.953 Thread 0x0000026ad56f5000 Uncommon trap: reason=class_check action=maybe_recompile pc=0x0000026ac47d4530 method=java.io.InputStream.read([B)I @ 5 c2
Event: 17.953 Thread 0x0000026ad56f5000 DEOPT PACKING pc=0x0000026ac47d4530 sp=0x000000963fdfe4a0
Event: 17.953 Thread 0x0000026ad56f5000 DEOPT UNPACKING pc=0x0000026abcb874af sp=0x000000963fdfe428 mode 2
Event: 17.954 Thread 0x0000026ad56f5000 Uncommon trap: trap_request=0xffffffde fr.pc=0x0000026ac47d4530 relative=0x0000000000000070
Event: 17.954 Thread 0x0000026ad56f5000 Uncommon trap: reason=class_check action=maybe_recompile pc=0x0000026ac47d4530 method=java.io.InputStream.read([B)I @ 5 c2
Event: 17.954 Thread 0x0000026ad56f5000 DEOPT PACKING pc=0x0000026ac47d4530 sp=0x000000963fdfe3a0
Event: 17.954 Thread 0x0000026ad56f5000 DEOPT UNPACKING pc=0x0000026abcb874af sp=0x000000963fdfe328 mode 2
Event: 17.957 Thread 0x0000026ad56f5000 Uncommon trap: trap_request=0xffffffde fr.pc=0x0000026ac47d4530 relative=0x0000000000000070
Event: 17.957 Thread 0x0000026ad56f5000 Uncommon trap: reason=class_check action=maybe_recompile pc=0x0000026ac47d4530 method=java.io.InputStream.read([B)I @ 5 c2
Event: 17.957 Thread 0x0000026ad56f5000 DEOPT PACKING pc=0x0000026ac47d4530 sp=0x000000963fdfe4a0
Event: 17.957 Thread 0x0000026ad56f5000 DEOPT UNPACKING pc=0x0000026abcb874af sp=0x000000963fdfe428 mode 2
Event: 17.957 Thread 0x0000026ad56f5000 Uncommon trap: trap_request=0xffffffde fr.pc=0x0000026ac47d4530 relative=0x0000000000000070
Event: 17.958 Thread 0x0000026ad56f5000 Uncommon trap: reason=class_check action=maybe_recompile pc=0x0000026ac47d4530 method=java.io.InputStream.read([B)I @ 5 c2
Event: 17.958 Thread 0x0000026ad56f5000 DEOPT PACKING pc=0x0000026ac47d4530 sp=0x000000963fdfe3a0
Event: 17.958 Thread 0x0000026ad56f5000 DEOPT UNPACKING pc=0x0000026abcb874af sp=0x000000963fdfe328 mode 2

Classes redefined (0 events):
No events

Internal exceptions (20 events):
Event: 15.466 Thread 0x0000026ad49b8800 Exception <a 'java/lang/ClassNotFoundException'{0x00000000ae8969e8}: org/gradle/internal/metaobject/ConfigureDelegateCustomizer> (0x00000000ae8969e8) thrown at [./src/hotspot/share/classfile/systemDictionary.cpp, line 231]
Event: 15.473 Thread 0x0000026ad49b8800 Exception <a 'java/lang/ClassNotFoundException'{0x00000000ae8ef200}: org/gradle/api/internal/initialization/DefaultScriptHandlerBeanInfo> (0x00000000ae8ef200) thrown at [./src/hotspot/share/classfile/systemDictionary.cpp, line 231]
Event: 15.474 Thread 0x0000026ad49b8800 Exception <a 'java/lang/ClassNotFoundException'{0x00000000ae70ee98}: org/gradle/api/internal/initialization/DefaultScriptHandlerCustomizer> (0x00000000ae70ee98) thrown at [./src/hotspot/share/classfile/systemDictionary.cpp, line 231]
Event: 15.637 Thread 0x0000026ad49b8800 Exception <a 'java/lang/ClassNotFoundException'{0x00000000ae1df180}: org/gradle/api/internal/artifacts/dsl/dependencies/DefaultDependencyHandler_DecoratedBeanInfo> (0x00000000ae1df180) thrown at [./src/hotspot/share/classfile/systemDictionary.cpp, line 231]
Event: 15.638 Thread 0x0000026ad49b8800 Exception <a 'java/lang/ClassNotFoundException'{0x00000000ae010550}: org/gradle/api/internal/artifacts/dsl/dependencies/DefaultDependencyHandlerBeanInfo> (0x00000000ae010550) thrown at [./src/hotspot/share/classfile/systemDictionary.cpp, line 231]
Event: 15.639 Thread 0x0000026ad49b8800 Exception <a 'java/lang/ClassNotFoundException'{0x00000000ae0413d8}: org/gradle/api/internal/artifacts/dsl/dependencies/DefaultDependencyHandlerCustomizer> (0x00000000ae0413d8) thrown at [./src/hotspot/share/classfile/systemDictionary.cpp, line 231]
Event: 15.646 Thread 0x0000026ad49b8800 Exception <a 'java/lang/ClassNotFoundException'{0x00000000ae091298}: org/gradle/api/internal/artifacts/dsl/dependencies/DefaultDependencyHandler_DecoratedCustomizer> (0x00000000ae091298) thrown at [./src/hotspot/share/classfile/systemDictionary.cpp, line 231]
Event: 15.842 Thread 0x0000026ad49b8800 Exception <a 'java/lang/NoSuchMethodError'{0x00000000ad5e3450}: 'int java.lang.invoke.DirectMethodHandle$Holder.invokeInterface(java.lang.Object, java.lang.Object)'> (0x00000000ad5e3450) thrown at [./src/hotspot/share/interpreter/linkResolver.cpp, line 773]
Event: 15.842 Thread 0x0000026ad49b8800 Exception <a 'java/lang/IncompatibleClassChangeError'{0x00000000ad5e6c88}: Found class java.lang.Object, but interface was expected> (0x00000000ad5e6c88) thrown at [./src/hotspot/share/interpreter/linkResolver.cpp, line 839]
Event: 15.936 Thread 0x0000026ad49b8800 Exception <a 'java/lang/NoSuchMethodError'{0x00000000ad0aff20}: 'int java.lang.invoke.DirectMethodHandle$Holder.invokeStaticInit(java.lang.Object)'> (0x00000000ad0aff20) thrown at [./src/hotspot/share/interpreter/linkResolver.cpp, line 773]
Event: 18.001 Thread 0x0000026ad56f5000 Exception <a 'sun/nio/fs/WindowsException'{0x00000000aeeda6e0}> (0x00000000aeeda6e0) thrown at [./src/hotspot/share/prims/jni.cpp, line 615]
Event: 18.040 Thread 0x0000026ad56f5000 Exception <a 'sun/nio/fs/WindowsException'{0x00000000aeeda8c0}> (0x00000000aeeda8c0) thrown at [./src/hotspot/share/prims/jni.cpp, line 615]
Event: 18.050 Thread 0x0000026ad49b8800 Exception <a 'java/lang/ClassNotFoundException'{0x00000000aed52b08}: sync_studio_tooling3792_2s7vbc2p2yuh10zljks20yckkBeanInfo> (0x00000000aed52b08) thrown at [./src/hotspot/share/classfile/systemDictionary.cpp, line 231]
Event: 18.051 Thread 0x0000026ad49b8800 Exception <a 'java/lang/ClassNotFoundException'{0x00000000aed5b820}: sync_studio_tooling3792_2s7vbc2p2yuh10zljks20yckkCustomizer> (0x00000000aed5b820) thrown at [./src/hotspot/share/classfile/systemDictionary.cpp, line 231]
Event: 18.072 Thread 0x0000026ad49b8800 Exception <a 'java/lang/ClassNotFoundException'{0x00000000aec7afa8}: org/gradle/invocation/DefaultGradle_DecoratedBeanInfo> (0x00000000aec7afa8) thrown at [./src/hotspot/share/classfile/systemDictionary.cpp, line 231]
Event: 18.075 Thread 0x0000026ad49b8800 Exception <a 'java/lang/ClassNotFoundException'{0x00000000aec95a40}: org/gradle/invocation/DefaultGradleBeanInfo> (0x00000000aec95a40) thrown at [./src/hotspot/share/classfile/systemDictionary.cpp, line 231]
Event: 18.076 Thread 0x0000026ad49b8800 Exception <a 'java/lang/ClassNotFoundException'{0x00000000aecb3e08}: org/gradle/api/internal/project/AbstractPluginAwareBeanInfo> (0x00000000aecb3e08) thrown at [./src/hotspot/share/classfile/systemDictionary.cpp, line 231]
Event: 18.077 Thread 0x0000026ad49b8800 Exception <a 'java/lang/ClassNotFoundException'{0x00000000aecd1748}: org/gradle/api/internal/project/AbstractPluginAwareCustomizer> (0x00000000aecd1748) thrown at [./src/hotspot/share/classfile/systemDictionary.cpp, line 231]
Event: 18.150 Thread 0x0000026ad49b8800 Exception <a 'java/lang/ClassNotFoundException'{0x00000000aecf49f0}: org/gradle/invocation/DefaultGradleCustomizer> (0x00000000aecf49f0) thrown at [./src/hotspot/share/classfile/systemDictionary.cpp, line 231]
Event: 18.156 Thread 0x0000026ad49b8800 Exception <a 'java/lang/ClassNotFoundException'{0x00000000aeb3fe38}: org/gradle/invocation/DefaultGradle_DecoratedCustomizer> (0x00000000aeb3fe38) thrown at [./src/hotspot/share/classfile/systemDictionary.cpp, line 231]

Events (20 events):
Event: 18.149 loading class org/gradle/invocation/DefaultGradleCustomizer
Event: 18.149 loading class org/gradle/invocation/DefaultGradleCustomizer done
Event: 18.149 loading class org/gradle/invocation/DefaultGradleCustomizer
Event: 18.149 loading class org/gradle/invocation/DefaultGradleCustomizer done
Event: 18.149 loading class org/gradle/invocation/DefaultGradleCustomizer
Event: 18.149 loading class org/gradle/invocation/DefaultGradleCustomizer done
Event: 18.150 loading class org/gradle/invocation/DefaultGradleCustomizer
Event: 18.150 loading class org/gradle/invocation/DefaultGradleCustomizer done
Event: 18.154 loading class org/gradle/invocation/DefaultGradle_DecoratedCustomizer
Event: 18.154 loading class org/gradle/invocation/DefaultGradle_DecoratedCustomizer done
Event: 18.154 loading class org/gradle/invocation/DefaultGradle_DecoratedCustomizer
Event: 18.154 loading class org/gradle/invocation/DefaultGradle_DecoratedCustomizer done
Event: 18.154 loading class org/gradle/invocation/DefaultGradle_DecoratedCustomizer
Event: 18.154 loading class org/gradle/invocation/DefaultGradle_DecoratedCustomizer done
Event: 18.156 loading class org/gradle/invocation/DefaultGradle_DecoratedCustomizer
Event: 18.156 loading class org/gradle/invocation/DefaultGradle_DecoratedCustomizer done
Event: 18.163 loading class org/gradle/invocation/DefaultGradle$2
Event: 18.163 loading class org/gradle/invocation/DefaultGradle$2 done
Event: 18.164 loading class org/gradle/configuration/internal/DefaultListenerBuildOperationDecorator$BuildOperationEmittingAction
Event: 18.164 loading class org/gradle/configuration/internal/DefaultListenerBuildOperationDecorator$BuildOperationEmittingAction done


Dynamic libraries:
0x00007ff663ca0000 - 0x00007ff663caa000 	C:\Program Files\Android\Android Studio1\jre\bin\java.exe
0x00007ff978510000 - 0x00007ff978705000 	C:\Windows\SYSTEM32\ntdll.dll
0x00007ff976fd0000 - 0x00007ff97708d000 	C:\Windows\System32\KERNEL32.DLL
0x00007ff975e50000 - 0x00007ff976118000 	C:\Windows\System32\KERNELBASE.dll
0x00007ff9763c0000 - 0x00007ff9764c0000 	C:\Windows\System32\ucrtbase.dll
0x00007ff951f80000 - 0x00007ff951f97000 	C:\Program Files\Android\Android Studio1\jre\bin\VCRUNTIME140.dll
0x00007ff951f60000 - 0x00007ff951f79000 	C:\Program Files\Android\Android Studio1\jre\bin\jli.dll
0x00007ff9771e0000 - 0x00007ff977380000 	C:\Windows\System32\USER32.dll
0x00007ff9764c0000 - 0x00007ff9764e2000 	C:\Windows\System32\win32u.dll
0x00007ff958600000 - 0x00007ff95889a000 	C:\Windows\WinSxS\amd64_microsoft.windows.common-controls_6595b64144ccf1df_6.0.19041.844_none_ca00b6081b84eb1d\COMCTL32.dll
0x00007ff977420000 - 0x00007ff97744a000 	C:\Windows\System32\GDI32.dll
0x00007ff976120000 - 0x00007ff97622b000 	C:\Windows\System32\gdi32full.dll
0x00007ff976f30000 - 0x00007ff976fce000 	C:\Windows\System32\msvcrt.dll
0x00007ff975c50000 - 0x00007ff975ced000 	C:\Windows\System32\msvcp_win.dll
0x00007ff9771b0000 - 0x00007ff9771e0000 	C:\Windows\System32\IMM32.DLL
0x00007ff951940000 - 0x00007ff9519dd000 	C:\Program Files\Android\Android Studio1\jre\bin\msvcp140.dll
0x00007ff93e110000 - 0x00007ff93ebcc000 	C:\Program Files\Android\Android Studio1\jre\bin\server\jvm.dll
0x00007ff977df0000 - 0x00007ff977e9c000 	C:\Windows\System32\ADVAPI32.dll
0x00007ff9780d0000 - 0x00007ff97816b000 	C:\Windows\System32\sechost.dll
0x00007ff977790000 - 0x00007ff9778bb000 	C:\Windows\System32\RPCRT4.dll
0x00007ff976f20000 - 0x00007ff976f28000 	C:\Windows\System32\PSAPI.DLL
0x00007ff959f50000 - 0x00007ff959f77000 	C:\Windows\SYSTEM32\WINMM.dll
0x00007ff96f3b0000 - 0x00007ff96f3b9000 	C:\Windows\SYSTEM32\WSOCK32.dll
0x00007ff973660000 - 0x00007ff97366a000 	C:\Windows\SYSTEM32\VERSION.dll
0x00007ff9774b0000 - 0x00007ff97751b000 	C:\Windows\System32\WS2_32.dll
0x00007ff973bf0000 - 0x00007ff973c02000 	C:\Windows\SYSTEM32\kernel.appcore.dll
0x00007ff9717b0000 - 0x00007ff9717c1000 	C:\Program Files\Android\Android Studio1\jre\bin\verify.dll
0x00007ff9636b0000 - 0x00007ff963894000 	C:\Windows\SYSTEM32\DBGHELP.DLL
0x00007ff963c10000 - 0x00007ff963c3c000 	C:\Windows\SYSTEM32\dbgcore.DLL
0x00007ff976230000 - 0x00007ff9762b0000 	C:\Windows\System32\bcryptPrimitives.dll
0x00007ff971780000 - 0x00007ff9717a9000 	C:\Program Files\Android\Android Studio1\jre\bin\java.dll
0x00007ff973710000 - 0x00007ff97371b000 	C:\Program Files\Android\Android Studio1\jre\bin\jimage.dll
0x00007ff96e8e0000 - 0x00007ff96e8f8000 	C:\Program Files\Android\Android Studio1\jre\bin\zip.dll
0x00007ff9767d0000 - 0x00007ff976f12000 	C:\Windows\System32\SHELL32.dll
0x00007ff973da0000 - 0x00007ff974530000 	C:\Windows\SYSTEM32\windows.storage.dll
0x00007ff978170000 - 0x00007ff9784c5000 	C:\Windows\System32\combase.dll
0x00007ff9756c0000 - 0x00007ff9756ec000 	C:\Windows\SYSTEM32\Wldp.dll
0x00007ff977d40000 - 0x00007ff977dee000 	C:\Windows\System32\SHCORE.dll
0x00007ff977450000 - 0x00007ff9774a5000 	C:\Windows\System32\shlwapi.dll
0x00007ff975b90000 - 0x00007ff975baf000 	C:\Windows\SYSTEM32\profapi.dll
0x00007ff96e8c0000 - 0x00007ff96e8da000 	C:\Program Files\Android\Android Studio1\jre\bin\net.dll
0x00007ff969530000 - 0x00007ff96963b000 	C:\Windows\SYSTEM32\WINHTTP.dll
0x00007ff975430000 - 0x00007ff97549a000 	C:\Windows\system32\mswsock.dll
0x00007ff96e6c0000 - 0x00007ff96e6d4000 	C:\Program Files\Android\Android Studio1\jre\bin\nio.dll
0x00007ff92f030000 - 0x00007ff92f057000 	C:\Users\raja\.gradle\native\f6784746aeab05261644944871eae4fe03e0ef1612fff0a4a95f87b438bc6780\windows-amd64\native-platform.dll
0x00007ff9733e0000 - 0x00007ff9733ea000 	C:\Program Files\Android\Android Studio1\jre\bin\management.dll
0x00007ff96e890000 - 0x00007ff96e89c000 	C:\Program Files\Android\Android Studio1\jre\bin\management_ext.dll
0x00007ff975610000 - 0x00007ff975628000 	C:\Windows\SYSTEM32\CRYPTSP.dll
0x00007ff974d60000 - 0x00007ff974d94000 	C:\Windows\system32\rsaenh.dll
0x00007ff9764f0000 - 0x00007ff976517000 	C:\Windows\System32\bcrypt.dll
0x00007ff975b10000 - 0x00007ff975b3e000 	C:\Windows\SYSTEM32\USERENV.dll
0x00007ff975600000 - 0x00007ff97560c000 	C:\Windows\SYSTEM32\CRYPTBASE.dll
0x00007ff9750d0000 - 0x00007ff97510b000 	C:\Windows\SYSTEM32\IPHLPAPI.DLL
0x00007ff9778c0000 - 0x00007ff9778c8000 	C:\Windows\System32\NSI.dll
0x00007ff96a7a0000 - 0x00007ff96a7b7000 	C:\Windows\SYSTEM32\dhcpcsvc6.DLL
0x00007ff96cb30000 - 0x00007ff96cb4d000 	C:\Windows\SYSTEM32\dhcpcsvc.DLL
0x00007ff975120000 - 0x00007ff9751ec000 	C:\Windows\SYSTEM32\DNSAPI.dll
0x00007ff96d130000 - 0x00007ff96d13b000 	C:\Windows\SYSTEM32\WINNSI.DLL

dbghelp: loaded successfully - version: 4.0.5 - missing functions: none
symbol engine: initialized successfully - sym options: 0x614 - pdb path: .;C:\Program Files\Android\Android Studio1\jre\bin;C:\Windows\SYSTEM32;C:\Windows\WinSxS\amd64_microsoft.windows.common-controls_6595b64144ccf1df_6.0.19041.844_none_ca00b6081b84eb1d;C:\Program Files\Android\Android Studio1\jre\bin\server;C:\Users\raja\.gradle\native\f6784746aeab05261644944871eae4fe03e0ef1612fff0a4a95f87b438bc6780\windows-amd64

VM Arguments:
jvm_args: --add-opens=java.base/java.util=ALL-UNNAMED --add-opens=java.base/java.lang=ALL-UNNAMED --add-opens=java.base/java.lang.invoke=ALL-UNNAMED --add-opens=java.prefs/java.util.prefs=ALL-UNNAMED -Xmx1536m -Dfile.encoding=windows-1252 -Duser.country=US -Duser.language=en -Duser.variant 
java_command: org.gradle.launcher.daemon.bootstrap.GradleDaemon 6.5
java_class_path (initial): C:\Users\raja\.gradle\wrapper\dists\gradle-6.5-all\2oz4ud9k3tuxjg84bbf55q0tn\gradle-6.5\lib\gradle-launcher-6.5.jar
Launcher Type: SUN_STANDARD

[Global flags]
     intx CICompilerCount                          = 3                                         {product} {ergonomic}
     uint ConcGCThreads                            = 1                                         {product} {ergonomic}
     uint G1ConcRefinementThreads                  = 4                                         {product} {ergonomic}
   size_t G1HeapRegionSize                         = 1048576                                   {product} {ergonomic}
    uintx GCDrainStackTargetSize                   = 64                                        {product} {ergonomic}
   size_t InitialHeapSize                          = 268435456                                 {product} {ergonomic}
   size_t MarkStackSize                            = 4194304                                   {product} {ergonomic}
   size_t MaxHeapSize                              = 1610612736                                {product} {command line}
   size_t MaxNewSize                               = 965738496                                 {product} {ergonomic}
   size_t MinHeapDeltaBytes                        = 1048576                                   {product} {ergonomic}
    uintx NonNMethodCodeHeapSize                   = 5830732                                {pd product} {ergonomic}
    uintx NonProfiledCodeHeapSize                  = 122913754                              {pd product} {ergonomic}
    uintx ProfiledCodeHeapSize                     = 122913754                              {pd product} {ergonomic}
    uintx ReservedCodeCacheSize                    = 251658240                              {pd product} {ergonomic}
     bool SegmentedCodeCache                       = true                                      {product} {ergonomic}
     bool UseCompressedClassPointers               = true                                 {lp64_product} {ergonomic}
     bool UseCompressedOops                        = true                                 {lp64_product} {ergonomic}
     bool UseG1GC                                  = true                                      {product} {ergonomic}
     bool UseLargePagesIndividualAllocation        = false                                  {pd product} {ergonomic}

Logging:
Log output configuration:
 #0: stdout all=warning uptime,level,tags
 #1: stderr all=off uptime,level,tags

Environment Variables:
PATH=C:\Windows\system32;C:\Windows;C:\Windows\System32\Wbem;C:\Windows\System32\WindowsPowerShell\v1.0\;C:\Windows\System32\OpenSSH\;C:\Program Files\Microsoft SQL Server\Client SDK\ODBC\170\Tools\Binn\;C:\Program Files (x86)\Microsoft SQL Server\150\Tools\Binn\;C:\Program Files\Microsoft SQL Server\150\Tools\Binn\;C:\Program Files\Microsoft SQL Server\150\DTS\Binn\;C:\Program Files (x86)\Microsoft SQL Server\150\DTS\Binn\;C:\Program Files\Azure Data Studio\bin;C:\Program Files\Microsoft SQL Server\130\Tools\Binn\;C:\Program Files\Git\cmd;C:\Program Files (x86)\GitExtensions\;C:\Program Files (x86)\nodejs\;C:\ProgramData\chocolatey\bin;C:\Program Files\dotnet\;C:\Users\raja\AppData\Local\Microsoft\WindowsApps;C:\Users\raja\AppData\Local\Programs\Microsoft VS Code\bin;C:\Program Files\Azure Data Studio\bin;C:\Users\raja\AppData\Roaming\npm;C:\Users\raja\.dotnet\tools
USERNAME=raja
OS=Windows_NT
PROCESSOR_IDENTIFIER=Intel64 Family 6 Model 60 Stepping 3, GenuineIntel



---------------  S Y S T E M  ---------------

OS: Windows 10 , 64 bit Build 19041 (10.0.19041.928)
OS uptime: 0 days 1:48 hours

CPU:total 4 (initial active 4) (2 cores per cpu, 2 threads per core) family 6 model 60 stepping 3, cmov, cx8, fxsr, mmx, sse, sse2, sse3, ssse3, sse4.1, sse4.2, popcnt, avx, avx2, aes, clmul, erms, lzcnt, ht, tsc, tscinvbit, bmi1, bmi2, fma

Memory: 4k page, system-wide physical 16281M (1680M free)
TotalPageFile size 41281M (AvailPageFile size 2M)
current process WorkingSet (physical memory assigned to process): 346M, peak: 354M
current process commit charge ("private bytes"): 436M, peak: 460M

vm_info: OpenJDK 64-Bit Server VM (11.0.8+10-b944.6842174) for windows-amd64 JRE (11.0.8+10-b944.6842174), built on Sep 19 2020 01:11:42 by "builder" with MS VC++ 14.0 (VS2015)

END.
