#
# There is insufficient memory for the Java Runtime Environment to continue.
# Native memory allocation (malloc) failed to allocate 1832976 bytes for Chunk::new
# Possible reasons:
#   The system is out of physical RAM or swap space
#   The process is running with CompressedOops enabled, and the Java Heap may be blocking the growth of the native heap
# Possible solutions:
#   Reduce memory load on the system
#   Increase physical memory or swap space
#   Check if swap backing store is full
#   Decrease Java heap size (-Xmx/-Xms)
#   Decrease number of Java threads
#   Decrease Java thread stack sizes (-Xss)
#   Set larger code cache with -XX:ReservedCodeCacheSize=
#   JVM is running with Unscaled Compressed Oops mode in which the Java heap is
#     placed in the first 4GB address space. The Java Heap base address is the
#     maximum limit for the native heap growth. Please use -XX:HeapBaseMinAddress
#     to set the Java Heap base and to place the Java Heap above 4GB virtual address.
# This output file may be truncated or incomplete.
#
#  Out of Memory Error (./src/hotspot/share/memory/arena.cpp:197), pid=9676, tid=17588
#
# JRE version: OpenJDK Runtime Environment (11.0.8+10) (build 11.0.8+10-b944.6842174)
# Java VM: OpenJDK 64-Bit Server VM (11.0.8+10-b944.6842174, mixed mode, tiered, compressed oops, g1 gc, windows-amd64)
# No core dump will be written. Minidumps are not enabled by default on client versions of Windows
#

---------------  S U M M A R Y ------------

Command Line: --add-opens=java.base/java.util=ALL-UNNAMED --add-opens=java.base/java.lang=ALL-UNNAMED --add-opens=java.base/java.lang.invoke=ALL-UNNAMED --add-opens=java.prefs/java.util.prefs=ALL-UNNAMED -Xmx1536m -Dfile.encoding=windows-1252 -Duser.country=US -Duser.language=en -Duser.variant org.gradle.launcher.daemon.bootstrap.GradleDaemon 6.5

Host: Intel(R) Core(TM) i5-4300M CPU @ 2.60GHz, 4 cores, 15G,  Windows 10 , 64 bit Build 19041 (10.0.19041.928)
Time: Wed May 26 00:46:44 2021 Pakistan Standard Time elapsed time: 3 seconds (0d 0h 0m 3s)

---------------  T H R E A D  ---------------

Current thread (0x000002182180a000):  JavaThread "C2 CompilerThread0" daemon [_thread_in_native, id=17588, stack(0x0000008ff7b00000,0x0000008ff7c00000)]


Current CompileTask:
C2:   3967 2229   !   4       java.net.URLClassLoader$1::run (63 bytes)

Stack: [0x0000008ff7b00000,0x0000008ff7c00000]
Native frames: (J=compiled Java code, j=interpreted, Vv=VM code, C=native code)
V  [jvm.dll+0x5de50a]
V  [jvm.dll+0x7122f5]
V  [jvm.dll+0x71384d]
V  [jvm.dll+0x713f03]
V  [jvm.dll+0x23e728]
V  [jvm.dll+0xb899c]
V  [jvm.dll+0xb8e9c]
V  [jvm.dll+0x35024d]
V  [jvm.dll+0x31dea3]
V  [jvm.dll+0x31d39a]
V  [jvm.dll+0x1f7702]
V  [jvm.dll+0x1f68d4]
V  [jvm.dll+0x17f32c]
V  [jvm.dll+0x205047]
V  [jvm.dll+0x203891]
V  [jvm.dll+0x6dad3f]
V  [jvm.dll+0x6d3895]
V  [jvm.dll+0x5dd4a6]
C  [ucrtbase.dll+0x21bb2]
C  [KERNEL32.DLL+0x17034]
C  [ntdll.dll+0x52651]


---------------  P R O C E S S  ---------------

Threads class SMR info:
_java_thread_list=0x000002182607ad70, length=46, elements={
0x00000218080a9000, 0x0000021820f8e000, 0x0000021820f85000, 0x0000021821807800,
0x0000021821808800, 0x000002182180a000, 0x0000021821812000, 0x0000021821813800,
0x0000021821972800, 0x0000021821991000, 0x0000021822bc0800, 0x00000218225bf800,
0x0000021823037000, 0x00000218227ba800, 0x0000021822eca800, 0x00000218226ee800,
0x0000021822f20000, 0x0000021823016800, 0x00000218232e2000, 0x0000021822e69800,
0x0000021823a07000, 0x0000021823a05000, 0x0000021823a03000, 0x0000021823036800,
0x0000021823a01800, 0x0000021823a06800, 0x0000021823a04000, 0x0000021823a02800,
0x0000021823a05800, 0x0000021823a08000, 0x000002182638c800, 0x000002182638b000,
0x000002182638b800, 0x000002182638d000, 0x000002182638f000, 0x000002182638e000,
0x0000021826389000, 0x000002182638a000, 0x0000021826390800, 0x0000021826395800,
0x0000021826391800, 0x0000021826394000, 0x0000021826394800, 0x000002182638f800,
0x0000021826396000, 0x0000021826393000
}

Java Threads: ( => current thread )
  0x00000218080a9000 JavaThread "main" [_thread_blocked, id=20140, stack(0x0000008ff7000000,0x0000008ff7100000)]
  0x0000021820f8e000 JavaThread "Reference Handler" daemon [_thread_blocked, id=20112, stack(0x0000008ff7700000,0x0000008ff7800000)]
  0x0000021820f85000 JavaThread "Finalizer" daemon [_thread_blocked, id=20492, stack(0x0000008ff7800000,0x0000008ff7900000)]
  0x0000021821807800 JavaThread "Signal Dispatcher" daemon [_thread_blocked, id=20208, stack(0x0000008ff7900000,0x0000008ff7a00000)]
  0x0000021821808800 JavaThread "Attach Listener" daemon [_thread_blocked, id=11084, stack(0x0000008ff7a00000,0x0000008ff7b00000)]
=>0x000002182180a000 JavaThread "C2 CompilerThread0" daemon [_thread_in_native, id=17588, stack(0x0000008ff7b00000,0x0000008ff7c00000)]
  0x0000021821812000 JavaThread "C1 CompilerThread0" daemon [_thread_blocked, id=6152, stack(0x0000008ff7c00000,0x0000008ff7d00000)]
  0x0000021821813800 JavaThread "Sweeper thread" daemon [_thread_blocked, id=1440, stack(0x0000008ff7d00000,0x0000008ff7e00000)]
  0x0000021821972800 JavaThread "Common-Cleaner" daemon [_thread_blocked, id=12700, stack(0x0000008ff7e00000,0x0000008ff7f00000)]
  0x0000021821991000 JavaThread "Service Thread" daemon [_thread_blocked, id=13988, stack(0x0000008ff7f00000,0x0000008ff8000000)]
  0x0000021822bc0800 JavaThread "Daemon health stats" [_thread_blocked, id=11056, stack(0x0000008ff8500000,0x0000008ff8600000)]
  0x00000218225bf800 JavaThread "Incoming local TCP Connector on port 60561" [_thread_in_native, id=9252, stack(0x0000008ff8700000,0x0000008ff8800000)]
  0x0000021823037000 JavaThread "Daemon periodic checks" [_thread_blocked, id=11320, stack(0x0000008ff8900000,0x0000008ff8a00000)]
  0x00000218227ba800 JavaThread "Daemon" [_thread_blocked, id=19532, stack(0x0000008ff8a00000,0x0000008ff8b00000)]
  0x0000021822eca800 JavaThread "Handler for socket connection from /127.0.0.1:60561 to /127.0.0.1:60562" [_thread_in_native, id=9248, stack(0x0000008ff8b00000,0x0000008ff8c00000)]
  0x00000218226ee800 JavaThread "Cancel handler" [_thread_blocked, id=17604, stack(0x0000008ff8c00000,0x0000008ff8d00000)]
  0x0000021822f20000 JavaThread "Daemon worker" [_thread_in_vm, id=20956, stack(0x0000008ff8d00000,0x0000008ff8e00000)]
  0x0000021823016800 JavaThread "Asynchronous log dispatcher for DefaultDaemonConnection: socket connection from /127.0.0.1:60561 to /127.0.0.1:60562" [_thread_blocked, id=6792, stack(0x0000008ff8e00000,0x0000008ff8f00000)]
  0x00000218232e2000 JavaThread "Stdin handler" [_thread_blocked, id=17580, stack(0x0000008ff8f00000,0x0000008ff9000000)]
  0x0000021822e69800 JavaThread "Thread-8" [_thread_blocked, id=21356, stack(0x0000008ff9000000,0x0000008ff9100000)]
  0x0000021823a07000 JavaThread "Cache worker for journal cache (C:\Users\raja\.gradle\caches\journal-1)" [_thread_blocked, id=20224, stack(0x0000008ff9100000,0x0000008ff9200000)]
  0x0000021823a05000 JavaThread "File lock request listener" [_thread_in_native, id=9364, stack(0x0000008ff9200000,0x0000008ff9300000)]
  0x0000021823a03000 JavaThread "Cache worker for file hash cache (C:\Users\raja\.gradle\caches\6.5\fileHashes)" [_thread_blocked, id=20900, stack(0x0000008ff9300000,0x0000008ff9400000)]
  0x0000021823036800 JavaThread "C2 CompilerThread1" daemon [_thread_in_native, id=19140, stack(0x0000008ff8800000,0x0000008ff8900000)]
  0x0000021823a01800 JavaThread "Cache worker for file hash cache (C:\Donatingsystem2\.gradle\6.5\fileHashes)" [_thread_blocked, id=16836, stack(0x0000008ff9400000,0x0000008ff9500000)]
  0x0000021823a06800 JavaThread "jar transforms" [_thread_blocked, id=20592, stack(0x0000008ff9500000,0x0000008ff9600000)]
  0x0000021823a04000 JavaThread "jar transforms Thread 2" [_thread_blocked, id=16896, stack(0x0000008ff9600000,0x0000008ff9700000)]
  0x0000021823a02800 JavaThread "jar transforms Thread 3" [_thread_blocked, id=21212, stack(0x0000008ff9700000,0x0000008ff9800000)]
  0x0000021823a05800 JavaThread "jar transforms Thread 4" [_thread_blocked, id=18676, stack(0x0000008ff9800000,0x0000008ff9900000)]
  0x0000021823a08000 JavaThread "jar transforms Thread 5" [_thread_blocked, id=20616, stack(0x0000008ff9900000,0x0000008ff9a00000)]
  0x000002182638c800 JavaThread "jar transforms Thread 6" [_thread_blocked, id=19572, stack(0x0000008ff9a00000,0x0000008ff9b00000)]
  0x000002182638b000 JavaThread "jar transforms Thread 7" [_thread_blocked, id=7584, stack(0x0000008ff9b00000,0x0000008ff9c00000)]
  0x000002182638b800 JavaThread "jar transforms Thread 8" [_thread_blocked, id=20784, stack(0x0000008ff9c00000,0x0000008ff9d00000)]
  0x000002182638d000 JavaThread "jar transforms Thread 9" [_thread_blocked, id=17456, stack(0x0000008ff9d00000,0x0000008ff9e00000)]
  0x000002182638f000 JavaThread "jar transforms Thread 10" [_thread_blocked, id=17928, stack(0x0000008ff9e00000,0x0000008ff9f00000)]
  0x000002182638e000 JavaThread "jar transforms Thread 11" [_thread_blocked, id=18808, stack(0x0000008ff9f00000,0x0000008ffa000000)]
  0x0000021826389000 JavaThread "jar transforms Thread 12" [_thread_blocked, id=10028, stack(0x0000008ffa000000,0x0000008ffa100000)]
  0x000002182638a000 JavaThread "jar transforms Thread 13" [_thread_blocked, id=19932, stack(0x0000008ffa100000,0x0000008ffa200000)]
  0x0000021826390800 JavaThread "jar transforms Thread 14" [_thread_blocked, id=2388, stack(0x0000008ffa200000,0x0000008ffa300000)]
  0x0000021826395800 JavaThread "jar transforms Thread 15" [_thread_blocked, id=8564, stack(0x0000008ffa300000,0x0000008ffa400000)]
  0x0000021826391800 JavaThread "jar transforms Thread 16" [_thread_blocked, id=18844, stack(0x0000008ffa400000,0x0000008ffa500000)]
  0x0000021826394000 JavaThread "jar transforms Thread 17" [_thread_blocked, id=11792, stack(0x0000008ffa500000,0x0000008ffa600000)]
  0x0000021826394800 JavaThread "jar transforms Thread 18" [_thread_blocked, id=2020, stack(0x0000008ffa600000,0x0000008ffa700000)]
  0x000002182638f800 JavaThread "jar transforms Thread 19" [_thread_blocked, id=21320, stack(0x0000008ffa700000,0x0000008ffa800000)]
  0x0000021826396000 JavaThread "jar transforms Thread 20" [_thread_blocked, id=19632, stack(0x0000008ffa800000,0x0000008ffa900000)]
  0x0000021826393000 JavaThread "jar transforms Thread 21" [_thread_blocked, id=15020, stack(0x0000008ffa900000,0x0000008ffaa00000)]

Other Threads:
  0x00000218217b5000 VMThread "VM Thread" [stack: 0x0000008ff7600000,0x0000008ff7700000] [id=21132]
  0x0000021821975000 WatcherThread [stack: 0x0000008ff8000000,0x0000008ff8100000] [id=11220]
  0x00000218080c1800 GCTaskThread "GC Thread#0" [stack: 0x0000008ff7100000,0x0000008ff7200000] [id=1080]
  0x00000218221d5800 GCTaskThread "GC Thread#1" [stack: 0x0000008ff8100000,0x0000008ff8200000] [id=2096]
  0x00000218221d6000 GCTaskThread "GC Thread#2" [stack: 0x0000008ff8200000,0x0000008ff8300000] [id=12432]
  0x00000218221d7000 GCTaskThread "GC Thread#3" [stack: 0x0000008ff8300000,0x0000008ff8400000] [id=19192]
  0x00000218080e8800 ConcurrentGCThread "G1 Main Marker" [stack: 0x0000008ff7200000,0x0000008ff7300000] [id=10064]
  0x00000218080ea800 ConcurrentGCThread "G1 Conc#0" [stack: 0x0000008ff7300000,0x0000008ff7400000] [id=616]
  0x000002180818d800 ConcurrentGCThread "G1 Refine#0" [stack: 0x0000008ff7400000,0x0000008ff7500000] [id=6312]
  0x000002180818e800 ConcurrentGCThread "G1 Young RemSet Sampling" [stack: 0x0000008ff7500000,0x0000008ff7600000] [id=21040]

Threads with active compile tasks:
C2 CompilerThread0   3990 2229   !   4       java.net.URLClassLoader$1::run (63 bytes)
C2 CompilerThread1   3990 2228       4       java.net.URLClassLoader$1::run (5 bytes)

VM state:not at safepoint (normal execution)

VM Mutex/Monitor currently owned by a thread: None

Heap address: 0x00000000a0000000, size: 1536 MB, Compressed Oops mode: 32-bit
Narrow klass base: 0x0000000000000000, Narrow klass shift: 3
Compressed class space size: 1073741824 Address: 0x0000000100000000

Heap:
 garbage-first heap   total 262144K, used 76733K [0x00000000a0000000, 0x0000000100000000)
  region size 1024K, 55 young (56320K), 4 survivors (4096K)
 Metaspace       used 26185K, capacity 26909K, committed 27132K, reserved 1073152K
  class space    used 3325K, capacity 3539K, committed 3584K, reserved 1048576K
Heap Regions: E=young(eden), S=young(survivor), O=old, HS=humongous(starts), HC=humongous(continues), CS=collection set, F=free, A=archive, TAMS=top-at-mark-start (previous, next)
|   0|0x00000000a0000000, 0x00000000a0100000, 0x00000000a0100000|100%| O|  |TAMS 0x00000000a0100000, 0x00000000a0000000| Untracked 
|   1|0x00000000a0100000, 0x00000000a0200000, 0x00000000a0200000|100%| O|  |TAMS 0x00000000a0200000, 0x00000000a0100000| Untracked 
|   2|0x00000000a0200000, 0x00000000a0300000, 0x00000000a0300000|100%| O|  |TAMS 0x00000000a0300000, 0x00000000a0200000| Untracked 
|   3|0x00000000a0300000, 0x00000000a0400000, 0x00000000a0400000|100%|HS|  |TAMS 0x00000000a0400000, 0x00000000a0300000| Complete 
|   4|0x00000000a0400000, 0x00000000a0500000, 0x00000000a0500000|100%|HC|  |TAMS 0x00000000a0500000, 0x00000000a0400000| Complete 
|   5|0x00000000a0500000, 0x00000000a0600000, 0x00000000a0600000|100%|HC|  |TAMS 0x00000000a0600000, 0x00000000a0500000| Complete 
|   6|0x00000000a0600000, 0x00000000a0700000, 0x00000000a0700000|100%| O|  |TAMS 0x00000000a0700000, 0x00000000a0600000| Untracked 
|   7|0x00000000a0700000, 0x00000000a0800000, 0x00000000a0800000|100%| O|  |TAMS 0x00000000a0800000, 0x00000000a0700000| Untracked 
|   8|0x00000000a0800000, 0x00000000a0900000, 0x00000000a0900000|100%| O|  |TAMS 0x00000000a0900000, 0x00000000a0800000| Untracked 
|   9|0x00000000a0900000, 0x00000000a0a00000, 0x00000000a0a00000|100%| O|  |TAMS 0x00000000a0a00000, 0x00000000a0900000| Untracked 
|  10|0x00000000a0a00000, 0x00000000a0b00000, 0x00000000a0b00000|100%| O|  |TAMS 0x00000000a0b00000, 0x00000000a0a00000| Untracked 
|  11|0x00000000a0b00000, 0x00000000a0c00000, 0x00000000a0c00000|100%| O|  |TAMS 0x00000000a0c00000, 0x00000000a0b00000| Untracked 
|  12|0x00000000a0c00000, 0x00000000a0cd0000, 0x00000000a0d00000| 81%| O|  |TAMS 0x00000000a0cd0000, 0x00000000a0c00000| Untracked 
|  13|0x00000000a0d00000, 0x00000000a0e00000, 0x00000000a0e00000|100%|HS|  |TAMS 0x00000000a0d00000, 0x00000000a0d00000| Complete 
|  14|0x00000000a0e00000, 0x00000000a0f00000, 0x00000000a0f00000|100%|HC|  |TAMS 0x00000000a0e00000, 0x00000000a0e00000| Complete 
|  15|0x00000000a0f00000, 0x00000000a1000000, 0x00000000a1000000|100%|HS|  |TAMS 0x00000000a0f00000, 0x00000000a0f00000| Complete 
|  16|0x00000000a1000000, 0x00000000a1100000, 0x00000000a1100000|100%|HC|  |TAMS 0x00000000a1000000, 0x00000000a1000000| Complete 
|  17|0x00000000a1100000, 0x00000000a1200000, 0x00000000a1200000|100%|HC|  |TAMS 0x00000000a1100000, 0x00000000a1100000| Complete 
|  18|0x00000000a1200000, 0x00000000a1300000, 0x00000000a1300000|100%|HS|  |TAMS 0x00000000a1200000, 0x00000000a1200000| Complete 
|  19|0x00000000a1300000, 0x00000000a1400000, 0x00000000a1400000|100%|HC|  |TAMS 0x00000000a1300000, 0x00000000a1300000| Complete 
|  20|0x00000000a1400000, 0x00000000a1500000, 0x00000000a1500000|100%|HC|  |TAMS 0x00000000a1400000, 0x00000000a1400000| Complete 
|  21|0x00000000a1500000, 0x00000000a1600000, 0x00000000a1600000|100%|HC|  |TAMS 0x00000000a1500000, 0x00000000a1500000| Complete 
|  22|0x00000000a1600000, 0x00000000a1600000, 0x00000000a1700000|  0%| F|  |TAMS 0x00000000a1600000, 0x00000000a1600000| Untracked 
|  23|0x00000000a1700000, 0x00000000a1700000, 0x00000000a1800000|  0%| F|  |TAMS 0x00000000a1700000, 0x00000000a1700000| Untracked 
|  24|0x00000000a1800000, 0x00000000a1800000, 0x00000000a1900000|  0%| F|  |TAMS 0x00000000a1800000, 0x00000000a1800000| Untracked 
|  25|0x00000000a1900000, 0x00000000a1900000, 0x00000000a1a00000|  0%| F|  |TAMS 0x00000000a1900000, 0x00000000a1900000| Untracked 
|  26|0x00000000a1a00000, 0x00000000a1a00000, 0x00000000a1b00000|  0%| F|  |TAMS 0x00000000a1a00000, 0x00000000a1a00000| Untracked 
|  27|0x00000000a1b00000, 0x00000000a1b00000, 0x00000000a1c00000|  0%| F|  |TAMS 0x00000000a1b00000, 0x00000000a1b00000| Untracked 
|  28|0x00000000a1c00000, 0x00000000a1c00000, 0x00000000a1d00000|  0%| F|  |TAMS 0x00000000a1c00000, 0x00000000a1c00000| Untracked 
|  29|0x00000000a1d00000, 0x00000000a1d00000, 0x00000000a1e00000|  0%| F|  |TAMS 0x00000000a1d00000, 0x00000000a1d00000| Untracked 
|  30|0x00000000a1e00000, 0x00000000a1e00000, 0x00000000a1f00000|  0%| F|  |TAMS 0x00000000a1e00000, 0x00000000a1e00000| Untracked 
|  31|0x00000000a1f00000, 0x00000000a1f00000, 0x00000000a2000000|  0%| F|  |TAMS 0x00000000a1f00000, 0x00000000a1f00000| Untracked 
|  32|0x00000000a2000000, 0x00000000a2000000, 0x00000000a2100000|  0%| F|  |TAMS 0x00000000a2000000, 0x00000000a2000000| Untracked 
|  33|0x00000000a2100000, 0x00000000a2100000, 0x00000000a2200000|  0%| F|  |TAMS 0x00000000a2100000, 0x00000000a2100000| Untracked 
|  34|0x00000000a2200000, 0x00000000a2200000, 0x00000000a2300000|  0%| F|  |TAMS 0x00000000a2200000, 0x00000000a2200000| Untracked 
|  35|0x00000000a2300000, 0x00000000a2300000, 0x00000000a2400000|  0%| F|  |TAMS 0x00000000a2300000, 0x00000000a2300000| Untracked 
|  36|0x00000000a2400000, 0x00000000a2400000, 0x00000000a2500000|  0%| F|  |TAMS 0x00000000a2400000, 0x00000000a2400000| Untracked 
|  37|0x00000000a2500000, 0x00000000a2500000, 0x00000000a2600000|  0%| F|  |TAMS 0x00000000a2500000, 0x00000000a2500000| Untracked 
|  38|0x00000000a2600000, 0x00000000a2600000, 0x00000000a2700000|  0%| F|  |TAMS 0x00000000a2600000, 0x00000000a2600000| Untracked 
|  39|0x00000000a2700000, 0x00000000a2700000, 0x00000000a2800000|  0%| F|  |TAMS 0x00000000a2700000, 0x00000000a2700000| Untracked 
|  40|0x00000000a2800000, 0x00000000a2800000, 0x00000000a2900000|  0%| F|  |TAMS 0x00000000a2800000, 0x00000000a2800000| Untracked 
|  41|0x00000000a2900000, 0x00000000a2900000, 0x00000000a2a00000|  0%| F|  |TAMS 0x00000000a2900000, 0x00000000a2900000| Untracked 
|  42|0x00000000a2a00000, 0x00000000a2a00000, 0x00000000a2b00000|  0%| F|  |TAMS 0x00000000a2a00000, 0x00000000a2a00000| Untracked 
|  43|0x00000000a2b00000, 0x00000000a2b00000, 0x00000000a2c00000|  0%| F|  |TAMS 0x00000000a2b00000, 0x00000000a2b00000| Untracked 
|  44|0x00000000a2c00000, 0x00000000a2c00000, 0x00000000a2d00000|  0%| F|  |TAMS 0x00000000a2c00000, 0x00000000a2c00000| Untracked 
|  45|0x00000000a2d00000, 0x00000000a2d00000, 0x00000000a2e00000|  0%| F|  |TAMS 0x00000000a2d00000, 0x00000000a2d00000| Untracked 
|  46|0x00000000a2e00000, 0x00000000a2e00000, 0x00000000a2f00000|  0%| F|  |TAMS 0x00000000a2e00000, 0x00000000a2e00000| Untracked 
|  47|0x00000000a2f00000, 0x00000000a2f00000, 0x00000000a3000000|  0%| F|  |TAMS 0x00000000a2f00000, 0x00000000a2f00000| Untracked 
|  48|0x00000000a3000000, 0x00000000a3000000, 0x00000000a3100000|  0%| F|  |TAMS 0x00000000a3000000, 0x00000000a3000000| Untracked 
|  49|0x00000000a3100000, 0x00000000a3100000, 0x00000000a3200000|  0%| F|  |TAMS 0x00000000a3100000, 0x00000000a3100000| Untracked 
|  50|0x00000000a3200000, 0x00000000a3200000, 0x00000000a3300000|  0%| F|  |TAMS 0x00000000a3200000, 0x00000000a3200000| Untracked 
|  51|0x00000000a3300000, 0x00000000a3300000, 0x00000000a3400000|  0%| F|  |TAMS 0x00000000a3300000, 0x00000000a3300000| Untracked 
|  52|0x00000000a3400000, 0x00000000a3400000, 0x00000000a3500000|  0%| F|  |TAMS 0x00000000a3400000, 0x00000000a3400000| Untracked 
|  53|0x00000000a3500000, 0x00000000a3500000, 0x00000000a3600000|  0%| F|  |TAMS 0x00000000a3500000, 0x00000000a3500000| Untracked 
|  54|0x00000000a3600000, 0x00000000a3600000, 0x00000000a3700000|  0%| F|  |TAMS 0x00000000a3600000, 0x00000000a3600000| Untracked 
|  55|0x00000000a3700000, 0x00000000a3700000, 0x00000000a3800000|  0%| F|  |TAMS 0x00000000a3700000, 0x00000000a3700000| Untracked 
|  56|0x00000000a3800000, 0x00000000a3800000, 0x00000000a3900000|  0%| F|  |TAMS 0x00000000a3800000, 0x00000000a3800000| Untracked 
|  57|0x00000000a3900000, 0x00000000a3900000, 0x00000000a3a00000|  0%| F|  |TAMS 0x00000000a3900000, 0x00000000a3900000| Untracked 
|  58|0x00000000a3a00000, 0x00000000a3a00000, 0x00000000a3b00000|  0%| F|  |TAMS 0x00000000a3a00000, 0x00000000a3a00000| Untracked 
|  59|0x00000000a3b00000, 0x00000000a3b00000, 0x00000000a3c00000|  0%| F|  |TAMS 0x00000000a3b00000, 0x00000000a3b00000| Untracked 
|  60|0x00000000a3c00000, 0x00000000a3c00000, 0x00000000a3d00000|  0%| F|  |TAMS 0x00000000a3c00000, 0x00000000a3c00000| Untracked 
|  61|0x00000000a3d00000, 0x00000000a3d00000, 0x00000000a3e00000|  0%| F|  |TAMS 0x00000000a3d00000, 0x00000000a3d00000| Untracked 
|  62|0x00000000a3e00000, 0x00000000a3e00000, 0x00000000a3f00000|  0%| F|  |TAMS 0x00000000a3e00000, 0x00000000a3e00000| Untracked 
|  63|0x00000000a3f00000, 0x00000000a3f00000, 0x00000000a4000000|  0%| F|  |TAMS 0x00000000a3f00000, 0x00000000a3f00000| Untracked 
|  64|0x00000000a4000000, 0x00000000a4000000, 0x00000000a4100000|  0%| F|  |TAMS 0x00000000a4000000, 0x00000000a4000000| Untracked 
|  65|0x00000000a4100000, 0x00000000a4100000, 0x00000000a4200000|  0%| F|  |TAMS 0x00000000a4100000, 0x00000000a4100000| Untracked 
|  66|0x00000000a4200000, 0x00000000a4200000, 0x00000000a4300000|  0%| F|  |TAMS 0x00000000a4200000, 0x00000000a4200000| Untracked 
|  67|0x00000000a4300000, 0x00000000a4300000, 0x00000000a4400000|  0%| F|  |TAMS 0x00000000a4300000, 0x00000000a4300000| Untracked 
|  68|0x00000000a4400000, 0x00000000a4400000, 0x00000000a4500000|  0%| F|  |TAMS 0x00000000a4400000, 0x00000000a4400000| Untracked 
|  69|0x00000000a4500000, 0x00000000a4500000, 0x00000000a4600000|  0%| F|  |TAMS 0x00000000a4500000, 0x00000000a4500000| Untracked 
|  70|0x00000000a4600000, 0x00000000a4600000, 0x00000000a4700000|  0%| F|  |TAMS 0x00000000a4600000, 0x00000000a4600000| Untracked 
|  71|0x00000000a4700000, 0x00000000a4700000, 0x00000000a4800000|  0%| F|  |TAMS 0x00000000a4700000, 0x00000000a4700000| Untracked 
|  72|0x00000000a4800000, 0x00000000a4800000, 0x00000000a4900000|  0%| F|  |TAMS 0x00000000a4800000, 0x00000000a4800000| Untracked 
|  73|0x00000000a4900000, 0x00000000a4900000, 0x00000000a4a00000|  0%| F|  |TAMS 0x00000000a4900000, 0x00000000a4900000| Untracked 
|  74|0x00000000a4a00000, 0x00000000a4a00000, 0x00000000a4b00000|  0%| F|  |TAMS 0x00000000a4a00000, 0x00000000a4a00000| Untracked 
|  75|0x00000000a4b00000, 0x00000000a4b00000, 0x00000000a4c00000|  0%| F|  |TAMS 0x00000000a4b00000, 0x00000000a4b00000| Untracked 
|  76|0x00000000a4c00000, 0x00000000a4c00000, 0x00000000a4d00000|  0%| F|  |TAMS 0x00000000a4c00000, 0x00000000a4c00000| Untracked 
|  77|0x00000000a4d00000, 0x00000000a4d00000, 0x00000000a4e00000|  0%| F|  |TAMS 0x00000000a4d00000, 0x00000000a4d00000| Untracked 
|  78|0x00000000a4e00000, 0x00000000a4e00000, 0x00000000a4f00000|  0%| F|  |TAMS 0x00000000a4e00000, 0x00000000a4e00000| Untracked 
|  79|0x00000000a4f00000, 0x00000000a4f00000, 0x00000000a5000000|  0%| F|  |TAMS 0x00000000a4f00000, 0x00000000a4f00000| Untracked 
|  80|0x00000000a5000000, 0x00000000a5000000, 0x00000000a5100000|  0%| F|  |TAMS 0x00000000a5000000, 0x00000000a5000000| Untracked 
|  81|0x00000000a5100000, 0x00000000a5100000, 0x00000000a5200000|  0%| F|  |TAMS 0x00000000a5100000, 0x00000000a5100000| Untracked 
|  82|0x00000000a5200000, 0x00000000a5200000, 0x00000000a5300000|  0%| F|  |TAMS 0x00000000a5200000, 0x00000000a5200000| Untracked 
|  83|0x00000000a5300000, 0x00000000a5300000, 0x00000000a5400000|  0%| F|  |TAMS 0x00000000a5300000, 0x00000000a5300000| Untracked 
|  84|0x00000000a5400000, 0x00000000a5400000, 0x00000000a5500000|  0%| F|  |TAMS 0x00000000a5400000, 0x00000000a5400000| Untracked 
|  85|0x00000000a5500000, 0x00000000a5500000, 0x00000000a5600000|  0%| F|  |TAMS 0x00000000a5500000, 0x00000000a5500000| Untracked 
|  86|0x00000000a5600000, 0x00000000a5600000, 0x00000000a5700000|  0%| F|  |TAMS 0x00000000a5600000, 0x00000000a5600000| Untracked 
|  87|0x00000000a5700000, 0x00000000a5700000, 0x00000000a5800000|  0%| F|  |TAMS 0x00000000a5700000, 0x00000000a5700000| Untracked 
|  88|0x00000000a5800000, 0x00000000a5800000, 0x00000000a5900000|  0%| F|  |TAMS 0x00000000a5800000, 0x00000000a5800000| Untracked 
|  89|0x00000000a5900000, 0x00000000a5900000, 0x00000000a5a00000|  0%| F|  |TAMS 0x00000000a5900000, 0x00000000a5900000| Untracked 
|  90|0x00000000a5a00000, 0x00000000a5a00000, 0x00000000a5b00000|  0%| F|  |TAMS 0x00000000a5a00000, 0x00000000a5a00000| Untracked 
|  91|0x00000000a5b00000, 0x00000000a5b00000, 0x00000000a5c00000|  0%| F|  |TAMS 0x00000000a5b00000, 0x00000000a5b00000| Untracked 
|  92|0x00000000a5c00000, 0x00000000a5c00000, 0x00000000a5d00000|  0%| F|  |TAMS 0x00000000a5c00000, 0x00000000a5c00000| Untracked 
|  93|0x00000000a5d00000, 0x00000000a5d00000, 0x00000000a5e00000|  0%| F|  |TAMS 0x00000000a5d00000, 0x00000000a5d00000| Untracked 
|  94|0x00000000a5e00000, 0x00000000a5e00000, 0x00000000a5f00000|  0%| F|  |TAMS 0x00000000a5e00000, 0x00000000a5e00000| Untracked 
|  95|0x00000000a5f00000, 0x00000000a5f00000, 0x00000000a6000000|  0%| F|  |TAMS 0x00000000a5f00000, 0x00000000a5f00000| Untracked 
|  96|0x00000000a6000000, 0x00000000a6000000, 0x00000000a6100000|  0%| F|  |TAMS 0x00000000a6000000, 0x00000000a6000000| Untracked 
|  97|0x00000000a6100000, 0x00000000a6100000, 0x00000000a6200000|  0%| F|  |TAMS 0x00000000a6100000, 0x00000000a6100000| Untracked 
|  98|0x00000000a6200000, 0x00000000a6200000, 0x00000000a6300000|  0%| F|  |TAMS 0x00000000a6200000, 0x00000000a6200000| Untracked 
|  99|0x00000000a6300000, 0x00000000a6300000, 0x00000000a6400000|  0%| F|  |TAMS 0x00000000a6300000, 0x00000000a6300000| Untracked 
| 100|0x00000000a6400000, 0x00000000a6400000, 0x00000000a6500000|  0%| F|  |TAMS 0x00000000a6400000, 0x00000000a6400000| Untracked 
| 101|0x00000000a6500000, 0x00000000a6500000, 0x00000000a6600000|  0%| F|  |TAMS 0x00000000a6500000, 0x00000000a6500000| Untracked 
| 102|0x00000000a6600000, 0x00000000a6600000, 0x00000000a6700000|  0%| F|  |TAMS 0x00000000a6600000, 0x00000000a6600000| Untracked 
| 103|0x00000000a6700000, 0x00000000a6700000, 0x00000000a6800000|  0%| F|  |TAMS 0x00000000a6700000, 0x00000000a6700000| Untracked 
| 104|0x00000000a6800000, 0x00000000a6800000, 0x00000000a6900000|  0%| F|  |TAMS 0x00000000a6800000, 0x00000000a6800000| Untracked 
| 105|0x00000000a6900000, 0x00000000a6900000, 0x00000000a6a00000|  0%| F|  |TAMS 0x00000000a6900000, 0x00000000a6900000| Untracked 
| 106|0x00000000a6a00000, 0x00000000a6a00000, 0x00000000a6b00000|  0%| F|  |TAMS 0x00000000a6a00000, 0x00000000a6a00000| Untracked 
| 107|0x00000000a6b00000, 0x00000000a6b00000, 0x00000000a6c00000|  0%| F|  |TAMS 0x00000000a6b00000, 0x00000000a6b00000| Untracked 
| 108|0x00000000a6c00000, 0x00000000a6c00000, 0x00000000a6d00000|  0%| F|  |TAMS 0x00000000a6c00000, 0x00000000a6c00000| Untracked 
| 109|0x00000000a6d00000, 0x00000000a6d00000, 0x00000000a6e00000|  0%| F|  |TAMS 0x00000000a6d00000, 0x00000000a6d00000| Untracked 
| 110|0x00000000a6e00000, 0x00000000a6e00000, 0x00000000a6f00000|  0%| F|  |TAMS 0x00000000a6e00000, 0x00000000a6e00000| Untracked 
| 111|0x00000000a6f00000, 0x00000000a6f00000, 0x00000000a7000000|  0%| F|  |TAMS 0x00000000a6f00000, 0x00000000a6f00000| Untracked 
| 112|0x00000000a7000000, 0x00000000a7000000, 0x00000000a7100000|  0%| F|  |TAMS 0x00000000a7000000, 0x00000000a7000000| Untracked 
| 113|0x00000000a7100000, 0x00000000a7100000, 0x00000000a7200000|  0%| F|  |TAMS 0x00000000a7100000, 0x00000000a7100000| Untracked 
| 114|0x00000000a7200000, 0x00000000a7200000, 0x00000000a7300000|  0%| F|  |TAMS 0x00000000a7200000, 0x00000000a7200000| Untracked 
| 115|0x00000000a7300000, 0x00000000a7300000, 0x00000000a7400000|  0%| F|  |TAMS 0x00000000a7300000, 0x00000000a7300000| Untracked 
| 116|0x00000000a7400000, 0x00000000a7400000, 0x00000000a7500000|  0%| F|  |TAMS 0x00000000a7400000, 0x00000000a7400000| Untracked 
| 117|0x00000000a7500000, 0x00000000a7500000, 0x00000000a7600000|  0%| F|  |TAMS 0x00000000a7500000, 0x00000000a7500000| Untracked 
| 118|0x00000000a7600000, 0x00000000a7600000, 0x00000000a7700000|  0%| F|  |TAMS 0x00000000a7600000, 0x00000000a7600000| Untracked 
| 119|0x00000000a7700000, 0x00000000a7700000, 0x00000000a7800000|  0%| F|  |TAMS 0x00000000a7700000, 0x00000000a7700000| Untracked 
| 120|0x00000000a7800000, 0x00000000a7800000, 0x00000000a7900000|  0%| F|  |TAMS 0x00000000a7800000, 0x00000000a7800000| Untracked 
| 121|0x00000000a7900000, 0x00000000a7900000, 0x00000000a7a00000|  0%| F|  |TAMS 0x00000000a7900000, 0x00000000a7900000| Untracked 
| 122|0x00000000a7a00000, 0x00000000a7a00000, 0x00000000a7b00000|  0%| F|  |TAMS 0x00000000a7a00000, 0x00000000a7a00000| Untracked 
| 123|0x00000000a7b00000, 0x00000000a7b00000, 0x00000000a7c00000|  0%| F|  |TAMS 0x00000000a7b00000, 0x00000000a7b00000| Untracked 
| 124|0x00000000a7c00000, 0x00000000a7c00000, 0x00000000a7d00000|  0%| F|  |TAMS 0x00000000a7c00000, 0x00000000a7c00000| Untracked 
| 125|0x00000000a7d00000, 0x00000000a7d00000, 0x00000000a7e00000|  0%| F|  |TAMS 0x00000000a7d00000, 0x00000000a7d00000| Untracked 
| 126|0x00000000a7e00000, 0x00000000a7e00000, 0x00000000a7f00000|  0%| F|  |TAMS 0x00000000a7e00000, 0x00000000a7e00000| Untracked 
| 127|0x00000000a7f00000, 0x00000000a7f00000, 0x00000000a8000000|  0%| F|  |TAMS 0x00000000a7f00000, 0x00000000a7f00000| Untracked 
| 128|0x00000000a8000000, 0x00000000a8000000, 0x00000000a8100000|  0%| F|  |TAMS 0x00000000a8000000, 0x00000000a8000000| Untracked 
| 129|0x00000000a8100000, 0x00000000a8100000, 0x00000000a8200000|  0%| F|  |TAMS 0x00000000a8100000, 0x00000000a8100000| Untracked 
| 130|0x00000000a8200000, 0x00000000a8200000, 0x00000000a8300000|  0%| F|  |TAMS 0x00000000a8200000, 0x00000000a8200000| Untracked 
| 131|0x00000000a8300000, 0x00000000a8300000, 0x00000000a8400000|  0%| F|  |TAMS 0x00000000a8300000, 0x00000000a8300000| Untracked 
| 132|0x00000000a8400000, 0x00000000a8400000, 0x00000000a8500000|  0%| F|  |TAMS 0x00000000a8400000, 0x00000000a8400000| Untracked 
| 133|0x00000000a8500000, 0x00000000a8500000, 0x00000000a8600000|  0%| F|  |TAMS 0x00000000a8500000, 0x00000000a8500000| Untracked 
| 134|0x00000000a8600000, 0x00000000a8600000, 0x00000000a8700000|  0%| F|  |TAMS 0x00000000a8600000, 0x00000000a8600000| Untracked 
| 135|0x00000000a8700000, 0x00000000a8700000, 0x00000000a8800000|  0%| F|  |TAMS 0x00000000a8700000, 0x00000000a8700000| Untracked 
| 136|0x00000000a8800000, 0x00000000a8800000, 0x00000000a8900000|  0%| F|  |TAMS 0x00000000a8800000, 0x00000000a8800000| Untracked 
| 137|0x00000000a8900000, 0x00000000a8900000, 0x00000000a8a00000|  0%| F|  |TAMS 0x00000000a8900000, 0x00000000a8900000| Untracked 
| 138|0x00000000a8a00000, 0x00000000a8a00000, 0x00000000a8b00000|  0%| F|  |TAMS 0x00000000a8a00000, 0x00000000a8a00000| Untracked 
| 139|0x00000000a8b00000, 0x00000000a8b00000, 0x00000000a8c00000|  0%| F|  |TAMS 0x00000000a8b00000, 0x00000000a8b00000| Untracked 
| 140|0x00000000a8c00000, 0x00000000a8c00000, 0x00000000a8d00000|  0%| F|  |TAMS 0x00000000a8c00000, 0x00000000a8c00000| Untracked 
| 141|0x00000000a8d00000, 0x00000000a8d00000, 0x00000000a8e00000|  0%| F|  |TAMS 0x00000000a8d00000, 0x00000000a8d00000| Untracked 
| 142|0x00000000a8e00000, 0x00000000a8e00000, 0x00000000a8f00000|  0%| F|  |TAMS 0x00000000a8e00000, 0x00000000a8e00000| Untracked 
| 143|0x00000000a8f00000, 0x00000000a8f00000, 0x00000000a9000000|  0%| F|  |TAMS 0x00000000a8f00000, 0x00000000a8f00000| Untracked 
| 144|0x00000000a9000000, 0x00000000a9000000, 0x00000000a9100000|  0%| F|  |TAMS 0x00000000a9000000, 0x00000000a9000000| Untracked 
| 145|0x00000000a9100000, 0x00000000a9100000, 0x00000000a9200000|  0%| F|  |TAMS 0x00000000a9100000, 0x00000000a9100000| Untracked 
| 146|0x00000000a9200000, 0x00000000a9200000, 0x00000000a9300000|  0%| F|  |TAMS 0x00000000a9200000, 0x00000000a9200000| Untracked 
| 147|0x00000000a9300000, 0x00000000a9300000, 0x00000000a9400000|  0%| F|  |TAMS 0x00000000a9300000, 0x00000000a9300000| Untracked 
| 148|0x00000000a9400000, 0x00000000a9400000, 0x00000000a9500000|  0%| F|  |TAMS 0x00000000a9400000, 0x00000000a9400000| Untracked 
| 149|0x00000000a9500000, 0x00000000a9500000, 0x00000000a9600000|  0%| F|  |TAMS 0x00000000a9500000, 0x00000000a9500000| Untracked 
| 150|0x00000000a9600000, 0x00000000a9600000, 0x00000000a9700000|  0%| F|  |TAMS 0x00000000a9600000, 0x00000000a9600000| Untracked 
| 151|0x00000000a9700000, 0x00000000a9700000, 0x00000000a9800000|  0%| F|  |TAMS 0x00000000a9700000, 0x00000000a9700000| Untracked 
| 152|0x00000000a9800000, 0x00000000a9800000, 0x00000000a9900000|  0%| F|  |TAMS 0x00000000a9800000, 0x00000000a9800000| Untracked 
| 153|0x00000000a9900000, 0x00000000a9900000, 0x00000000a9a00000|  0%| F|  |TAMS 0x00000000a9900000, 0x00000000a9900000| Untracked 
| 154|0x00000000a9a00000, 0x00000000a9a00000, 0x00000000a9b00000|  0%| F|  |TAMS 0x00000000a9a00000, 0x00000000a9a00000| Untracked 
| 155|0x00000000a9b00000, 0x00000000a9b00000, 0x00000000a9c00000|  0%| F|  |TAMS 0x00000000a9b00000, 0x00000000a9b00000| Untracked 
| 156|0x00000000a9c00000, 0x00000000a9c00000, 0x00000000a9d00000|  0%| F|  |TAMS 0x00000000a9c00000, 0x00000000a9c00000| Untracked 
| 157|0x00000000a9d00000, 0x00000000a9d00000, 0x00000000a9e00000|  0%| F|  |TAMS 0x00000000a9d00000, 0x00000000a9d00000| Untracked 
| 158|0x00000000a9e00000, 0x00000000a9e00000, 0x00000000a9f00000|  0%| F|  |TAMS 0x00000000a9e00000, 0x00000000a9e00000| Untracked 
| 159|0x00000000a9f00000, 0x00000000a9f00000, 0x00000000aa000000|  0%| F|  |TAMS 0x00000000a9f00000, 0x00000000a9f00000| Untracked 
| 160|0x00000000aa000000, 0x00000000aa000000, 0x00000000aa100000|  0%| F|  |TAMS 0x00000000aa000000, 0x00000000aa000000| Untracked 
| 161|0x00000000aa100000, 0x00000000aa100000, 0x00000000aa200000|  0%| F|  |TAMS 0x00000000aa100000, 0x00000000aa100000| Untracked 
| 162|0x00000000aa200000, 0x00000000aa200000, 0x00000000aa300000|  0%| F|  |TAMS 0x00000000aa200000, 0x00000000aa200000| Untracked 
| 163|0x00000000aa300000, 0x00000000aa300000, 0x00000000aa400000|  0%| F|  |TAMS 0x00000000aa300000, 0x00000000aa300000| Untracked 
| 164|0x00000000aa400000, 0x00000000aa400000, 0x00000000aa500000|  0%| F|  |TAMS 0x00000000aa400000, 0x00000000aa400000| Untracked 
| 165|0x00000000aa500000, 0x00000000aa500000, 0x00000000aa600000|  0%| F|  |TAMS 0x00000000aa500000, 0x00000000aa500000| Untracked 
| 166|0x00000000aa600000, 0x00000000aa600000, 0x00000000aa700000|  0%| F|  |TAMS 0x00000000aa600000, 0x00000000aa600000| Untracked 
| 167|0x00000000aa700000, 0x00000000aa700000, 0x00000000aa800000|  0%| F|  |TAMS 0x00000000aa700000, 0x00000000aa700000| Untracked 
| 168|0x00000000aa800000, 0x00000000aa800000, 0x00000000aa900000|  0%| F|  |TAMS 0x00000000aa800000, 0x00000000aa800000| Untracked 
| 169|0x00000000aa900000, 0x00000000aa900000, 0x00000000aaa00000|  0%| F|  |TAMS 0x00000000aa900000, 0x00000000aa900000| Untracked 
| 170|0x00000000aaa00000, 0x00000000aaa00000, 0x00000000aab00000|  0%| F|  |TAMS 0x00000000aaa00000, 0x00000000aaa00000| Untracked 
| 171|0x00000000aab00000, 0x00000000aab00000, 0x00000000aac00000|  0%| F|  |TAMS 0x00000000aab00000, 0x00000000aab00000| Untracked 
| 172|0x00000000aac00000, 0x00000000aac00000, 0x00000000aad00000|  0%| F|  |TAMS 0x00000000aac00000, 0x00000000aac00000| Untracked 
| 173|0x00000000aad00000, 0x00000000aad00000, 0x00000000aae00000|  0%| F|  |TAMS 0x00000000aad00000, 0x00000000aad00000| Untracked 
| 174|0x00000000aae00000, 0x00000000aae00000, 0x00000000aaf00000|  0%| F|  |TAMS 0x00000000aae00000, 0x00000000aae00000| Untracked 
| 175|0x00000000aaf00000, 0x00000000aaf00000, 0x00000000ab000000|  0%| F|  |TAMS 0x00000000aaf00000, 0x00000000aaf00000| Untracked 
| 176|0x00000000ab000000, 0x00000000ab000000, 0x00000000ab100000|  0%| F|  |TAMS 0x00000000ab000000, 0x00000000ab000000| Untracked 
| 177|0x00000000ab100000, 0x00000000ab100000, 0x00000000ab200000|  0%| F|  |TAMS 0x00000000ab100000, 0x00000000ab100000| Untracked 
| 178|0x00000000ab200000, 0x00000000ab200000, 0x00000000ab300000|  0%| F|  |TAMS 0x00000000ab200000, 0x00000000ab200000| Untracked 
| 179|0x00000000ab300000, 0x00000000ab300000, 0x00000000ab400000|  0%| F|  |TAMS 0x00000000ab300000, 0x00000000ab300000| Untracked 
| 180|0x00000000ab400000, 0x00000000ab400000, 0x00000000ab500000|  0%| F|  |TAMS 0x00000000ab400000, 0x00000000ab400000| Untracked 
| 181|0x00000000ab500000, 0x00000000ab500000, 0x00000000ab600000|  0%| F|  |TAMS 0x00000000ab500000, 0x00000000ab500000| Untracked 
| 182|0x00000000ab600000, 0x00000000ab600000, 0x00000000ab700000|  0%| F|  |TAMS 0x00000000ab600000, 0x00000000ab600000| Untracked 
| 183|0x00000000ab700000, 0x00000000ab700000, 0x00000000ab800000|  0%| F|  |TAMS 0x00000000ab700000, 0x00000000ab700000| Untracked 
| 184|0x00000000ab800000, 0x00000000ab800000, 0x00000000ab900000|  0%| F|  |TAMS 0x00000000ab800000, 0x00000000ab800000| Untracked 
| 185|0x00000000ab900000, 0x00000000ab900000, 0x00000000aba00000|  0%| F|  |TAMS 0x00000000ab900000, 0x00000000ab900000| Untracked 
| 186|0x00000000aba00000, 0x00000000aba00000, 0x00000000abb00000|  0%| F|  |TAMS 0x00000000aba00000, 0x00000000aba00000| Untracked 
| 187|0x00000000abb00000, 0x00000000abb00000, 0x00000000abc00000|  0%| F|  |TAMS 0x00000000abb00000, 0x00000000abb00000| Untracked 
| 188|0x00000000abc00000, 0x00000000abc00000, 0x00000000abd00000|  0%| F|  |TAMS 0x00000000abc00000, 0x00000000abc00000| Untracked 
| 189|0x00000000abd00000, 0x00000000abd00000, 0x00000000abe00000|  0%| F|  |TAMS 0x00000000abd00000, 0x00000000abd00000| Untracked 
| 190|0x00000000abe00000, 0x00000000abe00000, 0x00000000abf00000|  0%| F|  |TAMS 0x00000000abe00000, 0x00000000abe00000| Untracked 
| 191|0x00000000abf00000, 0x00000000abf00000, 0x00000000ac000000|  0%| F|  |TAMS 0x00000000abf00000, 0x00000000abf00000| Untracked 
| 192|0x00000000ac000000, 0x00000000ac000000, 0x00000000ac100000|  0%| F|  |TAMS 0x00000000ac000000, 0x00000000ac000000| Untracked 
| 193|0x00000000ac100000, 0x00000000ac100000, 0x00000000ac200000|  0%| F|  |TAMS 0x00000000ac100000, 0x00000000ac100000| Untracked 
| 194|0x00000000ac200000, 0x00000000ac200000, 0x00000000ac300000|  0%| F|  |TAMS 0x00000000ac200000, 0x00000000ac200000| Untracked 
| 195|0x00000000ac300000, 0x00000000ac300000, 0x00000000ac400000|  0%| F|  |TAMS 0x00000000ac300000, 0x00000000ac300000| Untracked 
| 196|0x00000000ac400000, 0x00000000ac400000, 0x00000000ac500000|  0%| F|  |TAMS 0x00000000ac400000, 0x00000000ac400000| Untracked 
| 197|0x00000000ac500000, 0x00000000ac500000, 0x00000000ac600000|  0%| F|  |TAMS 0x00000000ac500000, 0x00000000ac500000| Untracked 
| 198|0x00000000ac600000, 0x00000000ac600000, 0x00000000ac700000|  0%| F|  |TAMS 0x00000000ac600000, 0x00000000ac600000| Untracked 
| 199|0x00000000ac700000, 0x00000000ac700000, 0x00000000ac800000|  0%| F|  |TAMS 0x00000000ac700000, 0x00000000ac700000| Untracked 
| 200|0x00000000ac800000, 0x00000000ac800800, 0x00000000ac900000|  0%| E|  |TAMS 0x00000000ac800000, 0x00000000ac800000| Complete 
| 201|0x00000000ac900000, 0x00000000aca00000, 0x00000000aca00000|100%| E|CS|TAMS 0x00000000ac900000, 0x00000000ac900000| Complete 
| 202|0x00000000aca00000, 0x00000000acb00000, 0x00000000acb00000|100%| E|CS|TAMS 0x00000000aca00000, 0x00000000aca00000| Complete 
| 203|0x00000000acb00000, 0x00000000acc00000, 0x00000000acc00000|100%| E|CS|TAMS 0x00000000acb00000, 0x00000000acb00000| Complete 
| 204|0x00000000acc00000, 0x00000000acd00000, 0x00000000acd00000|100%| E|CS|TAMS 0x00000000acc00000, 0x00000000acc00000| Complete 
| 205|0x00000000acd00000, 0x00000000ace00000, 0x00000000ace00000|100%| E|CS|TAMS 0x00000000acd00000, 0x00000000acd00000| Complete 
| 206|0x00000000ace00000, 0x00000000acf00000, 0x00000000acf00000|100%| E|CS|TAMS 0x00000000ace00000, 0x00000000ace00000| Complete 
| 207|0x00000000acf00000, 0x00000000ad000000, 0x00000000ad000000|100%| E|CS|TAMS 0x00000000acf00000, 0x00000000acf00000| Complete 
| 208|0x00000000ad000000, 0x00000000ad100000, 0x00000000ad100000|100%| E|CS|TAMS 0x00000000ad000000, 0x00000000ad000000| Complete 
| 209|0x00000000ad100000, 0x00000000ad200000, 0x00000000ad200000|100%| E|CS|TAMS 0x00000000ad100000, 0x00000000ad100000| Complete 
| 210|0x00000000ad200000, 0x00000000ad300000, 0x00000000ad300000|100%| E|CS|TAMS 0x00000000ad200000, 0x00000000ad200000| Complete 
| 211|0x00000000ad300000, 0x00000000ad400000, 0x00000000ad400000|100%| E|CS|TAMS 0x00000000ad300000, 0x00000000ad300000| Complete 
| 212|0x00000000ad400000, 0x00000000ad500000, 0x00000000ad500000|100%| E|CS|TAMS 0x00000000ad400000, 0x00000000ad400000| Complete 
| 213|0x00000000ad500000, 0x00000000ad600000, 0x00000000ad600000|100%| E|CS|TAMS 0x00000000ad500000, 0x00000000ad500000| Complete 
| 214|0x00000000ad600000, 0x00000000ad700000, 0x00000000ad700000|100%| E|CS|TAMS 0x00000000ad600000, 0x00000000ad600000| Complete 
| 215|0x00000000ad700000, 0x00000000ad800000, 0x00000000ad800000|100%| E|CS|TAMS 0x00000000ad700000, 0x00000000ad700000| Complete 
| 216|0x00000000ad800000, 0x00000000ad900000, 0x00000000ad900000|100%| E|CS|TAMS 0x00000000ad800000, 0x00000000ad800000| Complete 
| 217|0x00000000ad900000, 0x00000000ada00000, 0x00000000ada00000|100%| E|CS|TAMS 0x00000000ad900000, 0x00000000ad900000| Complete 
| 218|0x00000000ada00000, 0x00000000adb00000, 0x00000000adb00000|100%| E|CS|TAMS 0x00000000ada00000, 0x00000000ada00000| Complete 
| 219|0x00000000adb00000, 0x00000000adc00000, 0x00000000adc00000|100%| E|CS|TAMS 0x00000000adb00000, 0x00000000adb00000| Complete 
| 220|0x00000000adc00000, 0x00000000add00000, 0x00000000add00000|100%| E|CS|TAMS 0x00000000adc00000, 0x00000000adc00000| Complete 
| 221|0x00000000add00000, 0x00000000ade00000, 0x00000000ade00000|100%| E|CS|TAMS 0x00000000add00000, 0x00000000add00000| Complete 
| 222|0x00000000ade00000, 0x00000000adf00000, 0x00000000adf00000|100%| E|CS|TAMS 0x00000000ade00000, 0x00000000ade00000| Complete 
| 223|0x00000000adf00000, 0x00000000ae000000, 0x00000000ae000000|100%| E|CS|TAMS 0x00000000adf00000, 0x00000000adf00000| Complete 
| 224|0x00000000ae000000, 0x00000000ae100000, 0x00000000ae100000|100%| E|CS|TAMS 0x00000000ae000000, 0x00000000ae000000| Complete 
| 225|0x00000000ae100000, 0x00000000ae200000, 0x00000000ae200000|100%| E|CS|TAMS 0x00000000ae100000, 0x00000000ae100000| Complete 
| 226|0x00000000ae200000, 0x00000000ae300000, 0x00000000ae300000|100%| E|CS|TAMS 0x00000000ae200000, 0x00000000ae200000| Complete 
| 227|0x00000000ae300000, 0x00000000ae400000, 0x00000000ae400000|100%| E|CS|TAMS 0x00000000ae300000, 0x00000000ae300000| Complete 
| 228|0x00000000ae400000, 0x00000000ae500000, 0x00000000ae500000|100%| E|CS|TAMS 0x00000000ae400000, 0x00000000ae400000| Complete 
| 229|0x00000000ae500000, 0x00000000ae600000, 0x00000000ae600000|100%| E|CS|TAMS 0x00000000ae500000, 0x00000000ae500000| Complete 
| 230|0x00000000ae600000, 0x00000000ae700000, 0x00000000ae700000|100%| E|CS|TAMS 0x00000000ae600000, 0x00000000ae600000| Complete 
| 231|0x00000000ae700000, 0x00000000ae800000, 0x00000000ae800000|100%| E|CS|TAMS 0x00000000ae700000, 0x00000000ae700000| Complete 
| 232|0x00000000ae800000, 0x00000000ae900000, 0x00000000ae900000|100%| E|CS|TAMS 0x00000000ae800000, 0x00000000ae800000| Complete 
| 233|0x00000000ae900000, 0x00000000aea00000, 0x00000000aea00000|100%| E|CS|TAMS 0x00000000ae900000, 0x00000000ae900000| Complete 
| 234|0x00000000aea00000, 0x00000000aeb00000, 0x00000000aeb00000|100%| E|CS|TAMS 0x00000000aea00000, 0x00000000aea00000| Complete 
| 235|0x00000000aeb00000, 0x00000000aec00000, 0x00000000aec00000|100%| E|CS|TAMS 0x00000000aeb00000, 0x00000000aeb00000| Complete 
| 236|0x00000000aec00000, 0x00000000aed00000, 0x00000000aed00000|100%| E|CS|TAMS 0x00000000aec00000, 0x00000000aec00000| Complete 
| 237|0x00000000aed00000, 0x00000000aee00000, 0x00000000aee00000|100%| E|CS|TAMS 0x00000000aed00000, 0x00000000aed00000| Complete 
| 238|0x00000000aee00000, 0x00000000aef00000, 0x00000000aef00000|100%| E|CS|TAMS 0x00000000aee00000, 0x00000000aee00000| Complete 
| 239|0x00000000aef00000, 0x00000000af000000, 0x00000000af000000|100%| E|CS|TAMS 0x00000000aef00000, 0x00000000aef00000| Complete 
| 240|0x00000000af000000, 0x00000000af100000, 0x00000000af100000|100%| E|CS|TAMS 0x00000000af000000, 0x00000000af000000| Complete 
| 241|0x00000000af100000, 0x00000000af200000, 0x00000000af200000|100%| E|CS|TAMS 0x00000000af100000, 0x00000000af100000| Complete 
| 242|0x00000000af200000, 0x00000000af300000, 0x00000000af300000|100%| E|CS|TAMS 0x00000000af200000, 0x00000000af200000| Complete 
| 243|0x00000000af300000, 0x00000000af400000, 0x00000000af400000|100%| E|CS|TAMS 0x00000000af300000, 0x00000000af300000| Complete 
| 244|0x00000000af400000, 0x00000000af500000, 0x00000000af500000|100%| E|CS|TAMS 0x00000000af400000, 0x00000000af400000| Complete 
| 245|0x00000000af500000, 0x00000000af600000, 0x00000000af600000|100%| E|CS|TAMS 0x00000000af500000, 0x00000000af500000| Complete 
| 246|0x00000000af600000, 0x00000000af700000, 0x00000000af700000|100%| E|CS|TAMS 0x00000000af600000, 0x00000000af600000| Complete 
| 247|0x00000000af700000, 0x00000000af800000, 0x00000000af800000|100%| E|CS|TAMS 0x00000000af700000, 0x00000000af700000| Complete 
| 248|0x00000000af800000, 0x00000000af900000, 0x00000000af900000|100%| E|CS|TAMS 0x00000000af800000, 0x00000000af800000| Complete 
| 249|0x00000000af900000, 0x00000000af91f460, 0x00000000afa00000| 12%| S|CS|TAMS 0x00000000af900000, 0x00000000af900000| Complete 
| 250|0x00000000afa00000, 0x00000000afb00000, 0x00000000afb00000|100%| S|CS|TAMS 0x00000000afa00000, 0x00000000afa00000| Complete 
| 251|0x00000000afb00000, 0x00000000afc00000, 0x00000000afc00000|100%| S|CS|TAMS 0x00000000afb00000, 0x00000000afb00000| Complete 
| 252|0x00000000afc00000, 0x00000000afd00000, 0x00000000afd00000|100%| S|CS|TAMS 0x00000000afc00000, 0x00000000afc00000| Complete 
| 253|0x00000000afd00000, 0x00000000afe00000, 0x00000000afe00000|100%| E|CS|TAMS 0x00000000afd00000, 0x00000000afd00000| Complete 
| 254|0x00000000afe00000, 0x00000000aff00000, 0x00000000aff00000|100%| E|CS|TAMS 0x00000000afe00000, 0x00000000afe00000| Complete 
| 255|0x00000000aff00000, 0x00000000b0000000, 0x00000000b0000000|100%| E|CS|TAMS 0x00000000aff00000, 0x00000000aff00000| Complete 

Card table byte_map: [0x000002181b350000,0x000002181b650000] _byte_map_base: 0x000002181ae50000

Marking Bits (Prev, Next): (CMBitMap*) 0x00000218080e1900, (CMBitMap*) 0x00000218080e18c8
 Prev Bits: [0x000002181d150000, 0x000002181e950000)
 Next Bits: [0x000002181b950000, 0x000002181d150000)

Polling page: 0x0000021806770000

Metaspace:

Usage:
  Non-class:     22.83 MB capacity,    22.36 MB ( 98%) used,   424.46 KB (  2%) free+waste,    50.94 KB ( <1%) overhead. 
      Class:      3.46 MB capacity,     3.25 MB ( 94%) used,   183.87 KB (  5%) free+waste,    25.19 KB ( <1%) overhead. 
       Both:     26.28 MB capacity,    25.62 MB ( 97%) used,   608.33 KB (  2%) free+waste,    76.13 KB ( <1%) overhead. 

Virtual space:
  Non-class space:       24.00 MB reserved,      23.00 MB ( 96%) committed 
      Class space:        1.00 GB reserved,       3.50 MB ( <1%) committed 
             Both:        1.02 GB reserved,      26.50 MB (  3%) committed 

Chunk freelists:
   Non-Class:  1.00 KB
       Class:  12.00 KB
        Both:  13.00 KB

MaxMetaspaceSize: 17179869184.00 GB
CompressedClassSpaceSize: 1.00 GB

CodeHeap 'non-profiled nmethods': size=120064Kb used=969Kb max_used=978Kb free=119094Kb
 bounds [0x00000218134f0000, 0x0000021813760000, 0x000002181aa30000]
CodeHeap 'profiled nmethods': size=120000Kb used=4354Kb max_used=4381Kb free=115645Kb
 bounds [0x000002180bfc0000, 0x000002180c420000, 0x00000218134f0000]
CodeHeap 'non-nmethods': size=5696Kb used=1141Kb max_used=1175Kb free=4554Kb
 bounds [0x000002180ba30000, 0x000002180bca0000, 0x000002180bfc0000]
 total_blobs=2631 nmethods=2146 adapters=396
 compilation: enabled
              stopped_count=0, restarted_count=0
 full_count=0

Compilation events (20 events):
Event: 3.924 Thread 0x0000021821812000 2365       2       java.lang.reflect.Constructor::copy (72 bytes)
Event: 3.925 Thread 0x0000021821812000 nmethod 2365 0x000002180bff6c90 code [0x000002180bff6e60, 0x000002180bff7198]
Event: 3.925 Thread 0x0000021821812000 2366  s    2       java.net.URL::hashCode (30 bytes)
Event: 3.925 Thread 0x0000021821812000 nmethod 2366 0x000002180bffdc10 code [0x000002180bffdde0, 0x000002180bffe0e8]
Event: 3.925 Thread 0x0000021821812000 2367       2       java.io.ObjectStreamField::getPrimitiveSignature (98 bytes)
Event: 3.926 Thread 0x0000021821812000 nmethod 2367 0x000002180bffd610 code [0x000002180bffd800, 0x000002180bffdb08]
Event: 3.935 Thread 0x0000021821812000 2368 %     3       java.util.zip.ZipFile$Source::initCEN @ 223 (658 bytes)
Event: 3.939 Thread 0x0000021821812000 nmethod 2368% 0x000002180c409290 code [0x000002180c4098e0, 0x000002180c40d4b8]
Event: 3.953 Thread 0x0000021821812000 2369       2       java.util.concurrent.ConcurrentHashMap::<init> (73 bytes)
Event: 3.954 Thread 0x0000021821812000 nmethod 2369 0x000002180c000510 code [0x000002180c000700, 0x000002180c000998]
Event: 3.955 Thread 0x0000021821812000 2370       2       java.lang.Class::getDeclaredMethod (63 bytes)
Event: 3.955 Thread 0x0000021821812000 nmethod 2370 0x000002180bfff990 code [0x000002180bfffbe0, 0x000002180c0000e8]
Event: 3.957 Thread 0x0000021821812000 2371  s!   2       java.net.URLStreamHandler::getHostAddress (54 bytes)
Event: 3.958 Thread 0x0000021821812000 nmethod 2371 0x000002180c01d290 code [0x000002180c01d480, 0x000002180c01d9b8]
Event: 3.962 Thread 0x0000021821812000 2372       2       java.util.StringJoiner::<init> (56 bytes)
Event: 3.962 Thread 0x0000021821812000 nmethod 2372 0x000002180c033190 code [0x000002180c0333c0, 0x000002180c033898]
Event: 3.962 Thread 0x0000021821812000 2373       2       java.util.StringJoiner::toString (181 bytes)
Event: 3.963 Thread 0x0000021821812000 nmethod 2373 0x000002180c061d90 code [0x000002180c061fc0, 0x000002180c062628]
Event: 3.963 Thread 0x0000021821812000 2374       2       jdk.internal.reflect.ClassFileAssembler::append (30 bytes)
Event: 3.963 Thread 0x0000021821812000 nmethod 2374 0x000002180c030510 code [0x000002180c0306e0, 0x000002180c030998]

GC Heap History (10 events):
Event: 0.590 GC heap before
{Heap before GC invocations=0 (full 0):
 garbage-first heap   total 262144K, used 19456K [0x00000000a0000000, 0x0000000100000000)
  region size 1024K, 14 young (14336K), 0 survivors (0K)
 Metaspace       used 7559K, capacity 7729K, committed 7936K, reserved 1056768K
  class space    used 706K, capacity 749K, committed 768K, reserved 1048576K
}
Event: 0.616 GC heap after
{Heap after GC invocations=1 (full 0):
 garbage-first heap   total 262144K, used 8203K [0x00000000a0000000, 0x0000000100000000)
  region size 1024K, 2 young (2048K), 2 survivors (2048K)
 Metaspace       used 7559K, capacity 7729K, committed 7936K, reserved 1056768K
  class space    used 706K, capacity 749K, committed 768K, reserved 1048576K
}
Event: 1.121 GC heap before
{Heap before GC invocations=1 (full 0):
 garbage-first heap   total 262144K, used 20491K [0x00000000a0000000, 0x0000000100000000)
  region size 1024K, 14 young (14336K), 2 survivors (2048K)
 Metaspace       used 10495K, capacity 10757K, committed 11008K, reserved 1058816K
  class space    used 1101K, capacity 1164K, committed 1280K, reserved 1048576K
}
Event: 1.124 GC heap after
{Heap after GC invocations=2 (full 0):
 garbage-first heap   total 262144K, used 8949K [0x00000000a0000000, 0x0000000100000000)
  region size 1024K, 1 young (1024K), 1 survivors (1024K)
 Metaspace       used 10495K, capacity 10757K, committed 11008K, reserved 1058816K
  class space    used 1101K, capacity 1164K, committed 1280K, reserved 1048576K
}
Event: 1.771 GC heap before
{Heap before GC invocations=2 (full 0):
 garbage-first heap   total 262144K, used 39669K [0x00000000a0000000, 0x0000000100000000)
  region size 1024K, 31 young (31744K), 1 survivors (1024K)
 Metaspace       used 10793K, capacity 11101K, committed 11264K, reserved 1058816K
  class space    used 1136K, capacity 1236K, committed 1280K, reserved 1048576K
}
Event: 1.775 GC heap after
{Heap after GC invocations=3 (full 0):
 garbage-first heap   total 262144K, used 13121K [0x00000000a0000000, 0x0000000100000000)
  region size 1024K, 4 young (4096K), 4 survivors (4096K)
 Metaspace       used 10793K, capacity 11101K, committed 11264K, reserved 1058816K
  class space    used 1136K, capacity 1236K, committed 1280K, reserved 1048576K
}
Event: 3.123 GC heap before
{Heap before GC invocations=3 (full 0):
 garbage-first heap   total 262144K, used 55105K [0x00000000a0000000, 0x0000000100000000)
  region size 1024K, 46 young (47104K), 4 survivors (4096K)
 Metaspace       used 19769K, capacity 20222K, committed 20480K, reserved 1067008K
  class space    used 2379K, capacity 2511K, committed 2560K, reserved 1048576K
}
Event: 3.136 GC heap after
{Heap after GC invocations=4 (full 0):
 garbage-first heap   total 262144K, used 16417K [0x00000000a0000000, 0x0000000100000000)
  region size 1024K, 4 young (4096K), 4 survivors (4096K)
 Metaspace       used 19769K, capacity 20222K, committed 20480K, reserved 1067008K
  class space    used 2379K, capacity 2511K, committed 2560K, reserved 1048576K
}
Event: 3.172 GC heap before
{Heap before GC invocations=4 (full 0):
 garbage-first heap   total 262144K, used 19489K [0x00000000a0000000, 0x0000000100000000)
  region size 1024K, 7 young (7168K), 4 survivors (4096K)
 Metaspace       used 20674K, capacity 21095K, committed 21248K, reserved 1069056K
  class space    used 2425K, capacity 2545K, committed 2560K, reserved 1048576K
}
Event: 3.177 GC heap after
{Heap after GC invocations=5 (full 0):
 garbage-first heap   total 262144K, used 16317K [0x00000000a0000000, 0x0000000100000000)
  region size 1024K, 4 young (4096K), 4 survivors (4096K)
 Metaspace       used 20674K, capacity 21095K, committed 21248K, reserved 1069056K
  class space    used 2425K, capacity 2545K, committed 2560K, reserved 1048576K
}

Deoptimization events (20 events):
Event: 3.879 Thread 0x0000021822f20000 Uncommon trap: trap_request=0xffffffc6 fr.pc=0x00000218135ceff4 relative=0x0000000000003b74
Event: 3.880 Thread 0x0000021822f20000 Uncommon trap: reason=bimorphic_or_optimized_type_check action=maybe_recompile pc=0x00000218135ceff4 method=java.lang.ClassLoader.loadClass(Ljava/lang/String;Z)Ljava/lang/Class; @ 38 c2
Event: 3.880 Thread 0x0000021822f20000 DEOPT PACKING pc=0x00000218135ceff4 sp=0x0000008ff8df8840
Event: 3.880 Thread 0x0000021822f20000 DEOPT UNPACKING pc=0x000002180ba574af sp=0x0000008ff8df8890 mode 2
Event: 3.880 Thread 0x0000021822f20000 Uncommon trap: trap_request=0xffffffc6 fr.pc=0x00000218135ceff4 relative=0x0000000000003b74
Event: 3.880 Thread 0x0000021822f20000 Uncommon trap: reason=bimorphic_or_optimized_type_check action=maybe_recompile pc=0x00000218135ceff4 method=java.lang.ClassLoader.loadClass(Ljava/lang/String;Z)Ljava/lang/Class; @ 38 c2
Event: 3.880 Thread 0x0000021822f20000 DEOPT PACKING pc=0x00000218135ceff4 sp=0x0000008ff8df8ad0
Event: 3.880 Thread 0x0000021822f20000 DEOPT UNPACKING pc=0x000002180ba574af sp=0x0000008ff8df8b20 mode 2
Event: 3.881 Thread 0x0000021822f20000 Uncommon trap: trap_request=0xffffffc6 fr.pc=0x00000218135ceff4 relative=0x0000000000003b74
Event: 3.881 Thread 0x0000021822f20000 Uncommon trap: reason=bimorphic_or_optimized_type_check action=maybe_recompile pc=0x00000218135ceff4 method=java.lang.ClassLoader.loadClass(Ljava/lang/String;Z)Ljava/lang/Class; @ 38 c2
Event: 3.881 Thread 0x0000021822f20000 DEOPT PACKING pc=0x00000218135ceff4 sp=0x0000008ff8dfa180
Event: 3.881 Thread 0x0000021822f20000 DEOPT UNPACKING pc=0x000002180ba574af sp=0x0000008ff8dfa1d0 mode 2
Event: 3.903 Thread 0x0000021822f20000 Uncommon trap: trap_request=0xffffff4d fr.pc=0x000002181355fc7c relative=0x0000000000001e9c
Event: 3.903 Thread 0x0000021822f20000 Uncommon trap: reason=unstable_if action=reinterpret pc=0x000002181355fc7c method=java.util.zip.ZipFile$Source.initCEN(ILjava/util/zip/ZipCoder;)V @ 582 c2
Event: 3.903 Thread 0x0000021822f20000 DEOPT PACKING pc=0x000002181355fc7c sp=0x0000008ff8df6170
Event: 3.903 Thread 0x0000021822f20000 DEOPT UNPACKING pc=0x000002180ba574af sp=0x0000008ff8df6130 mode 2
Event: 3.910 Thread 0x0000021822f20000 Uncommon trap: trap_request=0xffffff4d fr.pc=0x00000218135589f0 relative=0x00000000000015f0
Event: 3.910 Thread 0x0000021822f20000 Uncommon trap: reason=unstable_if action=reinterpret pc=0x00000218135589f0 method=java.util.zip.ZipFile$Source.isMetaName([BII)Z @ 57 c2
Event: 3.910 Thread 0x0000021822f20000 DEOPT PACKING pc=0x00000218135589f0 sp=0x0000008ff8df34c0
Event: 3.910 Thread 0x0000021822f20000 DEOPT UNPACKING pc=0x000002180ba574af sp=0x0000008ff8df3418 mode 2

Classes redefined (0 events):
No events

Internal exceptions (20 events):
Event: 3.197 Thread 0x0000021822f20000 Exception <a 'java/lang/IncompatibleClassChangeError'{0x00000000afe3b948}: Found class java.lang.Object, but interface was expected> (0x00000000afe3b948) thrown at [./src/hotspot/share/interpreter/linkResolver.cpp, line 839]
Event: 3.204 Thread 0x0000021822f20000 Exception <a 'java/lang/NoSuchMethodError'{0x00000000afeb88f8}: 'void java.lang.invoke.DirectMethodHandle$Holder.invokeSpecial(java.lang.Object, java.lang.Object, java.lang.Object, java.lang.Object)'> (0x00000000afeb88f8) thrown at [./src/hotspot/share/interpreter/linkResolver.cpp, line 773]
Event: 3.292 Thread 0x0000021822f20000 Exception <a 'java/lang/NoSuchMethodError'{0x00000000af04df58}: 'java.lang.Object java.lang.invoke.DirectMethodHandle$Holder.invokeVirtual(java.lang.Object, java.lang.Object, java.lang.Object, java.lang.Object)'> (0x00000000af04df58) thrown at [./src/hotspot/share/interpreter/linkResolver.cpp, line 773]
Event: 3.534 Thread 0x0000021822f20000 Exception <a 'java/lang/NoSuchMethodError'{0x00000000ae47e980}: 'void java.lang.invoke.DirectMethodHandle$Holder.invokeSpecial(java.lang.Object, java.lang.Object, java.lang.Object, java.lang.Object, java.lang.Object, java.lang.Object)'> (0x00000000ae47e980) thrown at [./src/hotspot/share/interpreter/linkResolver.cpp, line 773]
Event: 3.569 Thread 0x0000021822f20000 Exception <a 'java/lang/NoSuchMethodError'{0x00000000ae20ecd0}: 'java.lang.Object java.lang.invoke.Invokers$Holder.invoker(java.lang.Object, java.lang.Object, java.lang.Object)'> (0x00000000ae20ecd0) thrown at [./src/hotspot/share/interpreter/linkResolver.cpp, line 773]
Event: 3.595 Thread 0x0000021822f20000 Exception <a 'java/lang/NoSuchMethodError'{0x00000000ae106a38}: 'void java.lang.invoke.DirectMethodHandle$Holder.invokeSpecial(java.lang.Object, java.lang.Object, java.lang.Object, java.lang.Object, java.lang.Object, java.lang.Object, java.lang.Object)'> (0x00000000ae106a38) thrown at [./src/hotspot/share/interpreter/linkResolver.cpp, line 773]
Event: 3.596 Thread 0x0000021822f20000 Exception <a 'java/lang/NoSuchMethodError'{0x00000000ae10ec80}: 'java.lang.Object java.lang.invoke.Invokers$Holder.linkToTargetMethod(java.lang.Object, java.lang.Object, java.lang.Object, java.lang.Object, java.lang.Object, java.lang.Object)'> (0x00000000ae10ec80) thrown at [./src/hotspot/share/interpreter/linkResolver.cpp, line 773]
Event: 3.614 Thread 0x0000021822f20000 Exception <a 'java/lang/NoSuchMethodError'{0x00000000ae02ef20}: 'java.lang.Object java.lang.invoke.DirectMethodHandle$Holder.invokeVirtual(java.lang.Object, java.lang.Object, java.lang.Object, java.lang.Object, java.lang.Object, java.lang.Object, java.lang.Object, java.lang.Object, java.lang.Object, java.lang.Object, java.lang.Object, java.lang.Object, java.lang.Object, java.lang.Object, java.lang.Object, java.lang.Object, java.lang.Object)'> (0x00000000ae02ef20) thrown at [./src/hotspot/share/interpreter/
Event: 3.694 Thread 0x0000021822f20000 Exception <a 'java/lang/NoSuchMethodError'{0x00000000adcb08c0}: 'int java.lang.invoke.DirectMethodHandle$Holder.invokeVirtual(java.lang.Object, java.lang.Object)'> (0x00000000adcb08c0) thrown at [./src/hotspot/share/interpreter/linkResolver.cpp, line 773]
Event: 3.730 Thread 0x0000021822f20000 Exception <a 'java/lang/NoSuchMethodError'{0x00000000ad815b60}: 'java.lang.Object java.lang.invoke.Invokers$Holder.linkToTargetMethod(java.lang.Object, int, java.lang.Object)'> (0x00000000ad815b60) thrown at [./src/hotspot/share/interpreter/linkResolver.cpp, line 773]
Event: 3.801 Thread 0x0000021822f20000 Exception <a 'java/lang/NoSuchMethodError'{0x00000000ad5cdb50}: 'int java.lang.invoke.DirectMethodHandle$Holder.invokeStaticInit(java.lang.Object, java.lang.Object, java.lang.Object)'> (0x00000000ad5cdb50) thrown at [./src/hotspot/share/interpreter/linkResolver.cpp, line 773]
Event: 3.805 Thread 0x0000021822f20000 Exception <a 'java/lang/NoSuchMethodError'{0x00000000ad5ebc18}: 'void java.lang.invoke.DirectMethodHandle$Holder.invokeSpecial(java.lang.Object, java.lang.Object)'> (0x00000000ad5ebc18) thrown at [./src/hotspot/share/interpreter/linkResolver.cpp, line 773]
Event: 3.882 Thread 0x0000021822f20000 Exception <a 'java/lang/NoSuchMethodError'{0x00000000acd5e6a8}: <clinit>> (0x00000000acd5e6a8) thrown at [./src/hotspot/share/prims/jni.cpp, line 1362]
Event: 3.890 Thread 0x0000021822f20000 Exception <a 'java/lang/NoSuchMethodError'{0x00000000acdb3c38}: <clinit>> (0x00000000acdb3c38) thrown at [./src/hotspot/share/prims/jni.cpp, line 1362]
Event: 3.903 Thread 0x0000021822f20000 Implicit null exception at 0x000002181355ed16 to 0x000002181355fc5a
Event: 3.926 Thread 0x0000021822f20000 Exception <a 'java/lang/NoSuchMethodError'{0x00000000acb00ab0}: <clinit>> (0x00000000acb00ab0) thrown at [./src/hotspot/share/prims/jni.cpp, line 1362]
Event: 3.955 Thread 0x0000021822f20000 Exception <a 'java/lang/NoSuchMethodError'{0x00000000acb99f78}: <clinit>> (0x00000000acb99f78) thrown at [./src/hotspot/share/prims/jni.cpp, line 1362]
Event: 3.963 Thread 0x0000021822f20000 Exception <a 'java/lang/NoSuchMethodError'{0x00000000aca052c0}: <clinit>> (0x00000000aca052c0) thrown at [./src/hotspot/share/prims/jni.cpp, line 1362]
Event: 3.964 Thread 0x0000021822f20000 Exception <a 'java/lang/NoSuchMethodError'{0x00000000aca069f0}: <clinit>> (0x00000000aca069f0) thrown at [./src/hotspot/share/prims/jni.cpp, line 1362]
Event: 3.964 Thread 0x0000021822f20000 Exception <a 'java/lang/NoSuchMethodError'{0x00000000aca09218}: <clinit>> (0x00000000aca09218) thrown at [./src/hotspot/share/prims/jni.cpp, line 1362]

Events (20 events):
Event: 3.926 loading class gnu/trove/PrimeFinder
Event: 3.926 loading class gnu/trove/PrimeFinder done
Event: 3.927 loading class com/android/tools/idea/gradle/project/sync/idea/svs/AndroidExtraModelProvider
Event: 3.927 loading class com/android/tools/idea/gradle/project/sync/idea/svs/AndroidExtraModelProvider done
Event: 3.954 loading class com/android/tools/idea/gradle/project/sync/SyncActionOptions
Event: 3.954 loading class com/android/tools/idea/gradle/project/sync/SyncActionOptions done
Event: 3.956 loading class org/gradle/internal/serialize/TopLevelExceptionPlaceholder
Event: 3.956 loading class org/gradle/internal/serialize/TopLevelExceptionPlaceholder done
Event: 3.956 loading class org/gradle/internal/serialize/ExceptionPlaceholder
Event: 3.956 loading class org/gradle/internal/serialize/ExceptionPlaceholder done
Event: 3.957 loading class com/android/tools/idea/gradle/project/sync/SingleVariantSyncActionOptions
Event: 3.957 loading class com/android/tools/idea/gradle/project/sync/SingleVariantSyncActionOptions done
Event: 3.957 loading class com/android/tools/idea/gradle/project/sync/SyncProjectActionOptions
Event: 3.957 loading class com/android/tools/idea/gradle/project/sync/SyncProjectActionOptions done
Event: 3.959 loading class kotlin/jvm/internal/DefaultConstructorMarker
Event: 3.959 loading class kotlin/jvm/internal/DefaultConstructorMarker done
Event: 3.961 loading class com/android/tools/idea/gradle/project/sync/AdditionalClassifierArtifactsActionOptions
Event: 3.961 loading class com/android/tools/idea/gradle/project/sync/AdditionalClassifierArtifactsActionOptions done
Event: 3.962 loading class com/android/tools/idea/gradle/project/sync/SelectedVariants
Event: 3.962 loading class com/android/tools/idea/gradle/project/sync/SelectedVariants done


Dynamic libraries:
0x00007ff663ca0000 - 0x00007ff663caa000 	C:\Program Files\Android\Android Studio1\jre\bin\java.exe
0x00007ff978510000 - 0x00007ff978705000 	C:\Windows\SYSTEM32\ntdll.dll
0x00007ff976fd0000 - 0x00007ff97708d000 	C:\Windows\System32\KERNEL32.DLL
0x00007ff975e50000 - 0x00007ff976118000 	C:\Windows\System32\KERNELBASE.dll
0x00007ff9763c0000 - 0x00007ff9764c0000 	C:\Windows\System32\ucrtbase.dll
0x00007ff9525c0000 - 0x00007ff9525d9000 	C:\Program Files\Android\Android Studio1\jre\bin\jli.dll
0x00007ff9771e0000 - 0x00007ff977380000 	C:\Windows\System32\USER32.dll
0x00007ff9764c0000 - 0x00007ff9764e2000 	C:\Windows\System32\win32u.dll
0x00007ff977420000 - 0x00007ff97744a000 	C:\Windows\System32\GDI32.dll
0x00007ff976120000 - 0x00007ff97622b000 	C:\Windows\System32\gdi32full.dll
0x00007ff975c50000 - 0x00007ff975ced000 	C:\Windows\System32\msvcp_win.dll
0x00007ff958600000 - 0x00007ff95889a000 	C:\Windows\WinSxS\amd64_microsoft.windows.common-controls_6595b64144ccf1df_6.0.19041.844_none_ca00b6081b84eb1d\COMCTL32.dll
0x00007ff951ed0000 - 0x00007ff951ee7000 	C:\Program Files\Android\Android Studio1\jre\bin\VCRUNTIME140.dll
0x00007ff976f30000 - 0x00007ff976fce000 	C:\Windows\System32\msvcrt.dll
0x00007ff9771b0000 - 0x00007ff9771e0000 	C:\Windows\System32\IMM32.DLL
0x00007ff945d10000 - 0x00007ff945dad000 	C:\Program Files\Android\Android Studio1\jre\bin\msvcp140.dll
0x00007ff93e110000 - 0x00007ff93ebcc000 	C:\Program Files\Android\Android Studio1\jre\bin\server\jvm.dll
0x00007ff977df0000 - 0x00007ff977e9c000 	C:\Windows\System32\ADVAPI32.dll
0x00007ff9780d0000 - 0x00007ff97816b000 	C:\Windows\System32\sechost.dll
0x00007ff977790000 - 0x00007ff9778bb000 	C:\Windows\System32\RPCRT4.dll
0x00007ff976f20000 - 0x00007ff976f28000 	C:\Windows\System32\PSAPI.DLL
0x00007ff959f50000 - 0x00007ff959f77000 	C:\Windows\SYSTEM32\WINMM.dll
0x00007ff96f3b0000 - 0x00007ff96f3b9000 	C:\Windows\SYSTEM32\WSOCK32.dll
0x00007ff973660000 - 0x00007ff97366a000 	C:\Windows\SYSTEM32\VERSION.dll
0x00007ff9774b0000 - 0x00007ff97751b000 	C:\Windows\System32\WS2_32.dll
0x00007ff973bf0000 - 0x00007ff973c02000 	C:\Windows\SYSTEM32\kernel.appcore.dll
0x00007ff9717b0000 - 0x00007ff9717c1000 	C:\Program Files\Android\Android Studio1\jre\bin\verify.dll
0x00007ff9636b0000 - 0x00007ff963894000 	C:\Windows\SYSTEM32\DBGHELP.DLL
0x00007ff963c10000 - 0x00007ff963c3c000 	C:\Windows\SYSTEM32\dbgcore.DLL
0x00007ff976230000 - 0x00007ff9762b0000 	C:\Windows\System32\bcryptPrimitives.dll
0x00007ff971780000 - 0x00007ff9717a9000 	C:\Program Files\Android\Android Studio1\jre\bin\java.dll
0x00007ff973710000 - 0x00007ff97371b000 	C:\Program Files\Android\Android Studio1\jre\bin\jimage.dll
0x00007ff96e8e0000 - 0x00007ff96e8f8000 	C:\Program Files\Android\Android Studio1\jre\bin\zip.dll
0x00007ff9767d0000 - 0x00007ff976f12000 	C:\Windows\System32\SHELL32.dll
0x00007ff973da0000 - 0x00007ff974530000 	C:\Windows\SYSTEM32\windows.storage.dll
0x00007ff978170000 - 0x00007ff9784c5000 	C:\Windows\System32\combase.dll
0x00007ff9756c0000 - 0x00007ff9756ec000 	C:\Windows\SYSTEM32\Wldp.dll
0x00007ff977d40000 - 0x00007ff977dee000 	C:\Windows\System32\SHCORE.dll
0x00007ff977450000 - 0x00007ff9774a5000 	C:\Windows\System32\shlwapi.dll
0x00007ff975b90000 - 0x00007ff975baf000 	C:\Windows\SYSTEM32\profapi.dll
0x00007ff96e8c0000 - 0x00007ff96e8da000 	C:\Program Files\Android\Android Studio1\jre\bin\net.dll
0x00007ff969530000 - 0x00007ff96963b000 	C:\Windows\SYSTEM32\WINHTTP.dll
0x00007ff975430000 - 0x00007ff97549a000 	C:\Windows\system32\mswsock.dll
0x00007ff96e6c0000 - 0x00007ff96e6d4000 	C:\Program Files\Android\Android Studio1\jre\bin\nio.dll
0x00007ff92f030000 - 0x00007ff92f057000 	C:\Users\raja\.gradle\native\f6784746aeab05261644944871eae4fe03e0ef1612fff0a4a95f87b438bc6780\windows-amd64\native-platform.dll
0x00007ff9733e0000 - 0x00007ff9733ea000 	C:\Program Files\Android\Android Studio1\jre\bin\management.dll
0x00007ff96e890000 - 0x00007ff96e89c000 	C:\Program Files\Android\Android Studio1\jre\bin\management_ext.dll
0x00007ff975610000 - 0x00007ff975628000 	C:\Windows\SYSTEM32\CRYPTSP.dll
0x00007ff974d60000 - 0x00007ff974d94000 	C:\Windows\system32\rsaenh.dll
0x00007ff9764f0000 - 0x00007ff976517000 	C:\Windows\System32\bcrypt.dll
0x00007ff975b10000 - 0x00007ff975b3e000 	C:\Windows\SYSTEM32\USERENV.dll
0x00007ff975600000 - 0x00007ff97560c000 	C:\Windows\SYSTEM32\CRYPTBASE.dll
0x00007ff9750d0000 - 0x00007ff97510b000 	C:\Windows\SYSTEM32\IPHLPAPI.DLL
0x00007ff9778c0000 - 0x00007ff9778c8000 	C:\Windows\System32\NSI.dll
0x00007ff96a7a0000 - 0x00007ff96a7b7000 	C:\Windows\SYSTEM32\dhcpcsvc6.DLL
0x00007ff96cb30000 - 0x00007ff96cb4d000 	C:\Windows\SYSTEM32\dhcpcsvc.DLL
0x00007ff975120000 - 0x00007ff9751ec000 	C:\Windows\SYSTEM32\DNSAPI.dll
0x00007ff96d130000 - 0x00007ff96d13b000 	C:\Windows\SYSTEM32\WINNSI.DLL

dbghelp: loaded successfully - version: 4.0.5 - missing functions: none
symbol engine: initialized successfully - sym options: 0x614 - pdb path: .;C:\Program Files\Android\Android Studio1\jre\bin;C:\Windows\SYSTEM32;C:\Windows\WinSxS\amd64_microsoft.windows.common-controls_6595b64144ccf1df_6.0.19041.844_none_ca00b6081b84eb1d;C:\Program Files\Android\Android Studio1\jre\bin\server;C:\Users\raja\.gradle\native\f6784746aeab05261644944871eae4fe03e0ef1612fff0a4a95f87b438bc6780\windows-amd64

VM Arguments:
jvm_args: --add-opens=java.base/java.util=ALL-UNNAMED --add-opens=java.base/java.lang=ALL-UNNAMED --add-opens=java.base/java.lang.invoke=ALL-UNNAMED --add-opens=java.prefs/java.util.prefs=ALL-UNNAMED -Xmx1536m -Dfile.encoding=windows-1252 -Duser.country=US -Duser.language=en -Duser.variant 
java_command: org.gradle.launcher.daemon.bootstrap.GradleDaemon 6.5
java_class_path (initial): C:\Users\raja\.gradle\wrapper\dists\gradle-6.5-all\2oz4ud9k3tuxjg84bbf55q0tn\gradle-6.5\lib\gradle-launcher-6.5.jar
Launcher Type: SUN_STANDARD

[Global flags]
     intx CICompilerCount                          = 3                                         {product} {ergonomic}
     uint ConcGCThreads                            = 1                                         {product} {ergonomic}
     uint G1ConcRefinementThreads                  = 4                                         {product} {ergonomic}
   size_t G1HeapRegionSize                         = 1048576                                   {product} {ergonomic}
    uintx GCDrainStackTargetSize                   = 64                                        {product} {ergonomic}
   size_t InitialHeapSize                          = 268435456                                 {product} {ergonomic}
   size_t MarkStackSize                            = 4194304                                   {product} {ergonomic}
   size_t MaxHeapSize                              = 1610612736                                {product} {command line}
   size_t MaxNewSize                               = 965738496                                 {product} {ergonomic}
   size_t MinHeapDeltaBytes                        = 1048576                                   {product} {ergonomic}
    uintx NonNMethodCodeHeapSize                   = 5830732                                {pd product} {ergonomic}
    uintx NonProfiledCodeHeapSize                  = 122913754                              {pd product} {ergonomic}
    uintx ProfiledCodeHeapSize                     = 122913754                              {pd product} {ergonomic}
    uintx ReservedCodeCacheSize                    = 251658240                              {pd product} {ergonomic}
     bool SegmentedCodeCache                       = true                                      {product} {ergonomic}
     bool UseCompressedClassPointers               = true                                 {lp64_product} {ergonomic}
     bool UseCompressedOops                        = true                                 {lp64_product} {ergonomic}
     bool UseG1GC                                  = true                                      {product} {ergonomic}
     bool UseLargePagesIndividualAllocation        = false                                  {pd product} {ergonomic}

Logging:
Log output configuration:
 #0: stdout all=warning uptime,level,tags
 #1: stderr all=off uptime,level,tags

Environment Variables:
PATH=C:\Windows\system32;C:\Windows;C:\Windows\System32\Wbem;C:\Windows\System32\WindowsPowerShell\v1.0\;C:\Windows\System32\OpenSSH\;C:\Program Files\Microsoft SQL Server\Client SDK\ODBC\170\Tools\Binn\;C:\Program Files (x86)\Microsoft SQL Server\150\Tools\Binn\;C:\Program Files\Microsoft SQL Server\150\Tools\Binn\;C:\Program Files\Microsoft SQL Server\150\DTS\Binn\;C:\Program Files (x86)\Microsoft SQL Server\150\DTS\Binn\;C:\Program Files\Azure Data Studio\bin;C:\Program Files\Microsoft SQL Server\130\Tools\Binn\;C:\Program Files\Git\cmd;C:\Program Files (x86)\GitExtensions\;C:\Program Files (x86)\nodejs\;C:\ProgramData\chocolatey\bin;C:\Program Files\dotnet\;C:\Users\raja\AppData\Local\Microsoft\WindowsApps;C:\Users\raja\AppData\Local\Programs\Microsoft VS Code\bin;C:\Program Files\Azure Data Studio\bin;C:\Users\raja\AppData\Roaming\npm;C:\Users\raja\.dotnet\tools
USERNAME=raja
OS=Windows_NT
PROCESSOR_IDENTIFIER=Intel64 Family 6 Model 60 Stepping 3, GenuineIntel



---------------  S Y S T E M  ---------------

OS: Windows 10 , 64 bit Build 19041 (10.0.19041.928)
OS uptime: 0 days 1:51 hours

CPU:total 4 (initial active 4) (2 cores per cpu, 2 threads per core) family 6 model 60 stepping 3, cmov, cx8, fxsr, mmx, sse, sse2, sse3, ssse3, sse4.1, sse4.2, popcnt, avx, avx2, aes, clmul, erms, lzcnt, ht, tsc, tscinvbit, bmi1, bmi2, fma

Memory: 4k page, system-wide physical 16281M (2013M free)
TotalPageFile size 41281M (AvailPageFile size 6M)
current process WorkingSet (physical memory assigned to process): 196M, peak: 196M
current process commit charge ("private bytes"): 411M, peak: 413M

vm_info: OpenJDK 64-Bit Server VM (11.0.8+10-b944.6842174) for windows-amd64 JRE (11.0.8+10-b944.6842174), built on Sep 19 2020 01:11:42 by "builder" with MS VC++ 14.0 (VS2015)

END.
