#
# There is insufficient memory for the Java Runtime Environment to continue.
# Native memory allocation (malloc) failed to allocate 461968 bytes for Chunk::new
# Possible reasons:
#   The system is out of physical RAM or swap space
#   The process is running with CompressedOops enabled, and the Java Heap may be blocking the growth of the native heap
# Possible solutions:
#   Reduce memory load on the system
#   Increase physical memory or swap space
#   Check if swap backing store is full
#   Decrease Java heap size (-Xmx/-Xms)
#   Decrease number of Java threads
#   Decrease Java thread stack sizes (-Xss)
#   Set larger code cache with -XX:ReservedCodeCacheSize=
#   JVM is running with Unscaled Compressed Oops mode in which the Java heap is
#     placed in the first 4GB address space. The Java Heap base address is the
#     maximum limit for the native heap growth. Please use -XX:HeapBaseMinAddress
#     to set the Java Heap base and to place the Java Heap above 4GB virtual address.
# This output file may be truncated or incomplete.
#
#  Out of Memory Error (./src/hotspot/share/memory/arena.cpp:197), pid=20628, tid=21104
#
# JRE version: OpenJDK Runtime Environment (11.0.8+10) (build 11.0.8+10-b944.6842174)
# Java VM: OpenJDK 64-Bit Server VM (11.0.8+10-b944.6842174, mixed mode, tiered, compressed oops, g1 gc, windows-amd64)
# No core dump will be written. Minidumps are not enabled by default on client versions of Windows
#

---------------  S U M M A R Y ------------

Command Line: --add-opens=java.base/java.util=ALL-UNNAMED --add-opens=java.base/java.lang=ALL-UNNAMED --add-opens=java.base/java.lang.invoke=ALL-UNNAMED --add-opens=java.prefs/java.util.prefs=ALL-UNNAMED -Xmx1536m -Dfile.encoding=windows-1252 -Duser.country=US -Duser.language=en -Duser.variant org.gradle.launcher.daemon.bootstrap.GradleDaemon 6.5

Host: Intel(R) Core(TM) i5-4300M CPU @ 2.60GHz, 4 cores, 15G,  Windows 10 , 64 bit Build 19041 (10.0.19041.928)
Time: Wed May 26 00:43:25 2021 Pakistan Standard Time elapsed time: 7 seconds (0d 0h 0m 7s)

---------------  T H R E A D  ---------------

Current thread (0x000001d97b979800):  JavaThread "C2 CompilerThread0" daemon [_thread_in_native, id=21104, stack(0x0000004c9f000000,0x0000004c9f100000)]


Current CompileTask:
C2:   7388 3688   !   4       jdk.internal.loader.Resource::getBytes (242 bytes)

Stack: [0x0000004c9f000000,0x0000004c9f100000]
Native frames: (J=compiled Java code, j=interpreted, Vv=VM code, C=native code)
V  [jvm.dll+0x5de50a]
V  [jvm.dll+0x7122f5]
V  [jvm.dll+0x71384d]
V  [jvm.dll+0x713f03]
V  [jvm.dll+0x23e728]
V  [jvm.dll+0xb899c]
V  [jvm.dll+0xb8e9c]
V  [jvm.dll+0x1f6f41]
V  [jvm.dll+0x576955]
V  [jvm.dll+0x5756ee]
V  [jvm.dll+0x1f75a2]
V  [jvm.dll+0x1f68d4]
V  [jvm.dll+0x17f32c]
V  [jvm.dll+0x205047]
V  [jvm.dll+0x203891]
V  [jvm.dll+0x6dad3f]
V  [jvm.dll+0x6d3895]
V  [jvm.dll+0x5dd4a6]
C  [ucrtbase.dll+0x21bb2]
C  [KERNEL32.DLL+0x17034]
C  [ntdll.dll+0x52651]


---------------  P R O C E S S  ---------------

Threads class SMR info:
_java_thread_list=0x000001d97e663af0, length=51, elements={
0x000001d9609f8800, 0x000001d97b0fe800, 0x000001d97b0ef800, 0x000001d97b975000,
0x000001d97b978000, 0x000001d97b979800, 0x000001d97b9a0000, 0x000001d97b9aa800,
0x000001d97bb0e800, 0x000001d97bb21000, 0x000001d97d18d800, 0x000001d97c9c6800,
0x000001d97ca02800, 0x000001d97cd07000, 0x000001d97d0fe000, 0x000001d97cfe9800,
0x000001d97cded000, 0x000001d97cd63000, 0x000001d97ce2c000, 0x000001d97d2ea800,
0x000001d97d2ef800, 0x000001d97d2f1000, 0x000001d97d2eb800, 0x000001d97d2ee000,
0x000001d97d2ec800, 0x000001d97d2ed000, 0x000001d97d2ee800, 0x000001d97d2f0800,
0x000001d901354000, 0x000001d901357000, 0x000001d901355000, 0x000001d901351800,
0x000001d901356800, 0x000001d901352800, 0x000001d901358000, 0x000001d901359000,
0x000001d901353000, 0x000001d901359800, 0x000001d90135a800, 0x000001d90135b800,
0x000001d901355800, 0x000001d90135c000, 0x000001d90135d000, 0x000001d90135e000,
0x000001d90135e800, 0x000001d90135f800, 0x000001d901360000, 0x000001d900787800,
0x000001d900788800, 0x000001d90078b000, 0x000001d90132a800
}

Java Threads: ( => current thread )
  0x000001d9609f8800 JavaThread "main" [_thread_blocked, id=13220, stack(0x0000004c9e500000,0x0000004c9e600000)]
  0x000001d97b0fe800 JavaThread "Reference Handler" daemon [_thread_blocked, id=16820, stack(0x0000004c9ec00000,0x0000004c9ed00000)]
  0x000001d97b0ef800 JavaThread "Finalizer" daemon [_thread_blocked, id=20412, stack(0x0000004c9ed00000,0x0000004c9ee00000)]
  0x000001d97b975000 JavaThread "Signal Dispatcher" daemon [_thread_blocked, id=1356, stack(0x0000004c9ee00000,0x0000004c9ef00000)]
  0x000001d97b978000 JavaThread "Attach Listener" daemon [_thread_blocked, id=20572, stack(0x0000004c9ef00000,0x0000004c9f000000)]
=>0x000001d97b979800 JavaThread "C2 CompilerThread0" daemon [_thread_in_native, id=21104, stack(0x0000004c9f000000,0x0000004c9f100000)]
  0x000001d97b9a0000 JavaThread "C1 CompilerThread0" daemon [_thread_blocked, id=20512, stack(0x0000004c9f100000,0x0000004c9f200000)]
  0x000001d97b9aa800 JavaThread "Sweeper thread" daemon [_thread_blocked, id=20652, stack(0x0000004c9f200000,0x0000004c9f300000)]
  0x000001d97bb0e800 JavaThread "Common-Cleaner" daemon [_thread_blocked, id=20688, stack(0x0000004c9f300000,0x0000004c9f400000)]
  0x000001d97bb21000 JavaThread "Service Thread" daemon [_thread_blocked, id=20684, stack(0x0000004c9f400000,0x0000004c9f500000)]
  0x000001d97d18d800 JavaThread "Daemon health stats" [_thread_blocked, id=20828, stack(0x0000004c9fa00000,0x0000004c9fb00000)]
  0x000001d97c9c6800 JavaThread "Incoming local TCP Connector on port 60471" [_thread_in_native, id=1360, stack(0x0000004c9fc00000,0x0000004c9fd00000)]
  0x000001d97ca02800 JavaThread "Daemon periodic checks" [_thread_blocked, id=4472, stack(0x0000004c9fe00000,0x0000004c9ff00000)]
  0x000001d97cd07000 JavaThread "Daemon" [_thread_blocked, id=21244, stack(0x0000004c9ff00000,0x0000004ca0000000)]
  0x000001d97d0fe000 JavaThread "Handler for socket connection from /127.0.0.1:60471 to /127.0.0.1:60472" [_thread_in_native, id=11324, stack(0x0000004ca0000000,0x0000004ca0100000)]
  0x000001d97cfe9800 JavaThread "Cancel handler" [_thread_blocked, id=20888, stack(0x0000004ca0100000,0x0000004ca0200000)]
  0x000001d97cded000 JavaThread "Daemon worker" [_thread_in_vm, id=17260, stack(0x0000004ca0200000,0x0000004ca0300000)]
  0x000001d97cd63000 JavaThread "Asynchronous log dispatcher for DefaultDaemonConnection: socket connection from /127.0.0.1:60471 to /127.0.0.1:60472" [_thread_blocked, id=1232, stack(0x0000004ca0300000,0x0000004ca0400000)]
  0x000001d97ce2c000 JavaThread "Stdin handler" [_thread_blocked, id=19328, stack(0x0000004ca0400000,0x0000004ca0500000)]
  0x000001d97d2ea800 JavaThread "Thread-8" [_thread_blocked, id=20952, stack(0x0000004ca0500000,0x0000004ca0600000)]
  0x000001d97d2ef800 JavaThread "Cache worker for journal cache (C:\Users\raja\.gradle\caches\journal-1)" [_thread_blocked, id=19640, stack(0x0000004ca0600000,0x0000004ca0700000)]
  0x000001d97d2f1000 JavaThread "File lock request listener" [_thread_in_native, id=19532, stack(0x0000004ca0700000,0x0000004ca0800000)]
  0x000001d97d2eb800 JavaThread "Cache worker for file hash cache (C:\Users\raja\.gradle\caches\6.5\fileHashes)" [_thread_blocked, id=3924, stack(0x0000004ca0800000,0x0000004ca0900000)]
  0x000001d97d2ee000 JavaThread "Cache worker for file hash cache (C:\Donatingsystem2\.gradle\6.5\fileHashes)" [_thread_blocked, id=9388, stack(0x0000004ca0900000,0x0000004ca0a00000)]
  0x000001d97d2ec800 JavaThread "jar transforms" [_thread_blocked, id=18736, stack(0x0000004ca0a00000,0x0000004ca0b00000)]
  0x000001d97d2ed000 JavaThread "jar transforms Thread 2" [_thread_blocked, id=15644, stack(0x0000004ca0b00000,0x0000004ca0c00000)]
  0x000001d97d2ee800 JavaThread "jar transforms Thread 3" [_thread_blocked, id=8460, stack(0x0000004ca0c00000,0x0000004ca0d00000)]
  0x000001d97d2f0800 JavaThread "jar transforms Thread 4" [_thread_blocked, id=21264, stack(0x0000004ca0d00000,0x0000004ca0e00000)]
  0x000001d901354000 JavaThread "jar transforms Thread 5" [_thread_blocked, id=21268, stack(0x0000004ca0e00000,0x0000004ca0f00000)]
  0x000001d901357000 JavaThread "jar transforms Thread 6" [_thread_blocked, id=14516, stack(0x0000004ca0f00000,0x0000004ca1000000)]
  0x000001d901355000 JavaThread "jar transforms Thread 7" [_thread_blocked, id=8812, stack(0x0000004ca1000000,0x0000004ca1100000)]
  0x000001d901351800 JavaThread "jar transforms Thread 8" [_thread_blocked, id=4352, stack(0x0000004ca1100000,0x0000004ca1200000)]
  0x000001d901356800 JavaThread "jar transforms Thread 9" [_thread_blocked, id=21040, stack(0x0000004ca1200000,0x0000004ca1300000)]
  0x000001d901352800 JavaThread "jar transforms Thread 10" [_thread_blocked, id=21276, stack(0x0000004ca1300000,0x0000004ca1400000)]
  0x000001d901358000 JavaThread "jar transforms Thread 11" [_thread_blocked, id=4216, stack(0x0000004ca1400000,0x0000004ca1500000)]
  0x000001d901359000 JavaThread "jar transforms Thread 12" [_thread_blocked, id=12524, stack(0x0000004ca1500000,0x0000004ca1600000)]
  0x000001d901353000 JavaThread "jar transforms Thread 13" [_thread_blocked, id=7352, stack(0x0000004ca1600000,0x0000004ca1700000)]
  0x000001d901359800 JavaThread "jar transforms Thread 14" [_thread_blocked, id=16872, stack(0x0000004ca1700000,0x0000004ca1800000)]
  0x000001d90135a800 JavaThread "jar transforms Thread 15" [_thread_blocked, id=20668, stack(0x0000004ca1800000,0x0000004ca1900000)]
  0x000001d90135b800 JavaThread "jar transforms Thread 16" [_thread_blocked, id=18504, stack(0x0000004ca1900000,0x0000004ca1a00000)]
  0x000001d901355800 JavaThread "jar transforms Thread 17" [_thread_blocked, id=8864, stack(0x0000004ca1a00000,0x0000004ca1b00000)]
  0x000001d90135c000 JavaThread "jar transforms Thread 18" [_thread_blocked, id=18324, stack(0x0000004ca1b00000,0x0000004ca1c00000)]
  0x000001d90135d000 JavaThread "jar transforms Thread 19" [_thread_blocked, id=21204, stack(0x0000004ca1c00000,0x0000004ca1d00000)]
  0x000001d90135e000 JavaThread "jar transforms Thread 20" [_thread_blocked, id=20956, stack(0x0000004ca1d00000,0x0000004ca1e00000)]
  0x000001d90135e800 JavaThread "jar transforms Thread 21" [_thread_blocked, id=21124, stack(0x0000004ca1e00000,0x0000004ca1f00000)]
  0x000001d90135f800 JavaThread "Cache worker for checksums cache (C:\Donatingsystem2\.gradle\checksums)" [_thread_blocked, id=17604, stack(0x0000004c9fd00000,0x0000004c9fe00000)]
  0x000001d901360000 JavaThread "Cache worker for cache directory md-supplier (C:\Users\raja\.gradle\caches\6.5\md-supplier)" [_thread_blocked, id=21212, stack(0x0000004ca1f00000,0x0000004ca2000000)]
  0x000001d900787800 JavaThread "Cache worker for cache directory md-rule (C:\Users\raja\.gradle\caches\6.5\md-rule)" [_thread_blocked, id=4300, stack(0x0000004ca2000000,0x0000004ca2100000)]
  0x000001d900788800 JavaThread "Cache worker for execution history cache (C:\Users\raja\.gradle\caches\6.5\executionHistory)" [_thread_blocked, id=6732, stack(0x0000004ca2200000,0x0000004ca2300000)]
  0x000001d90078b000 JavaThread "Cache worker for file content cache (C:\Users\raja\.gradle\caches\6.5\fileContent)" [_thread_blocked, id=6232, stack(0x0000004ca2300000,0x0000004ca2400000)]
  0x000001d90132a800 JavaThread "C2 CompilerThread1" daemon [_thread_in_native, id=7192, stack(0x0000004ca2100000,0x0000004ca2200000)]

Other Threads:
  0x000001d97b925000 VMThread "VM Thread" [stack: 0x0000004c9eb00000,0x0000004c9ec00000] [id=9236]
  0x000001d97bb22000 WatcherThread [stack: 0x0000004c9f500000,0x0000004c9f600000] [id=20672]
  0x000001d960a11000 GCTaskThread "GC Thread#0" [stack: 0x0000004c9e600000,0x0000004c9e700000] [id=4468]
  0x000001d97c3ba000 GCTaskThread "GC Thread#1" [stack: 0x0000004c9f700000,0x0000004c9f800000] [id=20680]
  0x000001d97bf4e000 GCTaskThread "GC Thread#2" [stack: 0x0000004c9f800000,0x0000004c9f900000] [id=17620]
  0x000001d97bf4f000 GCTaskThread "GC Thread#3" [stack: 0x0000004c9f900000,0x0000004c9fa00000] [id=14596]
  0x000001d960a37800 ConcurrentGCThread "G1 Main Marker" [stack: 0x0000004c9e700000,0x0000004c9e800000] [id=7764]
  0x000001d960a3a000 ConcurrentGCThread "G1 Conc#0" [stack: 0x0000004c9e800000,0x0000004c9e900000] [id=8532]
  0x000001d97af50800 ConcurrentGCThread "G1 Refine#0" [stack: 0x0000004c9e900000,0x0000004c9ea00000] [id=16240]
  0x000001d97af51800 ConcurrentGCThread "G1 Young RemSet Sampling" [stack: 0x0000004c9ea00000,0x0000004c9eb00000] [id=19984]

Threads with active compile tasks:
C2 CompilerThread0   7428 3688   !   4       jdk.internal.loader.Resource::getBytes (242 bytes)
C2 CompilerThread1   7428 3706   !   4       java.util.zip.ZipFile::getInputStream (323 bytes)

VM state:not at safepoint (normal execution)

VM Mutex/Monitor currently owned by a thread: None

OutOfMemory and StackOverflow Exception counts:
OutOfMemoryError java_heap_errors=1
LinkageErrors=99

Heap address: 0x00000000a0000000, size: 1536 MB, Compressed Oops mode: 32-bit
Narrow klass base: 0x0000000000000000, Narrow klass shift: 3
Compressed class space size: 1073741824 Address: 0x0000000100000000

Heap:
 garbage-first heap   total 262144K, used 50520K [0x00000000a0000000, 0x0000000100000000)
  region size 1024K, 22 young (22528K), 7 survivors (7168K)
 Metaspace       used 43254K, capacity 44256K, committed 44572K, reserved 1087488K
  class space    used 5357K, capacity 5689K, committed 5760K, reserved 1048576K
Heap Regions: E=young(eden), S=young(survivor), O=old, HS=humongous(starts), HC=humongous(continues), CS=collection set, F=free, A=archive, TAMS=top-at-mark-start (previous, next)
|   0|0x00000000a0000000, 0x00000000a0100000, 0x00000000a0100000|100%| O|  |TAMS 0x00000000a0100000, 0x00000000a0000000| Untracked 
|   1|0x00000000a0100000, 0x00000000a0200000, 0x00000000a0200000|100%| O|  |TAMS 0x00000000a0200000, 0x00000000a0100000| Untracked 
|   2|0x00000000a0200000, 0x00000000a0300000, 0x00000000a0300000|100%| O|  |TAMS 0x00000000a0300000, 0x00000000a0200000| Untracked 
|   3|0x00000000a0300000, 0x00000000a0400000, 0x00000000a0400000|100%|HS|  |TAMS 0x00000000a0400000, 0x00000000a0300000| Complete 
|   4|0x00000000a0400000, 0x00000000a0500000, 0x00000000a0500000|100%|HC|  |TAMS 0x00000000a0500000, 0x00000000a0400000| Complete 
|   5|0x00000000a0500000, 0x00000000a0600000, 0x00000000a0600000|100%|HC|  |TAMS 0x00000000a0600000, 0x00000000a0500000| Complete 
|   6|0x00000000a0600000, 0x00000000a0700000, 0x00000000a0700000|100%| O|  |TAMS 0x00000000a0700000, 0x00000000a0600000| Untracked 
|   7|0x00000000a0700000, 0x00000000a0800000, 0x00000000a0800000|100%| O|  |TAMS 0x00000000a0800000, 0x00000000a0700000| Untracked 
|   8|0x00000000a0800000, 0x00000000a0900000, 0x00000000a0900000|100%| O|  |TAMS 0x00000000a0900000, 0x00000000a0800000| Untracked 
|   9|0x00000000a0900000, 0x00000000a0a00000, 0x00000000a0a00000|100%| O|  |TAMS 0x00000000a0a00000, 0x00000000a0900000| Untracked 
|  10|0x00000000a0a00000, 0x00000000a0b00000, 0x00000000a0b00000|100%| O|  |TAMS 0x00000000a0b00000, 0x00000000a0a00000| Untracked 
|  11|0x00000000a0b00000, 0x00000000a0c00000, 0x00000000a0c00000|100%| O|  |TAMS 0x00000000a0c00000, 0x00000000a0b00000| Untracked 
|  12|0x00000000a0c00000, 0x00000000a0d00000, 0x00000000a0d00000|100%| O|  |TAMS 0x00000000a0d00000, 0x00000000a0c00000| Untracked 
|  13|0x00000000a0d00000, 0x00000000a0e00000, 0x00000000a0e00000|100%| O|  |TAMS 0x00000000a0e00000, 0x00000000a0d00000| Untracked 
|  14|0x00000000a0e00000, 0x00000000a0f00000, 0x00000000a0f00000|100%| O|  |TAMS 0x00000000a0ef5a00, 0x00000000a0e00000| Untracked 
|  15|0x00000000a0f00000, 0x00000000a1000000, 0x00000000a1000000|100%|HS|  |TAMS 0x00000000a1000000, 0x00000000a0f00000| Complete 
|  16|0x00000000a1000000, 0x00000000a1100000, 0x00000000a1100000|100%|HC|  |TAMS 0x00000000a1100000, 0x00000000a1000000| Complete 
|  17|0x00000000a1100000, 0x00000000a1200000, 0x00000000a1200000|100%|HS|  |TAMS 0x00000000a1200000, 0x00000000a1100000| Complete 
|  18|0x00000000a1200000, 0x00000000a1300000, 0x00000000a1300000|100%|HC|  |TAMS 0x00000000a1300000, 0x00000000a1200000| Complete 
|  19|0x00000000a1300000, 0x00000000a1400000, 0x00000000a1400000|100%|HC|  |TAMS 0x00000000a1400000, 0x00000000a1300000| Complete 
|  20|0x00000000a1400000, 0x00000000a1500000, 0x00000000a1500000|100%|HS|  |TAMS 0x00000000a1500000, 0x00000000a1400000| Complete 
|  21|0x00000000a1500000, 0x00000000a1600000, 0x00000000a1600000|100%|HC|  |TAMS 0x00000000a1600000, 0x00000000a1500000| Complete 
|  22|0x00000000a1600000, 0x00000000a1700000, 0x00000000a1700000|100%|HC|  |TAMS 0x00000000a1700000, 0x00000000a1600000| Complete 
|  23|0x00000000a1700000, 0x00000000a1800000, 0x00000000a1800000|100%|HC|  |TAMS 0x00000000a1800000, 0x00000000a1700000| Complete 
|  24|0x00000000a1800000, 0x00000000a1800000, 0x00000000a1900000|  0%| F|  |TAMS 0x00000000a1800000, 0x00000000a1800000| Untracked 
|  25|0x00000000a1900000, 0x00000000a1900000, 0x00000000a1a00000|  0%| F|  |TAMS 0x00000000a1900000, 0x00000000a1900000| Untracked 
|  26|0x00000000a1a00000, 0x00000000a1a00000, 0x00000000a1b00000|  0%| F|  |TAMS 0x00000000a1a00000, 0x00000000a1a00000| Untracked 
|  27|0x00000000a1b00000, 0x00000000a1c00000, 0x00000000a1c00000|100%| O|  |TAMS 0x00000000a1b00000, 0x00000000a1b00000| Untracked 
|  28|0x00000000a1c00000, 0x00000000a1d00000, 0x00000000a1d00000|100%| O|  |TAMS 0x00000000a1c00000, 0x00000000a1c00000| Untracked 
|  29|0x00000000a1d00000, 0x00000000a1e00000, 0x00000000a1e00000|100%| O|  |TAMS 0x00000000a1d00000, 0x00000000a1d00000| Untracked 
|  30|0x00000000a1e00000, 0x00000000a1f00000, 0x00000000a1f00000|100%| O|  |TAMS 0x00000000a1e00000, 0x00000000a1e00000| Untracked 
|  31|0x00000000a1f00000, 0x00000000a1f9e600, 0x00000000a2000000| 61%| O|  |TAMS 0x00000000a1f00000, 0x00000000a1f00000| Untracked 
|  32|0x00000000a2000000, 0x00000000a2000000, 0x00000000a2100000|  0%| F|  |TAMS 0x00000000a2000000, 0x00000000a2000000| Untracked 
|  33|0x00000000a2100000, 0x00000000a2100000, 0x00000000a2200000|  0%| F|  |TAMS 0x00000000a2100000, 0x00000000a2100000| Untracked 
|  34|0x00000000a2200000, 0x00000000a2200000, 0x00000000a2300000|  0%| F|  |TAMS 0x00000000a2200000, 0x00000000a2200000| Untracked 
|  35|0x00000000a2300000, 0x00000000a2300000, 0x00000000a2400000|  0%| F|  |TAMS 0x00000000a2300000, 0x00000000a2300000| Untracked 
|  36|0x00000000a2400000, 0x00000000a2400000, 0x00000000a2500000|  0%| F|  |TAMS 0x00000000a2400000, 0x00000000a2400000| Untracked 
|  37|0x00000000a2500000, 0x00000000a2500000, 0x00000000a2600000|  0%| F|  |TAMS 0x00000000a2500000, 0x00000000a2500000| Untracked 
|  38|0x00000000a2600000, 0x00000000a2600000, 0x00000000a2700000|  0%| F|  |TAMS 0x00000000a2600000, 0x00000000a2600000| Untracked 
|  39|0x00000000a2700000, 0x00000000a2700000, 0x00000000a2800000|  0%| F|  |TAMS 0x00000000a2700000, 0x00000000a2700000| Untracked 
|  40|0x00000000a2800000, 0x00000000a2800000, 0x00000000a2900000|  0%| F|  |TAMS 0x00000000a2800000, 0x00000000a2800000| Untracked 
|  41|0x00000000a2900000, 0x00000000a2900000, 0x00000000a2a00000|  0%| F|  |TAMS 0x00000000a2900000, 0x00000000a2900000| Untracked 
|  42|0x00000000a2a00000, 0x00000000a2a00000, 0x00000000a2b00000|  0%| F|  |TAMS 0x00000000a2a00000, 0x00000000a2a00000| Untracked 
|  43|0x00000000a2b00000, 0x00000000a2b00000, 0x00000000a2c00000|  0%| F|  |TAMS 0x00000000a2b00000, 0x00000000a2b00000| Untracked 
|  44|0x00000000a2c00000, 0x00000000a2c00000, 0x00000000a2d00000|  0%| F|  |TAMS 0x00000000a2c00000, 0x00000000a2c00000| Untracked 
|  45|0x00000000a2d00000, 0x00000000a2d00000, 0x00000000a2e00000|  0%| F|  |TAMS 0x00000000a2d00000, 0x00000000a2d00000| Untracked 
|  46|0x00000000a2e00000, 0x00000000a2e00000, 0x00000000a2f00000|  0%| F|  |TAMS 0x00000000a2e00000, 0x00000000a2e00000| Untracked 
|  47|0x00000000a2f00000, 0x00000000a2f00000, 0x00000000a3000000|  0%| F|  |TAMS 0x00000000a2f00000, 0x00000000a2f00000| Untracked 
|  48|0x00000000a3000000, 0x00000000a3000000, 0x00000000a3100000|  0%| F|  |TAMS 0x00000000a3000000, 0x00000000a3000000| Untracked 
|  49|0x00000000a3100000, 0x00000000a3100000, 0x00000000a3200000|  0%| F|  |TAMS 0x00000000a3100000, 0x00000000a3100000| Untracked 
|  50|0x00000000a3200000, 0x00000000a3200000, 0x00000000a3300000|  0%| F|  |TAMS 0x00000000a3200000, 0x00000000a3200000| Untracked 
|  51|0x00000000a3300000, 0x00000000a3300000, 0x00000000a3400000|  0%| F|  |TAMS 0x00000000a3300000, 0x00000000a3300000| Untracked 
|  52|0x00000000a3400000, 0x00000000a3400000, 0x00000000a3500000|  0%| F|  |TAMS 0x00000000a3400000, 0x00000000a3400000| Untracked 
|  53|0x00000000a3500000, 0x00000000a3500000, 0x00000000a3600000|  0%| F|  |TAMS 0x00000000a3500000, 0x00000000a3500000| Untracked 
|  54|0x00000000a3600000, 0x00000000a3600000, 0x00000000a3700000|  0%| F|  |TAMS 0x00000000a3600000, 0x00000000a3600000| Untracked 
|  55|0x00000000a3700000, 0x00000000a3700000, 0x00000000a3800000|  0%| F|  |TAMS 0x00000000a3700000, 0x00000000a3700000| Untracked 
|  56|0x00000000a3800000, 0x00000000a3800000, 0x00000000a3900000|  0%| F|  |TAMS 0x00000000a3800000, 0x00000000a3800000| Untracked 
|  57|0x00000000a3900000, 0x00000000a3900000, 0x00000000a3a00000|  0%| F|  |TAMS 0x00000000a3900000, 0x00000000a3900000| Untracked 
|  58|0x00000000a3a00000, 0x00000000a3a00000, 0x00000000a3b00000|  0%| F|  |TAMS 0x00000000a3a00000, 0x00000000a3a00000| Untracked 
|  59|0x00000000a3b00000, 0x00000000a3b00000, 0x00000000a3c00000|  0%| F|  |TAMS 0x00000000a3b00000, 0x00000000a3b00000| Untracked 
|  60|0x00000000a3c00000, 0x00000000a3c00000, 0x00000000a3d00000|  0%| F|  |TAMS 0x00000000a3c00000, 0x00000000a3c00000| Untracked 
|  61|0x00000000a3d00000, 0x00000000a3d00000, 0x00000000a3e00000|  0%| F|  |TAMS 0x00000000a3d00000, 0x00000000a3d00000| Untracked 
|  62|0x00000000a3e00000, 0x00000000a3e00000, 0x00000000a3f00000|  0%| F|  |TAMS 0x00000000a3e00000, 0x00000000a3e00000| Untracked 
|  63|0x00000000a3f00000, 0x00000000a3f00000, 0x00000000a4000000|  0%| F|  |TAMS 0x00000000a3f00000, 0x00000000a3f00000| Untracked 
|  64|0x00000000a4000000, 0x00000000a4000000, 0x00000000a4100000|  0%| F|  |TAMS 0x00000000a4000000, 0x00000000a4000000| Untracked 
|  65|0x00000000a4100000, 0x00000000a4100000, 0x00000000a4200000|  0%| F|  |TAMS 0x00000000a4100000, 0x00000000a4100000| Untracked 
|  66|0x00000000a4200000, 0x00000000a4200000, 0x00000000a4300000|  0%| F|  |TAMS 0x00000000a4200000, 0x00000000a4200000| Untracked 
|  67|0x00000000a4300000, 0x00000000a4300000, 0x00000000a4400000|  0%| F|  |TAMS 0x00000000a4300000, 0x00000000a4300000| Untracked 
|  68|0x00000000a4400000, 0x00000000a4400000, 0x00000000a4500000|  0%| F|  |TAMS 0x00000000a4400000, 0x00000000a4400000| Untracked 
|  69|0x00000000a4500000, 0x00000000a4500000, 0x00000000a4600000|  0%| F|  |TAMS 0x00000000a4500000, 0x00000000a4500000| Untracked 
|  70|0x00000000a4600000, 0x00000000a4600000, 0x00000000a4700000|  0%| F|  |TAMS 0x00000000a4600000, 0x00000000a4600000| Untracked 
|  71|0x00000000a4700000, 0x00000000a4700000, 0x00000000a4800000|  0%| F|  |TAMS 0x00000000a4700000, 0x00000000a4700000| Untracked 
|  72|0x00000000a4800000, 0x00000000a4800000, 0x00000000a4900000|  0%| F|  |TAMS 0x00000000a4800000, 0x00000000a4800000| Untracked 
|  73|0x00000000a4900000, 0x00000000a4900000, 0x00000000a4a00000|  0%| F|  |TAMS 0x00000000a4900000, 0x00000000a4900000| Untracked 
|  74|0x00000000a4a00000, 0x00000000a4a00000, 0x00000000a4b00000|  0%| F|  |TAMS 0x00000000a4a00000, 0x00000000a4a00000| Untracked 
|  75|0x00000000a4b00000, 0x00000000a4b00000, 0x00000000a4c00000|  0%| F|  |TAMS 0x00000000a4b00000, 0x00000000a4b00000| Untracked 
|  76|0x00000000a4c00000, 0x00000000a4c00000, 0x00000000a4d00000|  0%| F|  |TAMS 0x00000000a4c00000, 0x00000000a4c00000| Untracked 
|  77|0x00000000a4d00000, 0x00000000a4d00000, 0x00000000a4e00000|  0%| F|  |TAMS 0x00000000a4d00000, 0x00000000a4d00000| Untracked 
|  78|0x00000000a4e00000, 0x00000000a4e00000, 0x00000000a4f00000|  0%| F|  |TAMS 0x00000000a4e00000, 0x00000000a4e00000| Untracked 
|  79|0x00000000a4f00000, 0x00000000a4f00000, 0x00000000a5000000|  0%| F|  |TAMS 0x00000000a4f00000, 0x00000000a4f00000| Untracked 
|  80|0x00000000a5000000, 0x00000000a5000000, 0x00000000a5100000|  0%| F|  |TAMS 0x00000000a5000000, 0x00000000a5000000| Untracked 
|  81|0x00000000a5100000, 0x00000000a5100000, 0x00000000a5200000|  0%| F|  |TAMS 0x00000000a5100000, 0x00000000a5100000| Untracked 
|  82|0x00000000a5200000, 0x00000000a5200000, 0x00000000a5300000|  0%| F|  |TAMS 0x00000000a5200000, 0x00000000a5200000| Untracked 
|  83|0x00000000a5300000, 0x00000000a5300000, 0x00000000a5400000|  0%| F|  |TAMS 0x00000000a5300000, 0x00000000a5300000| Untracked 
|  84|0x00000000a5400000, 0x00000000a5400000, 0x00000000a5500000|  0%| F|  |TAMS 0x00000000a5400000, 0x00000000a5400000| Untracked 
|  85|0x00000000a5500000, 0x00000000a5500000, 0x00000000a5600000|  0%| F|  |TAMS 0x00000000a5500000, 0x00000000a5500000| Untracked 
|  86|0x00000000a5600000, 0x00000000a5600000, 0x00000000a5700000|  0%| F|  |TAMS 0x00000000a5600000, 0x00000000a5600000| Untracked 
|  87|0x00000000a5700000, 0x00000000a5700000, 0x00000000a5800000|  0%| F|  |TAMS 0x00000000a5700000, 0x00000000a5700000| Untracked 
|  88|0x00000000a5800000, 0x00000000a5800000, 0x00000000a5900000|  0%| F|  |TAMS 0x00000000a5800000, 0x00000000a5800000| Untracked 
|  89|0x00000000a5900000, 0x00000000a5900000, 0x00000000a5a00000|  0%| F|  |TAMS 0x00000000a5900000, 0x00000000a5900000| Untracked 
|  90|0x00000000a5a00000, 0x00000000a5a00000, 0x00000000a5b00000|  0%| F|  |TAMS 0x00000000a5a00000, 0x00000000a5a00000| Untracked 
|  91|0x00000000a5b00000, 0x00000000a5b00000, 0x00000000a5c00000|  0%| F|  |TAMS 0x00000000a5b00000, 0x00000000a5b00000| Untracked 
|  92|0x00000000a5c00000, 0x00000000a5c00000, 0x00000000a5d00000|  0%| F|  |TAMS 0x00000000a5c00000, 0x00000000a5c00000| Untracked 
|  93|0x00000000a5d00000, 0x00000000a5d00000, 0x00000000a5e00000|  0%| F|  |TAMS 0x00000000a5d00000, 0x00000000a5d00000| Untracked 
|  94|0x00000000a5e00000, 0x00000000a5e00000, 0x00000000a5f00000|  0%| F|  |TAMS 0x00000000a5e00000, 0x00000000a5e00000| Untracked 
|  95|0x00000000a5f00000, 0x00000000a5f00000, 0x00000000a6000000|  0%| F|  |TAMS 0x00000000a5f00000, 0x00000000a5f00000| Untracked 
|  96|0x00000000a6000000, 0x00000000a6000000, 0x00000000a6100000|  0%| F|  |TAMS 0x00000000a6000000, 0x00000000a6000000| Untracked 
|  97|0x00000000a6100000, 0x00000000a6100000, 0x00000000a6200000|  0%| F|  |TAMS 0x00000000a6100000, 0x00000000a6100000| Untracked 
|  98|0x00000000a6200000, 0x00000000a6200000, 0x00000000a6300000|  0%| F|  |TAMS 0x00000000a6200000, 0x00000000a6200000| Untracked 
|  99|0x00000000a6300000, 0x00000000a6300000, 0x00000000a6400000|  0%| F|  |TAMS 0x00000000a6300000, 0x00000000a6300000| Untracked 
| 100|0x00000000a6400000, 0x00000000a6400000, 0x00000000a6500000|  0%| F|  |TAMS 0x00000000a6400000, 0x00000000a6400000| Untracked 
| 101|0x00000000a6500000, 0x00000000a6500000, 0x00000000a6600000|  0%| F|  |TAMS 0x00000000a6500000, 0x00000000a6500000| Untracked 
| 102|0x00000000a6600000, 0x00000000a6600000, 0x00000000a6700000|  0%| F|  |TAMS 0x00000000a6600000, 0x00000000a6600000| Untracked 
| 103|0x00000000a6700000, 0x00000000a6700000, 0x00000000a6800000|  0%| F|  |TAMS 0x00000000a6700000, 0x00000000a6700000| Untracked 
| 104|0x00000000a6800000, 0x00000000a6800000, 0x00000000a6900000|  0%| F|  |TAMS 0x00000000a6800000, 0x00000000a6800000| Untracked 
| 105|0x00000000a6900000, 0x00000000a6900000, 0x00000000a6a00000|  0%| F|  |TAMS 0x00000000a6900000, 0x00000000a6900000| Untracked 
| 106|0x00000000a6a00000, 0x00000000a6a00000, 0x00000000a6b00000|  0%| F|  |TAMS 0x00000000a6a00000, 0x00000000a6a00000| Untracked 
| 107|0x00000000a6b00000, 0x00000000a6b00000, 0x00000000a6c00000|  0%| F|  |TAMS 0x00000000a6b00000, 0x00000000a6b00000| Untracked 
| 108|0x00000000a6c00000, 0x00000000a6c00000, 0x00000000a6d00000|  0%| F|  |TAMS 0x00000000a6c00000, 0x00000000a6c00000| Untracked 
| 109|0x00000000a6d00000, 0x00000000a6d00000, 0x00000000a6e00000|  0%| F|  |TAMS 0x00000000a6d00000, 0x00000000a6d00000| Untracked 
| 110|0x00000000a6e00000, 0x00000000a6e00000, 0x00000000a6f00000|  0%| F|  |TAMS 0x00000000a6e00000, 0x00000000a6e00000| Untracked 
| 111|0x00000000a6f00000, 0x00000000a6f00000, 0x00000000a7000000|  0%| F|  |TAMS 0x00000000a6f00000, 0x00000000a6f00000| Untracked 
| 112|0x00000000a7000000, 0x00000000a7000000, 0x00000000a7100000|  0%| F|  |TAMS 0x00000000a7000000, 0x00000000a7000000| Untracked 
| 113|0x00000000a7100000, 0x00000000a7100000, 0x00000000a7200000|  0%| F|  |TAMS 0x00000000a7100000, 0x00000000a7100000| Untracked 
| 114|0x00000000a7200000, 0x00000000a7200000, 0x00000000a7300000|  0%| F|  |TAMS 0x00000000a7200000, 0x00000000a7200000| Untracked 
| 115|0x00000000a7300000, 0x00000000a7300000, 0x00000000a7400000|  0%| F|  |TAMS 0x00000000a7300000, 0x00000000a7300000| Untracked 
| 116|0x00000000a7400000, 0x00000000a7400000, 0x00000000a7500000|  0%| F|  |TAMS 0x00000000a7400000, 0x00000000a7400000| Untracked 
| 117|0x00000000a7500000, 0x00000000a7500000, 0x00000000a7600000|  0%| F|  |TAMS 0x00000000a7500000, 0x00000000a7500000| Untracked 
| 118|0x00000000a7600000, 0x00000000a7600000, 0x00000000a7700000|  0%| F|  |TAMS 0x00000000a7600000, 0x00000000a7600000| Untracked 
| 119|0x00000000a7700000, 0x00000000a7700000, 0x00000000a7800000|  0%| F|  |TAMS 0x00000000a7700000, 0x00000000a7700000| Untracked 
| 120|0x00000000a7800000, 0x00000000a7800000, 0x00000000a7900000|  0%| F|  |TAMS 0x00000000a7800000, 0x00000000a7800000| Untracked 
| 121|0x00000000a7900000, 0x00000000a7900000, 0x00000000a7a00000|  0%| F|  |TAMS 0x00000000a7900000, 0x00000000a7900000| Untracked 
| 122|0x00000000a7a00000, 0x00000000a7a00000, 0x00000000a7b00000|  0%| F|  |TAMS 0x00000000a7a00000, 0x00000000a7a00000| Untracked 
| 123|0x00000000a7b00000, 0x00000000a7b00000, 0x00000000a7c00000|  0%| F|  |TAMS 0x00000000a7b00000, 0x00000000a7b00000| Untracked 
| 124|0x00000000a7c00000, 0x00000000a7c00000, 0x00000000a7d00000|  0%| F|  |TAMS 0x00000000a7c00000, 0x00000000a7c00000| Untracked 
| 125|0x00000000a7d00000, 0x00000000a7d00000, 0x00000000a7e00000|  0%| F|  |TAMS 0x00000000a7d00000, 0x00000000a7d00000| Untracked 
| 126|0x00000000a7e00000, 0x00000000a7e00000, 0x00000000a7f00000|  0%| F|  |TAMS 0x00000000a7e00000, 0x00000000a7e00000| Untracked 
| 127|0x00000000a7f00000, 0x00000000a7f00000, 0x00000000a8000000|  0%| F|  |TAMS 0x00000000a7f00000, 0x00000000a7f00000| Untracked 
| 128|0x00000000a8000000, 0x00000000a8000000, 0x00000000a8100000|  0%| F|  |TAMS 0x00000000a8000000, 0x00000000a8000000| Untracked 
| 129|0x00000000a8100000, 0x00000000a8100000, 0x00000000a8200000|  0%| F|  |TAMS 0x00000000a8100000, 0x00000000a8100000| Untracked 
| 130|0x00000000a8200000, 0x00000000a8200000, 0x00000000a8300000|  0%| F|  |TAMS 0x00000000a8200000, 0x00000000a8200000| Untracked 
| 131|0x00000000a8300000, 0x00000000a8300000, 0x00000000a8400000|  0%| F|  |TAMS 0x00000000a8300000, 0x00000000a8300000| Untracked 
| 132|0x00000000a8400000, 0x00000000a8400000, 0x00000000a8500000|  0%| F|  |TAMS 0x00000000a8400000, 0x00000000a8400000| Untracked 
| 133|0x00000000a8500000, 0x00000000a8500000, 0x00000000a8600000|  0%| F|  |TAMS 0x00000000a8500000, 0x00000000a8500000| Untracked 
| 134|0x00000000a8600000, 0x00000000a8600000, 0x00000000a8700000|  0%| F|  |TAMS 0x00000000a8600000, 0x00000000a8600000| Untracked 
| 135|0x00000000a8700000, 0x00000000a8700000, 0x00000000a8800000|  0%| F|  |TAMS 0x00000000a8700000, 0x00000000a8700000| Untracked 
| 136|0x00000000a8800000, 0x00000000a8800000, 0x00000000a8900000|  0%| F|  |TAMS 0x00000000a8800000, 0x00000000a8800000| Untracked 
| 137|0x00000000a8900000, 0x00000000a8900000, 0x00000000a8a00000|  0%| F|  |TAMS 0x00000000a8900000, 0x00000000a8900000| Untracked 
| 138|0x00000000a8a00000, 0x00000000a8a00000, 0x00000000a8b00000|  0%| F|  |TAMS 0x00000000a8a00000, 0x00000000a8a00000| Untracked 
| 139|0x00000000a8b00000, 0x00000000a8b00000, 0x00000000a8c00000|  0%| F|  |TAMS 0x00000000a8b00000, 0x00000000a8b00000| Untracked 
| 140|0x00000000a8c00000, 0x00000000a8c00000, 0x00000000a8d00000|  0%| F|  |TAMS 0x00000000a8c00000, 0x00000000a8c00000| Untracked 
| 141|0x00000000a8d00000, 0x00000000a8d00000, 0x00000000a8e00000|  0%| F|  |TAMS 0x00000000a8d00000, 0x00000000a8d00000| Untracked 
| 142|0x00000000a8e00000, 0x00000000a8e00000, 0x00000000a8f00000|  0%| F|  |TAMS 0x00000000a8e00000, 0x00000000a8e00000| Untracked 
| 143|0x00000000a8f00000, 0x00000000a8f00000, 0x00000000a9000000|  0%| F|  |TAMS 0x00000000a8f00000, 0x00000000a8f00000| Untracked 
| 144|0x00000000a9000000, 0x00000000a9000000, 0x00000000a9100000|  0%| F|  |TAMS 0x00000000a9000000, 0x00000000a9000000| Untracked 
| 145|0x00000000a9100000, 0x00000000a9100000, 0x00000000a9200000|  0%| F|  |TAMS 0x00000000a9100000, 0x00000000a9100000| Untracked 
| 146|0x00000000a9200000, 0x00000000a9200000, 0x00000000a9300000|  0%| F|  |TAMS 0x00000000a9200000, 0x00000000a9200000| Untracked 
| 147|0x00000000a9300000, 0x00000000a9300000, 0x00000000a9400000|  0%| F|  |TAMS 0x00000000a9300000, 0x00000000a9300000| Untracked 
| 148|0x00000000a9400000, 0x00000000a9400000, 0x00000000a9500000|  0%| F|  |TAMS 0x00000000a9400000, 0x00000000a9400000| Untracked 
| 149|0x00000000a9500000, 0x00000000a9500000, 0x00000000a9600000|  0%| F|  |TAMS 0x00000000a9500000, 0x00000000a9500000| Untracked 
| 150|0x00000000a9600000, 0x00000000a9600000, 0x00000000a9700000|  0%| F|  |TAMS 0x00000000a9600000, 0x00000000a9600000| Untracked 
| 151|0x00000000a9700000, 0x00000000a9700000, 0x00000000a9800000|  0%| F|  |TAMS 0x00000000a9700000, 0x00000000a9700000| Untracked 
| 152|0x00000000a9800000, 0x00000000a9800000, 0x00000000a9900000|  0%| F|  |TAMS 0x00000000a9800000, 0x00000000a9800000| Untracked 
| 153|0x00000000a9900000, 0x00000000a9900000, 0x00000000a9a00000|  0%| F|  |TAMS 0x00000000a9900000, 0x00000000a9900000| Untracked 
| 154|0x00000000a9a00000, 0x00000000a9a00000, 0x00000000a9b00000|  0%| F|  |TAMS 0x00000000a9a00000, 0x00000000a9a00000| Untracked 
| 155|0x00000000a9b00000, 0x00000000a9b00000, 0x00000000a9c00000|  0%| F|  |TAMS 0x00000000a9b00000, 0x00000000a9b00000| Untracked 
| 156|0x00000000a9c00000, 0x00000000a9c00000, 0x00000000a9d00000|  0%| F|  |TAMS 0x00000000a9c00000, 0x00000000a9c00000| Untracked 
| 157|0x00000000a9d00000, 0x00000000a9d00000, 0x00000000a9e00000|  0%| F|  |TAMS 0x00000000a9d00000, 0x00000000a9d00000| Untracked 
| 158|0x00000000a9e00000, 0x00000000a9e00000, 0x00000000a9f00000|  0%| F|  |TAMS 0x00000000a9e00000, 0x00000000a9e00000| Untracked 
| 159|0x00000000a9f00000, 0x00000000a9f00000, 0x00000000aa000000|  0%| F|  |TAMS 0x00000000a9f00000, 0x00000000a9f00000| Untracked 
| 160|0x00000000aa000000, 0x00000000aa000000, 0x00000000aa100000|  0%| F|  |TAMS 0x00000000aa000000, 0x00000000aa000000| Untracked 
| 161|0x00000000aa100000, 0x00000000aa100000, 0x00000000aa200000|  0%| F|  |TAMS 0x00000000aa100000, 0x00000000aa100000| Untracked 
| 162|0x00000000aa200000, 0x00000000aa200000, 0x00000000aa300000|  0%| F|  |TAMS 0x00000000aa200000, 0x00000000aa200000| Untracked 
| 163|0x00000000aa300000, 0x00000000aa300000, 0x00000000aa400000|  0%| F|  |TAMS 0x00000000aa300000, 0x00000000aa300000| Untracked 
| 164|0x00000000aa400000, 0x00000000aa400000, 0x00000000aa500000|  0%| F|  |TAMS 0x00000000aa400000, 0x00000000aa400000| Untracked 
| 165|0x00000000aa500000, 0x00000000aa500000, 0x00000000aa600000|  0%| F|  |TAMS 0x00000000aa500000, 0x00000000aa500000| Untracked 
| 166|0x00000000aa600000, 0x00000000aa600000, 0x00000000aa700000|  0%| F|  |TAMS 0x00000000aa600000, 0x00000000aa600000| Untracked 
| 167|0x00000000aa700000, 0x00000000aa700000, 0x00000000aa800000|  0%| F|  |TAMS 0x00000000aa700000, 0x00000000aa700000| Untracked 
| 168|0x00000000aa800000, 0x00000000aa800000, 0x00000000aa900000|  0%| F|  |TAMS 0x00000000aa800000, 0x00000000aa800000| Untracked 
| 169|0x00000000aa900000, 0x00000000aa900000, 0x00000000aaa00000|  0%| F|  |TAMS 0x00000000aa900000, 0x00000000aa900000| Untracked 
| 170|0x00000000aaa00000, 0x00000000aaa00000, 0x00000000aab00000|  0%| F|  |TAMS 0x00000000aaa00000, 0x00000000aaa00000| Untracked 
| 171|0x00000000aab00000, 0x00000000aab00000, 0x00000000aac00000|  0%| F|  |TAMS 0x00000000aab00000, 0x00000000aab00000| Untracked 
| 172|0x00000000aac00000, 0x00000000aac00000, 0x00000000aad00000|  0%| F|  |TAMS 0x00000000aac00000, 0x00000000aac00000| Untracked 
| 173|0x00000000aad00000, 0x00000000aad00000, 0x00000000aae00000|  0%| F|  |TAMS 0x00000000aad00000, 0x00000000aad00000| Untracked 
| 174|0x00000000aae00000, 0x00000000aae00000, 0x00000000aaf00000|  0%| F|  |TAMS 0x00000000aae00000, 0x00000000aae00000| Untracked 
| 175|0x00000000aaf00000, 0x00000000aaf00000, 0x00000000ab000000|  0%| F|  |TAMS 0x00000000aaf00000, 0x00000000aaf00000| Untracked 
| 176|0x00000000ab000000, 0x00000000ab000000, 0x00000000ab100000|  0%| F|  |TAMS 0x00000000ab000000, 0x00000000ab000000| Untracked 
| 177|0x00000000ab100000, 0x00000000ab100000, 0x00000000ab200000|  0%| F|  |TAMS 0x00000000ab100000, 0x00000000ab100000| Untracked 
| 178|0x00000000ab200000, 0x00000000ab2b7cd8, 0x00000000ab300000| 71%| S|CS|TAMS 0x00000000ab200000, 0x00000000ab200000| Complete 
| 179|0x00000000ab300000, 0x00000000ab400000, 0x00000000ab400000|100%| S|CS|TAMS 0x00000000ab300000, 0x00000000ab300000| Complete 
| 180|0x00000000ab400000, 0x00000000ab500000, 0x00000000ab500000|100%| S|CS|TAMS 0x00000000ab400000, 0x00000000ab400000| Complete 
| 181|0x00000000ab500000, 0x00000000ab600000, 0x00000000ab600000|100%| S|CS|TAMS 0x00000000ab500000, 0x00000000ab500000| Complete 
| 182|0x00000000ab600000, 0x00000000ab700000, 0x00000000ab700000|100%| S|CS|TAMS 0x00000000ab600000, 0x00000000ab600000| Complete 
| 183|0x00000000ab700000, 0x00000000ab800000, 0x00000000ab800000|100%| S|CS|TAMS 0x00000000ab700000, 0x00000000ab700000| Complete 
| 184|0x00000000ab800000, 0x00000000ab900000, 0x00000000ab900000|100%| S|CS|TAMS 0x00000000ab800000, 0x00000000ab800000| Complete 
| 185|0x00000000ab900000, 0x00000000ab900000, 0x00000000aba00000|  0%| F|  |TAMS 0x00000000ab900000, 0x00000000ab900000| Untracked 
| 186|0x00000000aba00000, 0x00000000aba00000, 0x00000000abb00000|  0%| F|  |TAMS 0x00000000aba00000, 0x00000000aba00000| Untracked 
| 187|0x00000000abb00000, 0x00000000abb00000, 0x00000000abc00000|  0%| F|  |TAMS 0x00000000abb00000, 0x00000000abb00000| Untracked 
| 188|0x00000000abc00000, 0x00000000abc00000, 0x00000000abd00000|  0%| F|  |TAMS 0x00000000abc00000, 0x00000000abc00000| Untracked 
| 189|0x00000000abd00000, 0x00000000abd00000, 0x00000000abe00000|  0%| F|  |TAMS 0x00000000abd00000, 0x00000000abd00000| Untracked 
| 190|0x00000000abe00000, 0x00000000abe00000, 0x00000000abf00000|  0%| F|  |TAMS 0x00000000abe00000, 0x00000000abe00000| Untracked 
| 191|0x00000000abf00000, 0x00000000abf00000, 0x00000000ac000000|  0%| F|  |TAMS 0x00000000abf00000, 0x00000000abf00000| Untracked 
| 192|0x00000000ac000000, 0x00000000ac000000, 0x00000000ac100000|  0%| F|  |TAMS 0x00000000ac000000, 0x00000000ac000000| Untracked 
| 193|0x00000000ac100000, 0x00000000ac100000, 0x00000000ac200000|  0%| F|  |TAMS 0x00000000ac100000, 0x00000000ac100000| Untracked 
| 194|0x00000000ac200000, 0x00000000ac200000, 0x00000000ac300000|  0%| F|  |TAMS 0x00000000ac200000, 0x00000000ac200000| Untracked 
| 195|0x00000000ac300000, 0x00000000ac300000, 0x00000000ac400000|  0%| F|  |TAMS 0x00000000ac300000, 0x00000000ac300000| Untracked 
| 196|0x00000000ac400000, 0x00000000ac400000, 0x00000000ac500000|  0%| F|  |TAMS 0x00000000ac400000, 0x00000000ac400000| Untracked 
| 197|0x00000000ac500000, 0x00000000ac500000, 0x00000000ac600000|  0%| F|  |TAMS 0x00000000ac500000, 0x00000000ac500000| Untracked 
| 198|0x00000000ac600000, 0x00000000ac600000, 0x00000000ac700000|  0%| F|  |TAMS 0x00000000ac600000, 0x00000000ac600000| Untracked 
| 199|0x00000000ac700000, 0x00000000ac700000, 0x00000000ac800000|  0%| F|  |TAMS 0x00000000ac700000, 0x00000000ac700000| Untracked 
| 200|0x00000000ac800000, 0x00000000ac800000, 0x00000000ac900000|  0%| F|  |TAMS 0x00000000ac800000, 0x00000000ac800000| Untracked 
| 201|0x00000000ac900000, 0x00000000ac900000, 0x00000000aca00000|  0%| F|  |TAMS 0x00000000ac900000, 0x00000000ac900000| Untracked 
| 202|0x00000000aca00000, 0x00000000aca00000, 0x00000000acb00000|  0%| F|  |TAMS 0x00000000aca00000, 0x00000000aca00000| Untracked 
| 203|0x00000000acb00000, 0x00000000acb00000, 0x00000000acc00000|  0%| F|  |TAMS 0x00000000acb00000, 0x00000000acb00000| Untracked 
| 204|0x00000000acc00000, 0x00000000acc00000, 0x00000000acd00000|  0%| F|  |TAMS 0x00000000acc00000, 0x00000000acc00000| Untracked 
| 205|0x00000000acd00000, 0x00000000acd00000, 0x00000000ace00000|  0%| F|  |TAMS 0x00000000acd00000, 0x00000000acd00000| Untracked 
| 206|0x00000000ace00000, 0x00000000ace00000, 0x00000000acf00000|  0%| F|  |TAMS 0x00000000ace00000, 0x00000000ace00000| Untracked 
| 207|0x00000000acf00000, 0x00000000acf00000, 0x00000000ad000000|  0%| F|  |TAMS 0x00000000acf00000, 0x00000000acf00000| Untracked 
| 208|0x00000000ad000000, 0x00000000ad000000, 0x00000000ad100000|  0%| F|  |TAMS 0x00000000ad000000, 0x00000000ad000000| Untracked 
| 209|0x00000000ad100000, 0x00000000ad100000, 0x00000000ad200000|  0%| F|  |TAMS 0x00000000ad100000, 0x00000000ad100000| Untracked 
| 210|0x00000000ad200000, 0x00000000ad200000, 0x00000000ad300000|  0%| F|  |TAMS 0x00000000ad200000, 0x00000000ad200000| Untracked 
| 211|0x00000000ad300000, 0x00000000ad300000, 0x00000000ad400000|  0%| F|  |TAMS 0x00000000ad300000, 0x00000000ad300000| Untracked 
| 212|0x00000000ad400000, 0x00000000ad400000, 0x00000000ad500000|  0%| F|  |TAMS 0x00000000ad400000, 0x00000000ad400000| Untracked 
| 213|0x00000000ad500000, 0x00000000ad500000, 0x00000000ad600000|  0%| F|  |TAMS 0x00000000ad500000, 0x00000000ad500000| Untracked 
| 214|0x00000000ad600000, 0x00000000ad600000, 0x00000000ad700000|  0%| F|  |TAMS 0x00000000ad600000, 0x00000000ad600000| Untracked 
| 215|0x00000000ad700000, 0x00000000ad700000, 0x00000000ad800000|  0%| F|  |TAMS 0x00000000ad700000, 0x00000000ad700000| Untracked 
| 216|0x00000000ad800000, 0x00000000ad800000, 0x00000000ad900000|  0%| F|  |TAMS 0x00000000ad800000, 0x00000000ad800000| Untracked 
| 217|0x00000000ad900000, 0x00000000ad900000, 0x00000000ada00000|  0%| F|  |TAMS 0x00000000ad900000, 0x00000000ad900000| Untracked 
| 218|0x00000000ada00000, 0x00000000ada00000, 0x00000000adb00000|  0%| F|  |TAMS 0x00000000ada00000, 0x00000000ada00000| Untracked 
| 219|0x00000000adb00000, 0x00000000adb00000, 0x00000000adc00000|  0%| F|  |TAMS 0x00000000adb00000, 0x00000000adb00000| Untracked 
| 220|0x00000000adc00000, 0x00000000adc00000, 0x00000000add00000|  0%| F|  |TAMS 0x00000000adc00000, 0x00000000adc00000| Untracked 
| 221|0x00000000add00000, 0x00000000add00000, 0x00000000ade00000|  0%| F|  |TAMS 0x00000000add00000, 0x00000000add00000| Untracked 
| 222|0x00000000ade00000, 0x00000000ade00000, 0x00000000adf00000|  0%| F|  |TAMS 0x00000000ade00000, 0x00000000ade00000| Untracked 
| 223|0x00000000adf00000, 0x00000000adf00000, 0x00000000ae000000|  0%| F|  |TAMS 0x00000000adf00000, 0x00000000adf00000| Untracked 
| 224|0x00000000ae000000, 0x00000000ae000000, 0x00000000ae100000|  0%| F|  |TAMS 0x00000000ae000000, 0x00000000ae000000| Untracked 
| 225|0x00000000ae100000, 0x00000000ae100000, 0x00000000ae200000|  0%| F|  |TAMS 0x00000000ae100000, 0x00000000ae100000| Untracked 
| 226|0x00000000ae200000, 0x00000000ae200000, 0x00000000ae300000|  0%| F|  |TAMS 0x00000000ae200000, 0x00000000ae200000| Untracked 
| 227|0x00000000ae300000, 0x00000000ae300000, 0x00000000ae400000|  0%| F|  |TAMS 0x00000000ae300000, 0x00000000ae300000| Untracked 
| 228|0x00000000ae400000, 0x00000000ae400000, 0x00000000ae500000|  0%| F|  |TAMS 0x00000000ae400000, 0x00000000ae400000| Untracked 
| 229|0x00000000ae500000, 0x00000000ae500000, 0x00000000ae600000|  0%| F|  |TAMS 0x00000000ae500000, 0x00000000ae500000| Untracked 
| 230|0x00000000ae600000, 0x00000000ae600000, 0x00000000ae700000|  0%| F|  |TAMS 0x00000000ae600000, 0x00000000ae600000| Untracked 
| 231|0x00000000ae700000, 0x00000000ae700000, 0x00000000ae800000|  0%| F|  |TAMS 0x00000000ae700000, 0x00000000ae700000| Untracked 
| 232|0x00000000ae800000, 0x00000000ae800000, 0x00000000ae900000|  0%| F|  |TAMS 0x00000000ae800000, 0x00000000ae800000| Untracked 
| 233|0x00000000ae900000, 0x00000000ae900000, 0x00000000aea00000|  0%| F|  |TAMS 0x00000000ae900000, 0x00000000ae900000| Untracked 
| 234|0x00000000aea00000, 0x00000000aea00000, 0x00000000aeb00000|  0%| F|  |TAMS 0x00000000aea00000, 0x00000000aea00000| Untracked 
| 235|0x00000000aeb00000, 0x00000000aeb00000, 0x00000000aec00000|  0%| F|  |TAMS 0x00000000aeb00000, 0x00000000aeb00000| Untracked 
| 236|0x00000000aec00000, 0x00000000aec00000, 0x00000000aed00000|  0%| F|  |TAMS 0x00000000aec00000, 0x00000000aec00000| Untracked 
| 237|0x00000000aed00000, 0x00000000aed00000, 0x00000000aee00000|  0%| F|  |TAMS 0x00000000aed00000, 0x00000000aed00000| Untracked 
| 238|0x00000000aee00000, 0x00000000aee00000, 0x00000000aef00000|  0%| F|  |TAMS 0x00000000aee00000, 0x00000000aee00000| Untracked 
| 239|0x00000000aef00000, 0x00000000aef00000, 0x00000000af000000|  0%| F|  |TAMS 0x00000000aef00000, 0x00000000aef00000| Untracked 
| 240|0x00000000af000000, 0x00000000af000000, 0x00000000af100000|  0%| F|  |TAMS 0x00000000af000000, 0x00000000af000000| Untracked 
| 241|0x00000000af100000, 0x00000000af100800, 0x00000000af200000|  0%| E|  |TAMS 0x00000000af100000, 0x00000000af100000| Complete 
| 242|0x00000000af200000, 0x00000000af300000, 0x00000000af300000|100%| E|CS|TAMS 0x00000000af200000, 0x00000000af200000| Complete 
| 243|0x00000000af300000, 0x00000000af400000, 0x00000000af400000|100%| E|CS|TAMS 0x00000000af300000, 0x00000000af300000| Complete 
| 244|0x00000000af400000, 0x00000000af500000, 0x00000000af500000|100%| E|CS|TAMS 0x00000000af400000, 0x00000000af400000| Complete 
| 245|0x00000000af500000, 0x00000000af600000, 0x00000000af600000|100%| E|CS|TAMS 0x00000000af500000, 0x00000000af500000| Complete 
| 246|0x00000000af600000, 0x00000000af700000, 0x00000000af700000|100%| E|CS|TAMS 0x00000000af600000, 0x00000000af600000| Complete 
| 247|0x00000000af700000, 0x00000000af800000, 0x00000000af800000|100%| E|CS|TAMS 0x00000000af700000, 0x00000000af700000| Complete 
| 248|0x00000000af800000, 0x00000000af900000, 0x00000000af900000|100%| E|CS|TAMS 0x00000000af800000, 0x00000000af800000| Complete 
| 249|0x00000000af900000, 0x00000000afa00000, 0x00000000afa00000|100%| E|CS|TAMS 0x00000000af900000, 0x00000000af900000| Complete 
| 250|0x00000000afa00000, 0x00000000afb00000, 0x00000000afb00000|100%| E|CS|TAMS 0x00000000afa00000, 0x00000000afa00000| Complete 
| 251|0x00000000afb00000, 0x00000000afc00000, 0x00000000afc00000|100%| E|CS|TAMS 0x00000000afb00000, 0x00000000afb00000| Complete 
| 252|0x00000000afc00000, 0x00000000afd00000, 0x00000000afd00000|100%| E|CS|TAMS 0x00000000afc00000, 0x00000000afc00000| Complete 
| 253|0x00000000afd00000, 0x00000000afe00000, 0x00000000afe00000|100%| E|CS|TAMS 0x00000000afd00000, 0x00000000afd00000| Complete 
| 254|0x00000000afe00000, 0x00000000aff00000, 0x00000000aff00000|100%| E|CS|TAMS 0x00000000afe00000, 0x00000000afe00000| Complete 
| 255|0x00000000aff00000, 0x00000000b0000000, 0x00000000b0000000|100%| E|CS|TAMS 0x00000000aff00000, 0x00000000aff00000| Complete 

Card table byte_map: [0x000001d9754c0000,0x000001d9757c0000] _byte_map_base: 0x000001d974fc0000

Marking Bits (Prev, Next): (CMBitMap*) 0x000001d960a30c08, (CMBitMap*) 0x000001d960a30c40
 Prev Bits: [0x000001d975ac0000, 0x000001d9772c0000)
 Next Bits: [0x000001d9772c0000, 0x000001d978ac0000)

Polling page: 0x000001d960870000

Metaspace:

Usage:
  Non-class:     37.66 MB capacity,    37.04 MB ( 98%) used,   554.84 KB (  1%) free+waste,    85.13 KB ( <1%) overhead. 
      Class:      5.56 MB capacity,     5.23 MB ( 94%) used,   289.89 KB (  5%) free+waste,    40.50 KB ( <1%) overhead. 
       Both:     43.22 MB capacity,    42.27 MB ( 98%) used,   844.73 KB (  2%) free+waste,   125.63 KB ( <1%) overhead. 

Virtual space:
  Non-class space:       38.00 MB reserved,      37.90 MB (>99%) committed 
      Class space:        1.00 GB reserved,       5.63 MB ( <1%) committed 
             Both:        1.04 GB reserved,      43.53 MB (  4%) committed 

Chunk freelists:
   Non-Class:  52.00 KB
       Class:  6.00 KB
        Both:  58.00 KB

MaxMetaspaceSize: 17179869184.00 GB
CompressedClassSpaceSize: 1.00 GB

CodeHeap 'non-profiled nmethods': size=120064Kb used=1891Kb max_used=1891Kb free=118172Kb
 bounds [0x000001d96d660000, 0x000001d96d8d0000, 0x000001d974ba0000]
CodeHeap 'profiled nmethods': size=120000Kb used=7398Kb max_used=7398Kb free=112601Kb
 bounds [0x000001d966130000, 0x000001d966870000, 0x000001d96d660000]
CodeHeap 'non-nmethods': size=5696Kb used=2211Kb max_used=2269Kb free=3484Kb
 bounds [0x000001d965ba0000, 0x000001d965e10000, 0x000001d966130000]
 total_blobs=4355 nmethods=3571 adapters=695
 compilation: enabled
              stopped_count=0, restarted_count=0
 full_count=0

Compilation events (20 events):
Event: 7.299 Thread 0x000001d97b9a0000 3749       3       org.gradle.internal.hash.Hashing::primitiveStreamHasher (12 bytes)
Event: 7.300 Thread 0x000001d97b9a0000 nmethod 3749 0x000001d966860c90 code [0x000001d966860f40, 0x000001d966861dc8]
Event: 7.300 Thread 0x000001d97b9a0000 3750       3       org.gradle.internal.hash.HashingOutputStream::<init> (28 bytes)
Event: 7.301 Thread 0x000001d97b9a0000 nmethod 3750 0x000001d966862310 code [0x000001d966862580, 0x000001d966863178]
Event: 7.307 Thread 0x000001d97b9a0000 3752       3       java.util.zip.ZipFile$$Lambda$256/0x0000000100532c40::apply (12 bytes)
Event: 7.307 Thread 0x000001d97b9a0000 nmethod 3752 0x000001d966863590 code [0x000001d966863760, 0x000001d9668639e8]
Event: 7.307 Thread 0x000001d97b9a0000 3753       3       com.google.common.collect.AbstractIterator::next (34 bytes)
Event: 7.307 Thread 0x000001d97b9a0000 nmethod 3753 0x000001d966863b10 code [0x000001d966863ce0, 0x000001d966863fb8]
Event: 7.307 Thread 0x000001d97b9a0000 3754       3       org.gradle.api.internal.changedetection.state.ZipHasher$ZipEntryRelativePath::<init> (6 bytes)
Event: 7.308 Thread 0x000001d97b9a0000 nmethod 3754 0x000001d966864110 code [0x000001d9668642c0, 0x000001d9668644d8]
Event: 7.308 Thread 0x000001d97b9a0000 3755       3       org.gradle.api.internal.changedetection.state.ZipHasher$ZipEntryRelativePath::<init> (10 bytes)
Event: 7.308 Thread 0x000001d97b9a0000 nmethod 3755 0x000001d966864610 code [0x000001d9668647c0, 0x000001d966864978]
Event: 7.308 Thread 0x000001d97b9a0000 3756       3       org.gradle.api.internal.file.archive.JdkZipEntry::isDirectory (8 bytes)
Event: 7.308 Thread 0x000001d97b9a0000 nmethod 3756 0x000001d966864a10 code [0x000001d966864bc0, 0x000001d966864d88]
Event: 7.314 Thread 0x000001d97b9a0000 3757       3       org.gradle.api.internal.file.archive.FileZipInput$1$1::get (5 bytes)
Event: 7.314 Thread 0x000001d97b9a0000 nmethod 3757 0x000001d966864e90 code [0x000001d966865080, 0x000001d9668653d8]
Event: 7.314 Thread 0x000001d97b9a0000 3758       3       com.google.common.io.ByteStreams::createBuffer (6 bytes)
Event: 7.314 Thread 0x000001d97b9a0000 nmethod 3758 0x000001d966865610 code [0x000001d9668657c0, 0x000001d966865938]
Event: 7.315 Thread 0x000001d97b9a0000 3759       3       com.google.common.io.ByteStreams::copy (51 bytes)
Event: 7.315 Thread 0x000001d97b9a0000 nmethod 3759 0x000001d966865a10 code [0x000001d966865c40, 0x000001d966866358]

GC Heap History (12 events):
Event: 0.619 GC heap before
{Heap before GC invocations=0 (full 0):
 garbage-first heap   total 262144K, used 20480K [0x00000000a0000000, 0x0000000100000000)
  region size 1024K, 14 young (14336K), 0 survivors (0K)
 Metaspace       used 7553K, capacity 7729K, committed 7936K, reserved 1056768K
  class space    used 706K, capacity 749K, committed 768K, reserved 1048576K
}
Event: 0.623 GC heap after
{Heap after GC invocations=1 (full 0):
 garbage-first heap   total 262144K, used 7793K [0x00000000a0000000, 0x0000000100000000)
  region size 1024K, 2 young (2048K), 2 survivors (2048K)
 Metaspace       used 7553K, capacity 7729K, committed 7936K, reserved 1056768K
  class space    used 706K, capacity 749K, committed 768K, reserved 1048576K
}
Event: 2.922 GC heap before
{Heap before GC invocations=1 (full 0):
 garbage-first heap   total 262144K, used 96881K [0x00000000a0000000, 0x0000000100000000)
  region size 1024K, 90 young (92160K), 2 survivors (2048K)
 Metaspace       used 20742K, capacity 21203K, committed 21296K, reserved 1069056K
  class space    used 2437K, capacity 2649K, committed 2688K, reserved 1048576K
}
Event: 2.934 GC heap after
{Heap after GC invocations=2 (full 0):
 garbage-first heap   total 262144K, used 15561K [0x00000000a0000000, 0x0000000100000000)
  region size 1024K, 10 young (10240K), 10 survivors (10240K)
 Metaspace       used 20742K, capacity 21203K, committed 21296K, reserved 1069056K
  class space    used 2437K, capacity 2649K, committed 2688K, reserved 1048576K
}
Event: 3.186 GC heap before
{Heap before GC invocations=3 (full 0):
 garbage-first heap   total 262144K, used 30921K [0x00000000a0000000, 0x0000000100000000)
  region size 1024K, 26 young (26624K), 10 survivors (10240K)
 Metaspace       used 22261K, capacity 22780K, committed 23088K, reserved 1069056K
  class space    used 2733K, capacity 2921K, committed 2944K, reserved 1048576K
}
Event: 3.195 GC heap after
{Heap after GC invocations=4 (full 0):
 garbage-first heap   total 262144K, used 16342K [0x00000000a0000000, 0x0000000100000000)
  region size 1024K, 1 young (1024K), 1 survivors (1024K)
 Metaspace       used 22261K, capacity 22780K, committed 23088K, reserved 1069056K
  class space    used 2733K, capacity 2921K, committed 2944K, reserved 1048576K
}
Event: 4.662 GC heap before
{Heap before GC invocations=4 (full 0):
 garbage-first heap   total 262144K, used 79830K [0x00000000a0000000, 0x0000000100000000)
  region size 1024K, 54 young (55296K), 1 survivors (1024K)
 Metaspace       used 28091K, capacity 28906K, committed 28976K, reserved 1075200K
  class space    used 3624K, capacity 3900K, committed 3968K, reserved 1048576K
}
Event: 4.669 GC heap after
{Heap after GC invocations=5 (full 0):
 garbage-first heap   total 262144K, used 29654K [0x00000000a0000000, 0x0000000100000000)
  region size 1024K, 5 young (5120K), 5 survivors (5120K)
 Metaspace       used 28091K, capacity 28906K, committed 28976K, reserved 1075200K
  class space    used 3624K, capacity 3900K, committed 3968K, reserved 1048576K
}
Event: 5.333 GC heap before
{Heap before GC invocations=5 (full 0):
 garbage-first heap   total 262144K, used 59350K [0x00000000a0000000, 0x0000000100000000)
  region size 1024K, 36 young (36864K), 5 survivors (5120K)
 Metaspace       used 35091K, capacity 35831K, committed 35888K, reserved 1081344K
  class space    used 4454K, capacity 4718K, committed 4736K, reserved 1048576K
}
Event: 5.342 GC heap after
{Heap after GC invocations=6 (full 0):
 garbage-first heap   total 262144K, used 32321K [0x00000000a0000000, 0x0000000100000000)
  region size 1024K, 8 young (8192K), 8 survivors (8192K)
 Metaspace       used 35091K, capacity 35831K, committed 35888K, reserved 1081344K
  class space    used 4454K, capacity 4718K, committed 4736K, reserved 1048576K
}
Event: 7.255 GC heap before
{Heap before GC invocations=7 (full 0):
 garbage-first heap   total 262144K, used 98881K [0x00000000a0000000, 0x0000000100000000)
  region size 1024K, 71 young (72704K), 8 survivors (8192K)
 Metaspace       used 43197K, capacity 44125K, committed 44316K, reserved 1087488K
  class space    used 5351K, capacity 5688K, committed 5760K, reserved 1048576K
}
Event: 7.269 GC heap after
{Heap after GC invocations=8 (full 0):
 garbage-first heap   total 262144K, used 36184K [0x00000000a0000000, 0x0000000100000000)
  region size 1024K, 7 young (7168K), 7 survivors (7168K)
 Metaspace       used 43197K, capacity 44125K, committed 44316K, reserved 1087488K
  class space    used 5351K, capacity 5688K, committed 5760K, reserved 1048576K
}

Deoptimization events (20 events):
Event: 6.489 Thread 0x000001d97cded000 DEOPT PACKING pc=0x000001d96d78c1e4 sp=0x0000004ca02f93d0
Event: 6.489 Thread 0x000001d97cded000 DEOPT UNPACKING pc=0x000001d965bc74af sp=0x0000004ca02f9370 mode 2
Event: 6.494 Thread 0x000001d97cded000 Uncommon trap: trap_request=0xffffffc6 fr.pc=0x000001d96d78c1e4 relative=0x0000000000005024
Event: 6.494 Thread 0x000001d97cded000 Uncommon trap: reason=bimorphic_or_optimized_type_check action=maybe_recompile pc=0x000001d96d78c1e4 method=java.net.URL.<init>(Ljava/net/URL;Ljava/lang/String;Ljava/net/URLStreamHandler;)V @ 504 c2
Event: 6.494 Thread 0x000001d97cded000 DEOPT PACKING pc=0x000001d96d78c1e4 sp=0x0000004ca02f93d0
Event: 6.494 Thread 0x000001d97cded000 DEOPT UNPACKING pc=0x000001d965bc74af sp=0x0000004ca02f9370 mode 2
Event: 6.512 Thread 0x000001d97cded000 Uncommon trap: trap_request=0xffffffc6 fr.pc=0x000001d96d78c1e4 relative=0x0000000000005024
Event: 6.512 Thread 0x000001d97cded000 Uncommon trap: reason=bimorphic_or_optimized_type_check action=maybe_recompile pc=0x000001d96d78c1e4 method=java.net.URL.<init>(Ljava/net/URL;Ljava/lang/String;Ljava/net/URLStreamHandler;)V @ 504 c2
Event: 6.512 Thread 0x000001d97cded000 DEOPT PACKING pc=0x000001d96d78c1e4 sp=0x0000004ca02f93d0
Event: 6.512 Thread 0x000001d97cded000 DEOPT UNPACKING pc=0x000001d965bc74af sp=0x0000004ca02f9370 mode 2
Event: 6.727 Thread 0x000001d97cded000 Uncommon trap: trap_request=0xffffffcc fr.pc=0x000001d96d7e6d2c relative=0x00000000000010ec
Event: 6.728 Thread 0x000001d97cded000 Uncommon trap: reason=intrinsic_or_type_checked_inlining action=make_not_entrant pc=0x000001d96d7e6d2c method=java.util.ArrayList.toArray([Ljava/lang/Object;)[Ljava/lang/Object; @ 36 c2
Event: 6.728 Thread 0x000001d97cded000 DEOPT PACKING pc=0x000001d96d7e6d2c sp=0x0000004ca02f9c30
Event: 6.728 Thread 0x000001d97cded000 DEOPT UNPACKING pc=0x000001d965bc74af sp=0x0000004ca02f9b88 mode 2
Event: 7.068 Thread 0x000001d97cded000 DEOPT PACKING pc=0x000001d96643fa0f sp=0x0000004ca02fa980
Event: 7.068 Thread 0x000001d97cded000 DEOPT UNPACKING pc=0x000001d965bc72ce sp=0x0000004ca02f9da0 mode 0
Event: 7.272 Thread 0x000001d97cded000 Uncommon trap: trap_request=0xffffff4d fr.pc=0x000001d96d832c20 relative=0x00000000000003c0
Event: 7.272 Thread 0x000001d97cded000 Uncommon trap: reason=unstable_if action=reinterpret pc=0x000001d96d832c20 method=sun.security.provider.DigestBase.engineUpdate([BII)V @ 1 c2
Event: 7.272 Thread 0x000001d97cded000 DEOPT PACKING pc=0x000001d96d832c20 sp=0x0000004ca02fad80
Event: 7.272 Thread 0x000001d97cded000 DEOPT UNPACKING pc=0x000001d965bc74af sp=0x0000004ca02fad58 mode 2

Classes redefined (0 events):
No events

Internal exceptions (20 events):
Event: 5.795 Thread 0x000001d97cded000 Exception <a 'java/lang/ClassNotFoundException'{0x00000000aebe1c98}: org/gradle/api/internal/artifacts/dsl/dependencies/DefaultDependencyHandlerBeanInfo> (0x00000000aebe1c98) thrown at [./src/hotspot/share/classfile/systemDictionary.cpp, line 231]
Event: 5.797 Thread 0x000001d97cded000 Exception <a 'java/lang/ClassNotFoundException'{0x00000000aea12ff8}: org/gradle/api/internal/artifacts/dsl/dependencies/DefaultDependencyHandlerCustomizer> (0x00000000aea12ff8) thrown at [./src/hotspot/share/classfile/systemDictionary.cpp, line 231]
Event: 5.810 Thread 0x000001d97cded000 Exception <a 'java/lang/ClassNotFoundException'{0x00000000aea629a0}: org/gradle/api/internal/artifacts/dsl/dependencies/DefaultDependencyHandler_DecoratedCustomizer> (0x00000000aea629a0) thrown at [./src/hotspot/share/classfile/systemDictionary.cpp, line 231]
Event: 6.024 Thread 0x000001d97cded000 Exception <a 'java/lang/NoSuchMethodError'{0x00000000ad7b13b0}: 'int java.lang.invoke.DirectMethodHandle$Holder.invokeInterface(java.lang.Object, java.lang.Object)'> (0x00000000ad7b13b0) thrown at [./src/hotspot/share/interpreter/linkResolver.cpp, line 773]
Event: 6.024 Thread 0x000001d97cded000 Exception <a 'java/lang/IncompatibleClassChangeError'{0x00000000ad7b4be8}: Found class java.lang.Object, but interface was expected> (0x00000000ad7b4be8) thrown at [./src/hotspot/share/interpreter/linkResolver.cpp, line 839]
Event: 6.094 Thread 0x000001d97cded000 Exception <a 'java/lang/NoSuchMethodError'{0x00000000ad2920c8}: 'int java.lang.invoke.DirectMethodHandle$Holder.invokeStaticInit(java.lang.Object)'> (0x00000000ad2920c8) thrown at [./src/hotspot/share/interpreter/linkResolver.cpp, line 773]
Event: 6.155 Thread 0x000001d90135e000 Exception <a 'sun/nio/fs/WindowsException'{0x00000000ad0b7e50}> (0x00000000ad0b7e50) thrown at [./src/hotspot/share/prims/jni.cpp, line 615]
Event: 6.156 Thread 0x000001d90135e000 Exception <a 'sun/nio/fs/WindowsException'{0x00000000ad0b8030}> (0x00000000ad0b8030) thrown at [./src/hotspot/share/prims/jni.cpp, line 615]
Event: 6.172 Thread 0x000001d97cded000 Exception <a 'java/lang/ClassNotFoundException'{0x00000000ad0d7b58}: sync_studio_tooling952_21ddglh64eqd9ojif0mskl4niBeanInfo> (0x00000000ad0d7b58) thrown at [./src/hotspot/share/classfile/systemDictionary.cpp, line 231]
Event: 6.172 Thread 0x000001d97cded000 Exception <a 'java/lang/ClassNotFoundException'{0x00000000ad0e0578}: sync_studio_tooling952_21ddglh64eqd9ojif0mskl4niCustomizer> (0x00000000ad0e0578) thrown at [./src/hotspot/share/classfile/systemDictionary.cpp, line 231]
Event: 6.192 Thread 0x000001d97cded000 Exception <a 'java/lang/ClassNotFoundException'{0x00000000ace01700}: org/gradle/invocation/DefaultGradle_DecoratedBeanInfo> (0x00000000ace01700) thrown at [./src/hotspot/share/classfile/systemDictionary.cpp, line 231]
Event: 6.194 Thread 0x000001d97cded000 Exception <a 'java/lang/ClassNotFoundException'{0x00000000ace1c000}: org/gradle/invocation/DefaultGradleBeanInfo> (0x00000000ace1c000) thrown at [./src/hotspot/share/classfile/systemDictionary.cpp, line 231]
Event: 6.195 Thread 0x000001d97cded000 Exception <a 'java/lang/ClassNotFoundException'{0x00000000ace3a3c8}: org/gradle/api/internal/project/AbstractPluginAwareBeanInfo> (0x00000000ace3a3c8) thrown at [./src/hotspot/share/classfile/systemDictionary.cpp, line 231]
Event: 6.196 Thread 0x000001d97cded000 Exception <a 'java/lang/ClassNotFoundException'{0x00000000ace57d08}: org/gradle/api/internal/project/AbstractPluginAwareCustomizer> (0x00000000ace57d08) thrown at [./src/hotspot/share/classfile/systemDictionary.cpp, line 231]
Event: 6.198 Thread 0x000001d97cded000 Exception <a 'java/lang/ClassNotFoundException'{0x00000000ace7afb0}: org/gradle/invocation/DefaultGradleCustomizer> (0x00000000ace7afb0) thrown at [./src/hotspot/share/classfile/systemDictionary.cpp, line 231]
Event: 6.202 Thread 0x000001d97cded000 Exception <a 'java/lang/ClassNotFoundException'{0x00000000acec61a8}: org/gradle/invocation/DefaultGradle_DecoratedCustomizer> (0x00000000acec61a8) thrown at [./src/hotspot/share/classfile/systemDictionary.cpp, line 231]
Event: 6.900 Thread 0x000001d90135e000 Exception <a 'sun/nio/fs/WindowsException'{0x00000000abc19148}> (0x00000000abc19148) thrown at [./src/hotspot/share/prims/jni.cpp, line 615]
Event: 6.901 Thread 0x000001d90135e000 Exception <a 'sun/nio/fs/WindowsException'{0x00000000abc192c0}> (0x00000000abc192c0) thrown at [./src/hotspot/share/prims/jni.cpp, line 615]
Event: 6.913 Thread 0x000001d97cded000 Exception <a 'java/lang/ClassNotFoundException'{0x00000000abc37398}: ijinit5_4i6rtv49v56ndiuvqod08o6h8BeanInfo> (0x00000000abc37398) thrown at [./src/hotspot/share/classfile/systemDictionary.cpp, line 231]
Event: 6.913 Thread 0x000001d97cded000 Exception <a 'java/lang/ClassNotFoundException'{0x00000000abc3f520}: ijinit5_4i6rtv49v56ndiuvqod08o6h8Customizer> (0x00000000abc3f520) thrown at [./src/hotspot/share/classfile/systemDictionary.cpp, line 231]

Events (20 events):
Event: 7.242 loading class org/apache/commons/compress/utils/Lists
Event: 7.242 loading class org/apache/commons/compress/utils/Lists done
Event: 7.242 loading class org/gradle/internal/fingerprint/impl/DefaultFileSystemLocationFingerprint
Event: 7.242 loading class org/gradle/internal/fingerprint/impl/DefaultFileSystemLocationFingerprint done
Event: 7.243 loading class org/gradle/internal/fingerprint/impl/DefaultFileSystemLocationFingerprint$1
Event: 7.243 loading class org/gradle/internal/fingerprint/impl/DefaultFileSystemLocationFingerprint$1 done
Event: 7.243 loading class org/gradle/api/internal/file/archive/FileZipInput$1
Event: 7.243 loading class org/gradle/api/internal/file/archive/FileZipInput$1 done
Event: 7.244 loading class org/gradle/api/internal/file/archive/ZipEntry
Event: 7.244 loading class org/gradle/api/internal/file/archive/ZipEntry done
Event: 7.244 Executing VM operation: RevokeBias
Event: 7.244 Executing VM operation: RevokeBias done
Event: 7.244 loading class org/gradle/api/internal/file/archive/JdkZipEntry
Event: 7.244 loading class org/gradle/api/internal/file/archive/JdkZipEntry done
Event: 7.245 loading class org/gradle/api/internal/file/archive/FileZipInput$1$1
Event: 7.245 loading class org/gradle/api/internal/file/archive/FileZipInput$1$1 done
Event: 7.245 loading class org/gradle/api/internal/changedetection/state/ZipHasher$ZipEntryRelativePath
Event: 7.245 loading class org/gradle/api/internal/changedetection/state/ZipHasher$ZipEntryRelativePath done
Event: 7.255 Executing VM operation: G1CollectForAllocation
Event: 7.269 Executing VM operation: G1CollectForAllocation done


Dynamic libraries:
0x00007ff663ca0000 - 0x00007ff663caa000 	C:\Program Files\Android\Android Studio1\jre\bin\java.exe
0x00007ff978510000 - 0x00007ff978705000 	C:\Windows\SYSTEM32\ntdll.dll
0x00007ff976fd0000 - 0x00007ff97708d000 	C:\Windows\System32\KERNEL32.DLL
0x00007ff975e50000 - 0x00007ff976118000 	C:\Windows\System32\KERNELBASE.dll
0x00007ff9763c0000 - 0x00007ff9764c0000 	C:\Windows\System32\ucrtbase.dll
0x00007ff9525c0000 - 0x00007ff9525d7000 	C:\Program Files\Android\Android Studio1\jre\bin\VCRUNTIME140.dll
0x00007ff951f40000 - 0x00007ff951f59000 	C:\Program Files\Android\Android Studio1\jre\bin\jli.dll
0x00007ff9771e0000 - 0x00007ff977380000 	C:\Windows\System32\USER32.dll
0x00007ff958600000 - 0x00007ff95889a000 	C:\Windows\WinSxS\amd64_microsoft.windows.common-controls_6595b64144ccf1df_6.0.19041.844_none_ca00b6081b84eb1d\COMCTL32.dll
0x00007ff9764c0000 - 0x00007ff9764e2000 	C:\Windows\System32\win32u.dll
0x00007ff976f30000 - 0x00007ff976fce000 	C:\Windows\System32\msvcrt.dll
0x00007ff977420000 - 0x00007ff97744a000 	C:\Windows\System32\GDI32.dll
0x00007ff976120000 - 0x00007ff97622b000 	C:\Windows\System32\gdi32full.dll
0x00007ff975c50000 - 0x00007ff975ced000 	C:\Windows\System32\msvcp_win.dll
0x00007ff9771b0000 - 0x00007ff9771e0000 	C:\Windows\System32\IMM32.DLL
0x00007ff951ea0000 - 0x00007ff951f3d000 	C:\Program Files\Android\Android Studio1\jre\bin\msvcp140.dll
0x00007ff93e110000 - 0x00007ff93ebcc000 	C:\Program Files\Android\Android Studio1\jre\bin\server\jvm.dll
0x00007ff977df0000 - 0x00007ff977e9c000 	C:\Windows\System32\ADVAPI32.dll
0x00007ff9780d0000 - 0x00007ff97816b000 	C:\Windows\System32\sechost.dll
0x00007ff977790000 - 0x00007ff9778bb000 	C:\Windows\System32\RPCRT4.dll
0x00007ff976f20000 - 0x00007ff976f28000 	C:\Windows\System32\PSAPI.DLL
0x00007ff96f3b0000 - 0x00007ff96f3b9000 	C:\Windows\SYSTEM32\WSOCK32.dll
0x00007ff959f50000 - 0x00007ff959f77000 	C:\Windows\SYSTEM32\WINMM.dll
0x00007ff9774b0000 - 0x00007ff97751b000 	C:\Windows\System32\WS2_32.dll
0x00007ff973660000 - 0x00007ff97366a000 	C:\Windows\SYSTEM32\VERSION.dll
0x00007ff973bf0000 - 0x00007ff973c02000 	C:\Windows\SYSTEM32\kernel.appcore.dll
0x00007ff9717b0000 - 0x00007ff9717c1000 	C:\Program Files\Android\Android Studio1\jre\bin\verify.dll
0x00007ff9636b0000 - 0x00007ff963894000 	C:\Windows\SYSTEM32\DBGHELP.DLL
0x00007ff963c10000 - 0x00007ff963c3c000 	C:\Windows\SYSTEM32\dbgcore.DLL
0x00007ff976230000 - 0x00007ff9762b0000 	C:\Windows\System32\bcryptPrimitives.dll
0x00007ff971780000 - 0x00007ff9717a9000 	C:\Program Files\Android\Android Studio1\jre\bin\java.dll
0x00007ff973710000 - 0x00007ff97371b000 	C:\Program Files\Android\Android Studio1\jre\bin\jimage.dll
0x00007ff96e8e0000 - 0x00007ff96e8f8000 	C:\Program Files\Android\Android Studio1\jre\bin\zip.dll
0x00007ff9767d0000 - 0x00007ff976f12000 	C:\Windows\System32\SHELL32.dll
0x00007ff973da0000 - 0x00007ff974530000 	C:\Windows\SYSTEM32\windows.storage.dll
0x00007ff978170000 - 0x00007ff9784c5000 	C:\Windows\System32\combase.dll
0x00007ff9756c0000 - 0x00007ff9756ec000 	C:\Windows\SYSTEM32\Wldp.dll
0x00007ff977d40000 - 0x00007ff977dee000 	C:\Windows\System32\SHCORE.dll
0x00007ff977450000 - 0x00007ff9774a5000 	C:\Windows\System32\shlwapi.dll
0x00007ff975b90000 - 0x00007ff975baf000 	C:\Windows\SYSTEM32\profapi.dll
0x00007ff96e8c0000 - 0x00007ff96e8da000 	C:\Program Files\Android\Android Studio1\jre\bin\net.dll
0x00007ff969530000 - 0x00007ff96963b000 	C:\Windows\SYSTEM32\WINHTTP.dll
0x00007ff975430000 - 0x00007ff97549a000 	C:\Windows\system32\mswsock.dll
0x00007ff96e6c0000 - 0x00007ff96e6d4000 	C:\Program Files\Android\Android Studio1\jre\bin\nio.dll
0x00007ff92f030000 - 0x00007ff92f057000 	C:\Users\raja\.gradle\native\f6784746aeab05261644944871eae4fe03e0ef1612fff0a4a95f87b438bc6780\windows-amd64\native-platform.dll
0x00007ff9733e0000 - 0x00007ff9733ea000 	C:\Program Files\Android\Android Studio1\jre\bin\management.dll
0x00007ff96e890000 - 0x00007ff96e89c000 	C:\Program Files\Android\Android Studio1\jre\bin\management_ext.dll
0x00007ff975610000 - 0x00007ff975628000 	C:\Windows\SYSTEM32\CRYPTSP.dll
0x00007ff974d60000 - 0x00007ff974d94000 	C:\Windows\system32\rsaenh.dll
0x00007ff9764f0000 - 0x00007ff976517000 	C:\Windows\System32\bcrypt.dll
0x00007ff975b10000 - 0x00007ff975b3e000 	C:\Windows\SYSTEM32\USERENV.dll
0x00007ff975600000 - 0x00007ff97560c000 	C:\Windows\SYSTEM32\CRYPTBASE.dll
0x00007ff9750d0000 - 0x00007ff97510b000 	C:\Windows\SYSTEM32\IPHLPAPI.DLL
0x00007ff9778c0000 - 0x00007ff9778c8000 	C:\Windows\System32\NSI.dll
0x00007ff96a7a0000 - 0x00007ff96a7b7000 	C:\Windows\SYSTEM32\dhcpcsvc6.DLL
0x00007ff96cb30000 - 0x00007ff96cb4d000 	C:\Windows\SYSTEM32\dhcpcsvc.DLL
0x00007ff975120000 - 0x00007ff9751ec000 	C:\Windows\SYSTEM32\DNSAPI.dll
0x00007ff96d130000 - 0x00007ff96d13b000 	C:\Windows\SYSTEM32\WINNSI.DLL

dbghelp: loaded successfully - version: 4.0.5 - missing functions: none
symbol engine: initialized successfully - sym options: 0x614 - pdb path: .;C:\Program Files\Android\Android Studio1\jre\bin;C:\Windows\SYSTEM32;C:\Windows\WinSxS\amd64_microsoft.windows.common-controls_6595b64144ccf1df_6.0.19041.844_none_ca00b6081b84eb1d;C:\Program Files\Android\Android Studio1\jre\bin\server;C:\Users\raja\.gradle\native\f6784746aeab05261644944871eae4fe03e0ef1612fff0a4a95f87b438bc6780\windows-amd64

VM Arguments:
jvm_args: --add-opens=java.base/java.util=ALL-UNNAMED --add-opens=java.base/java.lang=ALL-UNNAMED --add-opens=java.base/java.lang.invoke=ALL-UNNAMED --add-opens=java.prefs/java.util.prefs=ALL-UNNAMED -Xmx1536m -Dfile.encoding=windows-1252 -Duser.country=US -Duser.language=en -Duser.variant 
java_command: org.gradle.launcher.daemon.bootstrap.GradleDaemon 6.5
java_class_path (initial): C:\Users\raja\.gradle\wrapper\dists\gradle-6.5-all\2oz4ud9k3tuxjg84bbf55q0tn\gradle-6.5\lib\gradle-launcher-6.5.jar
Launcher Type: SUN_STANDARD

[Global flags]
     intx CICompilerCount                          = 3                                         {product} {ergonomic}
     uint ConcGCThreads                            = 1                                         {product} {ergonomic}
     uint G1ConcRefinementThreads                  = 4                                         {product} {ergonomic}
   size_t G1HeapRegionSize                         = 1048576                                   {product} {ergonomic}
    uintx GCDrainStackTargetSize                   = 64                                        {product} {ergonomic}
   size_t InitialHeapSize                          = 268435456                                 {product} {ergonomic}
   size_t MarkStackSize                            = 4194304                                   {product} {ergonomic}
   size_t MaxHeapSize                              = 1610612736                                {product} {command line}
   size_t MaxNewSize                               = 965738496                                 {product} {ergonomic}
   size_t MinHeapDeltaBytes                        = 1048576                                   {product} {ergonomic}
    uintx NonNMethodCodeHeapSize                   = 5830732                                {pd product} {ergonomic}
    uintx NonProfiledCodeHeapSize                  = 122913754                              {pd product} {ergonomic}
    uintx ProfiledCodeHeapSize                     = 122913754                              {pd product} {ergonomic}
    uintx ReservedCodeCacheSize                    = 251658240                              {pd product} {ergonomic}
     bool SegmentedCodeCache                       = true                                      {product} {ergonomic}
     bool UseCompressedClassPointers               = true                                 {lp64_product} {ergonomic}
     bool UseCompressedOops                        = true                                 {lp64_product} {ergonomic}
     bool UseG1GC                                  = true                                      {product} {ergonomic}
     bool UseLargePagesIndividualAllocation        = false                                  {pd product} {ergonomic}

Logging:
Log output configuration:
 #0: stdout all=warning uptime,level,tags
 #1: stderr all=off uptime,level,tags

Environment Variables:
PATH=C:\Windows\system32;C:\Windows;C:\Windows\System32\Wbem;C:\Windows\System32\WindowsPowerShell\v1.0\;C:\Windows\System32\OpenSSH\;C:\Program Files\Microsoft SQL Server\Client SDK\ODBC\170\Tools\Binn\;C:\Program Files (x86)\Microsoft SQL Server\150\Tools\Binn\;C:\Program Files\Microsoft SQL Server\150\Tools\Binn\;C:\Program Files\Microsoft SQL Server\150\DTS\Binn\;C:\Program Files (x86)\Microsoft SQL Server\150\DTS\Binn\;C:\Program Files\Azure Data Studio\bin;C:\Program Files\Microsoft SQL Server\130\Tools\Binn\;C:\Program Files\Git\cmd;C:\Program Files (x86)\GitExtensions\;C:\Program Files (x86)\nodejs\;C:\ProgramData\chocolatey\bin;C:\Program Files\dotnet\;C:\Users\raja\AppData\Local\Microsoft\WindowsApps;C:\Users\raja\AppData\Local\Programs\Microsoft VS Code\bin;C:\Program Files\Azure Data Studio\bin;C:\Users\raja\AppData\Roaming\npm;C:\Users\raja\.dotnet\tools
USERNAME=raja
OS=Windows_NT
PROCESSOR_IDENTIFIER=Intel64 Family 6 Model 60 Stepping 3, GenuineIntel



---------------  S Y S T E M  ---------------

OS: Windows 10 , 64 bit Build 19041 (10.0.19041.928)
OS uptime: 0 days 1:48 hours

CPU:total 4 (initial active 4) (2 cores per cpu, 2 threads per core) family 6 model 60 stepping 3, cmov, cx8, fxsr, mmx, sse, sse2, sse3, ssse3, sse4.1, sse4.2, popcnt, avx, avx2, aes, clmul, erms, lzcnt, ht, tsc, tscinvbit, bmi1, bmi2, fma

Memory: 4k page, system-wide physical 16281M (1827M free)
TotalPageFile size 41281M (AvailPageFile size 35M)
current process WorkingSet (physical memory assigned to process): 281M, peak: 300M
current process commit charge ("private bytes"): 441M, peak: 474M

vm_info: OpenJDK 64-Bit Server VM (11.0.8+10-b944.6842174) for windows-amd64 JRE (11.0.8+10-b944.6842174), built on Sep 19 2020 01:11:42 by "builder" with MS VC++ 14.0 (VS2015)

END.
